2018-02-15 18:52:56,581 INFO (AuthorPageProcessor.java:94)- 《干掉第一继续当老二开后宫》在书表中删除失败
2018-02-15 18:52:56,586 INFO (AuthorPageProcessor.java:94)- 《我的世界因為有了他而亮了起來》在书表中删除失败
2018-02-15 18:52:56,588 INFO (AuthorPageProcessor.java:94)- 《星光所指之处》在书表中删除失败
2018-02-15 18:52:56,596 INFO (AuthorPageProcessor.java:100)- 《我的妹妹很单纯》在作者表中删除成功
2018-02-15 18:52:56,616 INFO (AuthorPageProcessor.java:100)- 《游戏世界存活不能靠武力》在作者表中删除成功
2018-02-15 18:52:56,619 INFO (AuthorPageProcessor.java:100)- 《我只不过是一家俱乐部的老板而已》在作者表中删除成功
2018-02-15 18:52:56,627 INFO (AuthorPageProcessor.java:94)- 《剑神的助妹之路》在书表中删除失败
2018-02-15 18:52:56,651 INFO (AuthorPageProcessor.java:100)- 《我的世界因為有了他而亮了起來》在作者表中删除成功
2018-02-15 18:52:56,654 INFO (AuthorPageProcessor.java:100)- 《干掉第一继续当老二开后宫》在作者表中删除成功
2018-02-15 18:52:56,654 INFO (AuthorPageProcessor.java:100)- 《星光所指之处》在作者表中删除成功
2018-02-15 18:52:56,689 INFO (AuthorPageProcessor.java:100)- 《剑神的助妹之路》在作者表中删除成功
2018-02-15 18:52:56,731 INFO (AuthorPageProcessor.java:94)- 《恶魔校草的亲亲宝贝》在书表中删除失败
2018-02-15 18:52:56,743 INFO (AuthorPageProcessor.java:94)- 《亲爱的哥哥》在书表中删除失败
2018-02-15 18:52:56,761 INFO (AuthorPageProcessor.java:94)- 《我s猛汉》在书表中删除失败
2018-02-15 18:52:56,786 INFO (AuthorPageProcessor.java:94)- 《守墓人》在书表中删除失败
2018-02-15 18:52:56,792 INFO (AuthorPageProcessor.java:100)- 《恶魔校草的亲亲宝贝》在作者表中删除成功
2018-02-15 18:52:56,805 INFO (AuthorPageProcessor.java:100)- 《亲爱的哥哥》在作者表中删除成功
2018-02-15 18:52:56,822 INFO (AuthorPageProcessor.java:100)- 《我s猛汉》在作者表中删除成功
2018-02-15 18:52:56,848 INFO (AuthorPageProcessor.java:94)- 《我的可爱妹妹居然能变成大姐姐》在书表中删除失败
2018-02-15 18:52:56,850 INFO (AuthorPageProcessor.java:100)- 《守墓人》在作者表中删除成功
2018-02-15 18:52:56,909 INFO (AuthorPageProcessor.java:94)- 《干物妹驾到》在书表中删除失败
2018-02-15 18:52:56,909 INFO (AuthorPageProcessor.java:94)- 《我的房客是》在书表中删除失败
2018-02-15 18:52:56,909 INFO (AuthorPageProcessor.java:100)- 《我的可爱妹妹居然能变成大姐姐》在作者表中删除成功
2018-02-15 18:52:56,933 INFO (AuthorPageProcessor.java:94)- 《绅士的异世界悠哉生活》在书表中删除失败
2018-02-15 18:52:56,979 INFO (AuthorPageProcessor.java:100)- 《干物妹驾到》在作者表中删除成功
2018-02-15 18:52:56,979 INFO (AuthorPageProcessor.java:100)- 《我的房客是》在作者表中删除成功
2018-02-15 18:52:56,983 INFO (AuthorPageProcessor.java:94)- 《从死亡到死亡》在书表中删除失败
2018-02-15 18:52:56,983 INFO (AuthorPageProcessor.java:94)- 《我不是坏人》在书表中删除失败
2018-02-15 18:52:57,009 INFO (AuthorPageProcessor.java:94)- 《思维构筑的幻想世界》在书表中删除失败
2018-02-15 18:52:57,010 INFO (AuthorPageProcessor.java:100)- 《绅士的异世界悠哉生活》在作者表中删除成功
2018-02-15 18:52:57,023 INFO (AuthorPageProcessor.java:94)- 《我在异世界捡垃圾》在书表中删除失败
2018-02-15 18:52:57,046 INFO (AuthorPageProcessor.java:100)- 《我不是坏人》在作者表中删除成功
2018-02-15 18:52:57,047 INFO (AuthorPageProcessor.java:100)- 《从死亡到死亡》在作者表中删除成功
2018-02-15 18:52:57,061 INFO (AuthorPageProcessor.java:94)- 《我与青梅竹马的死亡恋爱教室》在书表中删除失败
2018-02-15 18:52:57,069 INFO (AuthorPageProcessor.java:100)- 《思维构筑的幻想世界》在作者表中删除成功
2018-02-15 18:52:57,085 INFO (AuthorPageProcessor.java:94)- 《保存》在书表中删除失败
2018-02-15 18:52:57,086 INFO (AuthorPageProcessor.java:100)- 《我在异世界捡垃圾》在作者表中删除成功
2018-02-15 18:52:57,097 INFO (AuthorPageProcessor.java:94)- 《猪脚不是我之转生》在书表中删除失败
2018-02-15 18:52:57,113 INFO (AuthorPageProcessor.java:94)- 《刀剑轮回魂心》在书表中删除失败
2018-02-15 18:52:57,124 INFO (AuthorPageProcessor.java:100)- 《我与青梅竹马的死亡恋爱教室》在作者表中删除成功
2018-02-15 18:52:57,127 INFO (AuthorPageProcessor.java:94)- 《邪王宠妃》在书表中删除失败
2018-02-15 18:52:57,147 INFO (AuthorPageProcessor.java:100)- 《保存》在作者表中删除成功
2018-02-15 18:52:57,157 INFO (AuthorPageProcessor.java:100)- 《猪脚不是我之转生》在作者表中删除成功
2018-02-15 18:52:57,163 INFO (AuthorPageProcessor.java:94)- 《这个客栈有点毒》在书表中删除失败
2018-02-15 18:52:57,173 INFO (AuthorPageProcessor.java:100)- 《刀剑轮回魂心》在作者表中删除成功
2018-02-15 18:52:57,185 INFO (AuthorPageProcessor.java:94)- 《失格者的创造物语》在书表中删除失败
2018-02-15 18:52:57,189 INFO (AuthorPageProcessor.java:100)- 《邪王宠妃》在作者表中删除成功
2018-02-15 18:52:57,223 INFO (AuthorPageProcessor.java:100)- 《这个客栈有点毒》在作者表中删除成功
2018-02-15 18:52:57,247 INFO (AuthorPageProcessor.java:100)- 《失格者的创造物语》在作者表中删除成功
2018-02-15 18:52:57,350 INFO (AuthorPageProcessor.java:94)- 《请跟潘达kiss》在书表中删除失败
2018-02-15 18:52:57,360 INFO (AuthorPageProcessor.java:94)- 《魔兽哪里跑》在书表中删除失败
2018-02-15 18:52:57,396 INFO (AuthorPageProcessor.java:94)- 《位于地狱的边境》在书表中删除失败
2018-02-15 18:52:57,403 INFO (AuthorPageProcessor.java:94)- 《破碎的禁锢》在书表中删除失败
2018-02-15 18:52:57,410 INFO (AuthorPageProcessor.java:100)- 《请跟潘达kiss》在作者表中删除成功
2018-02-15 18:52:57,439 INFO (AuthorPageProcessor.java:100)- 《魔兽哪里跑》在作者表中删除成功
2018-02-15 18:52:57,455 INFO (AuthorPageProcessor.java:94)- 《我成功穿越成柴废来收后宫》在书表中删除失败
2018-02-15 18:52:57,461 INFO (AuthorPageProcessor.java:94)- 《看别人开后宫是什么感觉》在书表中删除失败
2018-02-15 18:52:57,465 INFO (AuthorPageProcessor.java:100)- 《位于地狱的边境》在作者表中删除成功
2018-02-15 18:52:57,466 INFO (AuthorPageProcessor.java:100)- 《破碎的禁锢》在作者表中删除成功
2018-02-15 18:52:57,474 INFO (AuthorPageProcessor.java:94)- 《末世驭灵师》在书表中删除失败
2018-02-15 18:52:57,485 INFO (AuthorPageProcessor.java:94)- 《胖次契约者》在书表中删除失败
2018-02-15 18:52:57,510 INFO (AuthorPageProcessor.java:94)- 《听说当王者很吃香》在书表中删除失败
2018-02-15 18:52:57,510 INFO (AuthorPageProcessor.java:94)- 《澪的异世界之旅》在书表中删除失败
2018-02-15 18:52:57,516 INFO (AuthorPageProcessor.java:100)- 《我成功穿越成柴废来收后宫》在作者表中删除成功
2018-02-15 18:52:57,518 INFO (AuthorPageProcessor.java:94)- 《就算如此我还是想成为英雄》在书表中删除失败
2018-02-15 18:52:57,522 INFO (AuthorPageProcessor.java:100)- 《看别人开后宫是什么感觉》在作者表中删除成功
2018-02-15 18:52:57,534 INFO (AuthorPageProcessor.java:100)- 《末世驭灵师》在作者表中删除成功
2018-02-15 18:52:57,543 INFO (AuthorPageProcessor.java:100)- 《胖次契约者》在作者表中删除成功
2018-02-15 18:52:57,560 INFO (AuthorPageProcessor.java:94)- 《懒散魔王征服路》在书表中删除失败
2018-02-15 18:52:57,564 INFO (AuthorPageProcessor.java:94)- 《金钱掠夺系统》在书表中删除失败
2018-02-15 18:52:57,565 INFO (AuthorPageProcessor.java:94)- 《身为剑的我怎能不开后宫》在书表中删除失败
2018-02-15 18:52:57,575 INFO (AuthorPageProcessor.java:100)- 《澪的异世界之旅》在作者表中删除成功
2018-02-15 18:52:57,580 INFO (AuthorPageProcessor.java:100)- 《听说当王者很吃香》在作者表中删除成功
2018-02-15 18:52:57,580 INFO (AuthorPageProcessor.java:100)- 《就算如此我还是想成为英雄》在作者表中删除成功
2018-02-15 18:52:57,624 INFO (AuthorPageProcessor.java:100)- 《懒散魔王征服路》在作者表中删除成功
2018-02-15 18:52:57,627 INFO (AuthorPageProcessor.java:100)- 《金钱掠夺系统》在作者表中删除成功
2018-02-15 18:52:57,627 INFO (AuthorPageProcessor.java:100)- 《身为剑的我怎能不开后宫》在作者表中删除成功
2018-02-15 18:52:57,774 INFO (AuthorPageProcessor.java:94)- 《谦饶我心》在书表中删除失败
2018-02-15 18:52:57,775 INFO (AuthorPageProcessor.java:94)- 《急速之舞》在书表中删除失败
2018-02-15 18:52:57,802 INFO (AuthorPageProcessor.java:94)- 《萝莉的乱入日常》在书表中删除失败
2018-02-15 18:52:57,803 INFO (AuthorPageProcessor.java:94)- 《苍蓝色的天空》在书表中删除失败
2018-02-15 18:52:57,821 INFO (AuthorPageProcessor.java:94)- 《我的恋爱物语没毛病老铁》在书表中删除失败
2018-02-15 18:52:57,828 INFO (AuthorPageProcessor.java:94)- 《犹大的背叛》在书表中删除失败
2018-02-15 18:52:57,839 INFO (AuthorPageProcessor.java:100)- 《谦饶我心》在作者表中删除成功
2018-02-15 18:52:57,839 INFO (AuthorPageProcessor.java:100)- 《急速之舞》在作者表中删除成功
2018-02-15 18:52:57,844 INFO (AuthorPageProcessor.java:94)- 《网游人生》在书表中删除失败
2018-02-15 18:52:57,844 INFO (AuthorPageProcessor.java:94)- 《无月的啄木鸟》在书表中删除失败
2018-02-15 18:52:57,881 INFO (AuthorPageProcessor.java:100)- 《萝莉的乱入日常》在作者表中删除成功
2018-02-15 18:52:57,889 INFO (AuthorPageProcessor.java:100)- 《犹大的背叛》在作者表中删除成功
2018-02-15 18:52:57,889 INFO (AuthorPageProcessor.java:100)- 《我的恋爱物语没毛病老铁》在作者表中删除成功
2018-02-15 18:52:57,889 INFO (AuthorPageProcessor.java:100)- 《苍蓝色的天空》在作者表中删除成功
2018-02-15 18:52:57,892 INFO (AuthorPageProcessor.java:94)- 《轮回领域》在书表中删除失败
2018-02-15 18:52:57,899 INFO (AuthorPageProcessor.java:94)- 《我是异世界的屠龙妹》在书表中删除失败
2018-02-15 18:52:57,903 INFO (AuthorPageProcessor.java:94)- 《绽放瞬间》在书表中删除失败
2018-02-15 18:52:57,909 INFO (AuthorPageProcessor.java:100)- 《网游人生》在作者表中删除成功
2018-02-15 18:52:57,909 INFO (AuthorPageProcessor.java:100)- 《无月的啄木鸟》在作者表中删除成功
2018-02-15 18:52:57,933 INFO (AuthorPageProcessor.java:94)- 《前勇者的魔界旅程》在书表中删除失败
2018-02-15 18:52:57,952 INFO (AuthorPageProcessor.java:94)- 《英雄的女王》在书表中删除失败
2018-02-15 18:52:57,954 INFO (AuthorPageProcessor.java:100)- 《轮回领域》在作者表中删除成功
2018-02-15 18:52:57,961 INFO (AuthorPageProcessor.java:94)- 《我存在是为了这世界所有美好而在》在书表中删除失败
2018-02-15 18:52:57,966 INFO (AuthorPageProcessor.java:100)- 《我是异世界的屠龙妹》在作者表中删除成功
2018-02-15 18:52:57,967 INFO (AuthorPageProcessor.java:94)- 《我存在是為了這世界所有美好而在》在书表中删除失败
2018-02-15 18:52:57,967 INFO (AuthorPageProcessor.java:100)- 《绽放瞬间》在作者表中删除成功
2018-02-15 18:52:58,010 INFO (AuthorPageProcessor.java:100)- 《前勇者的魔界旅程》在作者表中删除成功
2018-02-15 18:52:58,018 INFO (AuthorPageProcessor.java:100)- 《英雄的女王》在作者表中删除成功
2018-02-15 18:52:58,024 INFO (AuthorPageProcessor.java:100)- 《我存在是为了这世界所有美好而在》在作者表中删除成功
2018-02-15 18:52:58,027 INFO (AuthorPageProcessor.java:100)- 《我存在是為了這世界所有美好而在》在作者表中删除成功
2018-02-15 18:52:58,269 INFO (AuthorPageProcessor.java:94)- 《山木同华》在书表中删除失败
2018-02-15 18:52:58,270 INFO (AuthorPageProcessor.java:94)- 《恶魔魂师》在书表中删除失败
2018-02-15 18:52:58,281 INFO (AuthorPageProcessor.java:94)- 《万物魔鉴篇》在书表中删除失败
2018-02-15 18:52:58,287 INFO (AuthorPageProcessor.java:94)- 《道古》在书表中删除失败
2018-02-15 18:52:58,290 INFO (AuthorPageProcessor.java:94)- 《救赎TheDreamOfGod》在书表中删除失败
2018-02-15 18:52:58,344 INFO (AuthorPageProcessor.java:100)- 《山木同华》在作者表中删除成功
2018-02-15 18:52:58,344 INFO (AuthorPageProcessor.java:100)- 《恶魔魂师》在作者表中删除成功
2018-02-15 18:52:58,345 INFO (AuthorPageProcessor.java:94)- 《龙裔召唤大师异界见闻录》在书表中删除失败
2018-02-15 18:52:58,346 INFO (AuthorPageProcessor.java:100)- 《万物魔鉴篇》在作者表中删除成功
2018-02-15 18:52:58,349 INFO (AuthorPageProcessor.java:94)- 《关于我和妹妹同居的事》在书表中删除失败
2018-02-15 18:52:58,357 INFO (AuthorPageProcessor.java:100)- 《道古》在作者表中删除成功
2018-02-15 18:52:58,358 INFO (AuthorPageProcessor.java:100)- 《救赎TheDreamOfGod》在作者表中删除成功
2018-02-15 18:52:58,363 INFO (AuthorPageProcessor.java:94)- 《開始我們的Date吧》在书表中删除失败
2018-02-15 18:52:58,369 INFO (AuthorPageProcessor.java:94)- 《NewType》在书表中删除失败
2018-02-15 18:52:58,374 INFO (AuthorPageProcessor.java:94)- 《日渐崩溃Z市奇谈devils》在书表中删除失败
2018-02-15 18:52:58,379 INFO (AuthorPageProcessor.java:94)- 《你与我》在书表中删除失败
2018-02-15 18:52:58,384 INFO (AuthorPageProcessor.java:94)- 《红警之末日生存》在书表中删除失败
2018-02-15 18:52:58,393 INFO (AuthorPageProcessor.java:94)- 《能力者灾祸的开端》在书表中删除失败
2018-02-15 18:52:58,408 INFO (AuthorPageProcessor.java:100)- 《龙裔召唤大师异界见闻录》在作者表中删除成功
2018-02-15 18:52:58,411 INFO (AuthorPageProcessor.java:100)- 《关于我和妹妹同居的事》在作者表中删除成功
2018-02-15 18:52:58,424 INFO (AuthorPageProcessor.java:100)- 《開始我們的Date吧》在作者表中删除成功
2018-02-15 18:52:58,431 INFO (AuthorPageProcessor.java:100)- 《NewType》在作者表中删除成功
2018-02-15 18:52:58,437 INFO (AuthorPageProcessor.java:100)- 《日渐崩溃Z市奇谈devils》在作者表中删除成功
2018-02-15 18:52:58,441 INFO (AuthorPageProcessor.java:100)- 《你与我》在作者表中删除成功
2018-02-15 18:52:58,443 INFO (AuthorPageProcessor.java:100)- 《红警之末日生存》在作者表中删除成功
2018-02-15 18:52:58,453 INFO (AuthorPageProcessor.java:100)- 《能力者灾祸的开端》在作者表中删除成功
2018-02-15 18:52:58,577 INFO (AuthorPageProcessor.java:94)- 《二代启示录之麟行天下》在书表中删除失败
2018-02-15 18:52:58,638 INFO (AuthorPageProcessor.java:100)- 《二代启示录之麟行天下》在作者表中删除成功
2018-02-15 18:52:58,649 INFO (AuthorPageProcessor.java:94)- 《大小姐的替身》在书表中删除失败
2018-02-15 18:52:58,652 INFO (AuthorPageProcessor.java:94)- 《来自超电磁炮的救赎》在书表中删除失败
2018-02-15 18:52:58,674 INFO (AuthorPageProcessor.java:94)- 《吾之异能性转》在书表中删除失败
2018-02-15 18:52:58,680 INFO (AuthorPageProcessor.java:94)- 《逃婚王妃》在书表中删除失败
2018-02-15 18:52:58,680 INFO (AuthorPageProcessor.java:94)- 《菜鸡魔王成长史》在书表中删除失败
2018-02-15 18:52:58,713 INFO (AuthorPageProcessor.java:100)- 《大小姐的替身》在作者表中删除成功
2018-02-15 18:52:58,713 INFO (AuthorPageProcessor.java:100)- 《来自超电磁炮的救赎》在作者表中删除成功
2018-02-15 18:52:58,737 INFO (AuthorPageProcessor.java:100)- 《吾之异能性转》在作者表中删除成功
2018-02-15 18:52:58,747 INFO (AuthorPageProcessor.java:94)- 《用心看世界》在书表中删除失败
2018-02-15 18:52:58,751 INFO (AuthorPageProcessor.java:100)- 《菜鸡魔王成长史》在作者表中删除成功
2018-02-15 18:52:58,751 INFO (AuthorPageProcessor.java:100)- 《逃婚王妃》在作者表中删除成功
2018-02-15 18:52:58,759 INFO (AuthorPageProcessor.java:94)- 《万难》在书表中删除失败
2018-02-15 18:52:58,759 INFO (AuthorPageProcessor.java:94)- 《美好的世界有美好的你》在书表中删除失败
2018-02-15 18:52:58,766 INFO (AuthorPageProcessor.java:94)- 《八重凛的幻想世界》在书表中删除失败
2018-02-15 18:52:58,771 INFO (AuthorPageProcessor.java:94)- 《树精的自我修养》在书表中删除失败
2018-02-15 18:52:58,776 INFO (AuthorPageProcessor.java:94)- 《开玩笑的吧》在书表中删除失败
2018-02-15 18:52:58,779 INFO (AuthorPageProcessor.java:94)- 《兄战懒羊争锋》在书表中删除失败
2018-02-15 18:52:58,830 INFO (AuthorPageProcessor.java:100)- 《用心看世界》在作者表中删除成功
2018-02-15 18:52:58,831 INFO (AuthorPageProcessor.java:100)- 《八重凛的幻想世界》在作者表中删除成功
2018-02-15 18:52:58,831 INFO (AuthorPageProcessor.java:100)- 《万难》在作者表中删除成功
2018-02-15 18:52:58,831 INFO (AuthorPageProcessor.java:100)- 《美好的世界有美好的你》在作者表中删除成功
2018-02-15 18:52:58,832 INFO (AuthorPageProcessor.java:100)- 《树精的自我修养》在作者表中删除成功
2018-02-15 18:52:58,839 INFO (AuthorPageProcessor.java:100)- 《开玩笑的吧》在作者表中删除成功
2018-02-15 18:52:58,839 INFO (AuthorPageProcessor.java:100)- 《兄战懒羊争锋》在作者表中删除成功
2018-02-15 18:52:58,957 INFO (AuthorPageProcessor.java:94)- 《双生桃花》在书表中删除失败
2018-02-15 18:52:58,958 INFO (AuthorPageProcessor.java:94)- 《与一群男孩子快乐生活》在书表中删除失败
2018-02-15 18:52:59,021 INFO (AuthorPageProcessor.java:94)- 《菠蘿小說家的我進行了奇幻的旅行》在书表中删除失败
2018-02-15 18:52:59,025 INFO (AuthorPageProcessor.java:100)- 《双生桃花》在作者表中删除成功
2018-02-15 18:52:59,032 INFO (AuthorPageProcessor.java:94)- 《咸鱼翻了身也是一条咸鱼》在书表中删除失败
2018-02-15 18:52:59,032 INFO (AuthorPageProcessor.java:100)- 《与一群男孩子快乐生活》在作者表中删除成功
2018-02-15 18:52:59,044 INFO (AuthorPageProcessor.java:94)- 《阿特利亚战记》在书表中删除失败
2018-02-15 18:52:59,063 INFO (AuthorPageProcessor.java:94)- 《想不到题目的我用无题代替》在书表中删除失败
2018-02-15 18:52:59,077 INFO (AuthorPageProcessor.java:94)- 《梦之代言人》在书表中删除失败
2018-02-15 18:52:59,082 INFO (AuthorPageProcessor.java:100)- 《菠蘿小說家的我進行了奇幻的旅行》在作者表中删除成功
2018-02-15 18:52:59,097 INFO (AuthorPageProcessor.java:100)- 《咸鱼翻了身也是一条咸鱼》在作者表中删除成功
2018-02-15 18:52:59,098 INFO (AuthorPageProcessor.java:94)- 《小骷髅成长记》在书表中删除失败
2018-02-15 18:52:59,105 INFO (AuthorPageProcessor.java:100)- 《阿特利亚战记》在作者表中删除成功
2018-02-15 18:52:59,124 INFO (AuthorPageProcessor.java:100)- 《想不到题目的我用无题代替》在作者表中删除成功
2018-02-15 18:52:59,142 INFO (AuthorPageProcessor.java:100)- 《梦之代言人》在作者表中删除成功
2018-02-15 18:52:59,146 INFO (AuthorPageProcessor.java:94)- 《被坑入宅的傲娇妹妹》在书表中删除失败
2018-02-15 18:52:59,151 INFO (AuthorPageProcessor.java:94)- 《梦彼》在书表中删除失败
2018-02-15 18:52:59,160 INFO (AuthorPageProcessor.java:94)- 《青衫仗剑》在书表中删除失败
2018-02-15 18:52:59,164 INFO (AuthorPageProcessor.java:100)- 《小骷髅成长记》在作者表中删除成功
2018-02-15 18:52:59,167 INFO (AuthorPageProcessor.java:94)- 《弹丸论破0孤独的绝望学园》在书表中删除失败
2018-02-15 18:52:59,173 INFO (AuthorPageProcessor.java:94)- 《伊甸院》在书表中删除失败
2018-02-15 18:52:59,176 INFO (AuthorPageProcessor.java:94)- 《魔幻国防军》在书表中删除失败
2018-02-15 18:52:59,206 INFO (AuthorPageProcessor.java:100)- 《被坑入宅的傲娇妹妹》在作者表中删除成功
2018-02-15 18:52:59,211 INFO (AuthorPageProcessor.java:100)- 《梦彼》在作者表中删除成功
2018-02-15 18:52:59,228 INFO (AuthorPageProcessor.java:100)- 《青衫仗剑》在作者表中删除成功
2018-02-15 18:52:59,229 INFO (AuthorPageProcessor.java:100)- 《弹丸论破0孤独的绝望学园》在作者表中删除成功
2018-02-15 18:52:59,237 INFO (AuthorPageProcessor.java:100)- 《伊甸院》在作者表中删除成功
2018-02-15 18:52:59,238 INFO (AuthorPageProcessor.java:100)- 《魔幻国防军》在作者表中删除成功
2018-02-15 18:52:59,351 INFO (AuthorPageProcessor.java:94)- 《海语》在书表中删除失败
2018-02-15 18:52:59,356 INFO (AuthorPageProcessor.java:94)- 《短篇集那些人》在书表中删除失败
2018-02-15 18:52:59,416 INFO (AuthorPageProcessor.java:100)- 《海语》在作者表中删除成功
2018-02-15 18:52:59,446 INFO (AuthorPageProcessor.java:100)- 《短篇集那些人》在作者表中删除成功
2018-02-15 18:52:59,447 INFO (AuthorPageProcessor.java:94)- 《蚊子什么的真无敌丶虽然我就是》在书表中删除失败
2018-02-15 18:52:59,447 INFO (AuthorPageProcessor.java:94)- 《我没有人格分裂》在书表中删除失败
2018-02-15 18:52:59,447 INFO (AuthorPageProcessor.java:94)- 《刺客的慈悲》在书表中删除失败
2018-02-15 18:52:59,447 INFO (AuthorPageProcessor.java:94)- 《事往的往事by微篇小说集》在书表中删除失败
2018-02-15 18:52:59,461 INFO (AuthorPageProcessor.java:94)- 《无敌的我穿梭在各世界之中》在书表中删除失败
2018-02-15 18:52:59,524 INFO (AuthorPageProcessor.java:100)- 《蚊子什么的真无敌丶虽然我就是》在作者表中删除成功
2018-02-15 18:52:59,524 INFO (AuthorPageProcessor.java:100)- 《我没有人格分裂》在作者表中删除成功
2018-02-15 18:52:59,524 INFO (AuthorPageProcessor.java:100)- 《事往的往事by微篇小说集》在作者表中删除成功
2018-02-15 18:52:59,524 INFO (AuthorPageProcessor.java:100)- 《刺客的慈悲》在作者表中删除成功
2018-02-15 18:52:59,525 INFO (AuthorPageProcessor.java:94)- 《刀冢物语之清秽相抗》在书表中删除失败
2018-02-15 18:52:59,532 INFO (AuthorPageProcessor.java:100)- 《无敌的我穿梭在各世界之中》在作者表中删除成功
2018-02-15 18:52:59,535 INFO (AuthorPageProcessor.java:94)- 《我的系统》在书表中删除失败
2018-02-15 18:52:59,541 INFO (AuthorPageProcessor.java:94)- 《妖精之戀》在书表中删除失败
2018-02-15 18:52:59,542 INFO (AuthorPageProcessor.java:94)- 《游走在奉献的那一瞬间》在书表中删除失败
2018-02-15 18:52:59,570 INFO (AuthorPageProcessor.java:94)- 《幻世苍穹》在书表中删除失败
2018-02-15 18:52:59,574 INFO (AuthorPageProcessor.java:94)- 《FateSource》在书表中删除失败
2018-02-15 18:52:59,577 INFO (AuthorPageProcessor.java:94)- 《机动战士高达外史》在书表中删除失败
2018-02-15 18:52:59,585 INFO (AuthorPageProcessor.java:100)- 《刀冢物语之清秽相抗》在作者表中删除成功
2018-02-15 18:52:59,595 INFO (AuthorPageProcessor.java:100)- 《我的系统》在作者表中删除成功
2018-02-15 18:52:59,605 INFO (AuthorPageProcessor.java:100)- 《妖精之戀》在作者表中删除成功
2018-02-15 18:52:59,606 INFO (AuthorPageProcessor.java:100)- 《游走在奉献的那一瞬间》在作者表中删除成功
2018-02-15 18:52:59,634 INFO (AuthorPageProcessor.java:100)- 《幻世苍穹》在作者表中删除成功
2018-02-15 18:52:59,638 INFO (AuthorPageProcessor.java:100)- 《FateSource》在作者表中删除成功
2018-02-15 18:52:59,639 INFO (AuthorPageProcessor.java:100)- 《机动战士高达外史》在作者表中删除成功
2018-02-15 18:52:59,718 INFO (AuthorPageProcessor.java:94)- 《曦緹悠的冒險》在书表中删除失败
2018-02-15 18:52:59,751 INFO (AuthorPageProcessor.java:94)- 《贵为吸血鬼》在书表中删除失败
2018-02-15 18:52:59,778 INFO (AuthorPageProcessor.java:100)- 《曦緹悠的冒險》在作者表中删除成功
2018-02-15 18:52:59,826 INFO (AuthorPageProcessor.java:100)- 《贵为吸血鬼》在作者表中删除成功
2018-02-15 18:52:59,826 INFO (AuthorPageProcessor.java:94)- 《转折》在书表中删除失败
2018-02-15 18:52:59,850 INFO (AuthorPageProcessor.java:94)- 《我怎么真的只是士兵呀》在书表中删除失败
2018-02-15 18:52:59,851 INFO (AuthorPageProcessor.java:94)- 《我的哥哥是只不吃鱼的猫》在书表中删除失败
2018-02-15 18:52:59,852 INFO (AuthorPageProcessor.java:94)- 《妖猴传》在书表中删除失败
2018-02-15 18:52:59,856 INFO (AuthorPageProcessor.java:94)- 《穿越到异世界的我竟然变成了阁下》在书表中删除失败
2018-02-15 18:52:59,886 INFO (AuthorPageProcessor.java:94)- 《和妹妹的禁忌之爱到底有没有搞错》在书表中删除失败
2018-02-15 18:52:59,912 INFO (AuthorPageProcessor.java:100)- 《转折》在作者表中删除成功
2018-02-15 18:52:59,922 INFO (AuthorPageProcessor.java:100)- 《我怎么真的只是士兵呀》在作者表中删除成功
2018-02-15 18:52:59,927 INFO (AuthorPageProcessor.java:100)- 《我的哥哥是只不吃鱼的猫》在作者表中删除成功
2018-02-15 18:52:59,927 INFO (AuthorPageProcessor.java:100)- 《妖猴传》在作者表中删除成功
2018-02-15 18:52:59,927 INFO (AuthorPageProcessor.java:100)- 《穿越到异世界的我竟然变成了阁下》在作者表中删除成功
2018-02-15 18:52:59,930 INFO (AuthorPageProcessor.java:94)- 《异世界的掏耳朵工作》在书表中删除失败
2018-02-15 18:52:59,935 INFO (AuthorPageProcessor.java:94)- 《银龙叹息之时》在书表中删除失败
2018-02-15 18:52:59,939 INFO (AuthorPageProcessor.java:94)- 《扭曲空间》在书表中删除失败
2018-02-15 18:52:59,944 INFO (AuthorPageProcessor.java:94)- 《濒死的我与异世界》在书表中删除失败
2018-02-15 18:52:59,948 INFO (AuthorPageProcessor.java:100)- 《和妹妹的禁忌之爱到底有没有搞错》在作者表中删除成功
2018-02-15 18:52:59,969 INFO (AuthorPageProcessor.java:94)- 《作为改写者的我居然是最弱的神》在书表中删除失败
2018-02-15 18:52:59,976 INFO (AuthorPageProcessor.java:94)- 《养着废萌妹妹的我成了爱情欺诈师》在书表中删除失败
2018-02-15 18:52:59,977 INFO (AuthorPageProcessor.java:94)- 《无敌的IE与他的黑框眼镜》在书表中删除失败
2018-02-15 18:52:59,990 INFO (AuthorPageProcessor.java:100)- 《异世界的掏耳朵工作》在作者表中删除成功
2018-02-15 18:53:00,008 INFO (AuthorPageProcessor.java:100)- 《银龙叹息之时》在作者表中删除成功
2018-02-15 18:53:00,011 INFO (AuthorPageProcessor.java:100)- 《扭曲空间》在作者表中删除成功
2018-02-15 18:53:00,013 INFO (AuthorPageProcessor.java:100)- 《濒死的我与异世界》在作者表中删除成功
2018-02-15 18:53:00,030 INFO (AuthorPageProcessor.java:100)- 《作为改写者的我居然是最弱的神》在作者表中删除成功
2018-02-15 18:53:00,042 INFO (AuthorPageProcessor.java:100)- 《养着废萌妹妹的我成了爱情欺诈师》在作者表中删除成功
2018-02-15 18:53:00,043 INFO (AuthorPageProcessor.java:100)- 《无敌的IE与他的黑框眼镜》在作者表中删除成功
2018-02-15 18:53:00,129 INFO (AuthorPageProcessor.java:94)- 《拥抱黑夜的明月》在书表中删除失败
2018-02-15 18:53:00,190 INFO (AuthorPageProcessor.java:100)- 《拥抱黑夜的明月》在作者表中删除成功
2018-02-15 18:53:00,294 INFO (AuthorPageProcessor.java:94)- 《有奥特曼系统的我来到了异世界》在书表中删除失败
2018-02-15 18:53:00,296 INFO (AuthorPageProcessor.java:94)- 《穿越到异世界的我竟然变成了殿下》在书表中删除失败
2018-02-15 18:53:00,298 INFO (AuthorPageProcessor.java:94)- 《了不起的魔法师》在书表中删除失败
2018-02-15 18:53:00,318 INFO (AuthorPageProcessor.java:94)- 《黑猫变成少女才不奇怪呢》在书表中删除失败
2018-02-15 18:53:00,360 INFO (AuthorPageProcessor.java:100)- 《有奥特曼系统的我来到了异世界》在作者表中删除成功
2018-02-15 18:53:00,360 INFO (AuthorPageProcessor.java:100)- 《穿越到异世界的我竟然变成了殿下》在作者表中删除成功
2018-02-15 18:53:00,360 INFO (AuthorPageProcessor.java:100)- 《了不起的魔法师》在作者表中删除成功
2018-02-15 18:53:00,377 INFO (AuthorPageProcessor.java:100)- 《黑猫变成少女才不奇怪呢》在作者表中删除成功
2018-02-15 18:53:00,394 INFO (AuthorPageProcessor.java:94)- 《我的蛇精病高中》在书表中删除失败
2018-02-15 18:53:00,395 INFO (AuthorPageProcessor.java:94)- 《演神乱志》在书表中删除失败
2018-02-15 18:53:00,428 INFO (AuthorPageProcessor.java:94)- 《哥哥得了抑郁症》在书表中删除失败
2018-02-15 18:53:00,460 INFO (AuthorPageProcessor.java:100)- 《我的蛇精病高中》在作者表中删除成功
2018-02-15 18:53:00,460 INFO (AuthorPageProcessor.java:100)- 《演神乱志》在作者表中删除成功
2018-02-15 18:53:00,481 INFO (AuthorPageProcessor.java:94)- 《我与我的日常》在书表中删除失败
2018-02-15 18:53:00,489 INFO (AuthorPageProcessor.java:100)- 《哥哥得了抑郁症》在作者表中删除成功
2018-02-15 18:53:00,489 INFO (AuthorPageProcessor.java:94)- 《一起冒险的勇者居然是是AI妹子》在书表中删除失败
2018-02-15 18:53:00,528 INFO (AuthorPageProcessor.java:94)- 《输掉了决斗的我惩罚居然是》在书表中删除失败
2018-02-15 18:53:00,529 INFO (AuthorPageProcessor.java:94)- 《终末巫师的我和女巫的生活》在书表中删除失败
2018-02-15 18:53:00,533 INFO (AuthorPageProcessor.java:94)- 《东方宅真正的痛苦》在书表中删除失败
2018-02-15 18:53:00,544 INFO (AuthorPageProcessor.java:100)- 《我与我的日常》在作者表中删除成功
2018-02-15 18:53:00,554 INFO (AuthorPageProcessor.java:100)- 《一起冒险的勇者居然是是AI妹子》在作者表中删除成功
2018-02-15 18:53:00,592 INFO (AuthorPageProcessor.java:100)- 《输掉了决斗的我惩罚居然是》在作者表中删除成功
2018-02-15 18:53:00,595 INFO (AuthorPageProcessor.java:100)- 《东方宅真正的痛苦》在作者表中删除成功
2018-02-15 18:53:00,595 INFO (AuthorPageProcessor.java:100)- 《终末巫师的我和女巫的生活》在作者表中删除成功
2018-02-15 18:53:00,726 INFO (AuthorPageProcessor.java:94)- 《六校之争》在书表中删除失败
2018-02-15 18:53:00,729 INFO (AuthorPageProcessor.java:94)- 《CREATION》在书表中删除失败
2018-02-15 18:53:00,753 INFO (AuthorPageProcessor.java:94)- 《笨蛋情侣的浪漫告白》在书表中删除失败
2018-02-15 18:53:00,755 INFO (AuthorPageProcessor.java:94)- 《假如姐姐是女朋友》在书表中删除失败
2018-02-15 18:53:00,760 INFO (AuthorPageProcessor.java:94)- 《贪玩蓝月》在书表中删除失败
2018-02-15 18:53:00,767 INFO (AuthorPageProcessor.java:94)- 《喵神异世界》在书表中删除失败
2018-02-15 18:53:00,774 INFO (AuthorPageProcessor.java:94)- 《我是最强骑士》在书表中删除失败
2018-02-15 18:53:00,776 INFO (AuthorPageProcessor.java:94)- 《影之守护者》在书表中删除失败
2018-02-15 18:53:00,791 INFO (AuthorPageProcessor.java:100)- 《六校之争》在作者表中删除成功
2018-02-15 18:53:00,792 INFO (AuthorPageProcessor.java:100)- 《CREATION》在作者表中删除成功
2018-02-15 18:53:00,793 INFO (AuthorPageProcessor.java:94)- 《我只是一只名叫苍的小狼》在书表中删除失败
2018-02-15 18:53:00,822 INFO (AuthorPageProcessor.java:100)- 《笨蛋情侣的浪漫告白》在作者表中删除成功
2018-02-15 18:53:00,824 INFO (AuthorPageProcessor.java:100)- 《假如姐姐是女朋友》在作者表中删除成功
2018-02-15 18:53:00,824 INFO (AuthorPageProcessor.java:100)- 《贪玩蓝月》在作者表中删除成功
2018-02-15 18:53:00,825 INFO (AuthorPageProcessor.java:100)- 《喵神异世界》在作者表中删除成功
2018-02-15 18:53:00,835 INFO (AuthorPageProcessor.java:100)- 《我是最强骑士》在作者表中删除成功
2018-02-15 18:53:00,839 INFO (AuthorPageProcessor.java:100)- 《影之守护者》在作者表中删除成功
2018-02-15 18:53:00,871 INFO (AuthorPageProcessor.java:100)- 《我只是一只名叫苍的小狼》在作者表中删除成功
2018-02-15 18:53:00,876 INFO (AuthorPageProcessor.java:94)- 《枪与剑之舞》在书表中删除失败
2018-02-15 18:53:00,883 INFO (AuthorPageProcessor.java:94)- 《Mirrorfrozist》在书表中删除失败
2018-02-15 18:53:00,914 INFO (AuthorPageProcessor.java:94)- 《面瘫腹黑男的日常》在书表中删除失败
2018-02-15 18:53:00,941 INFO (AuthorPageProcessor.java:100)- 《枪与剑之舞》在作者表中删除成功
2018-02-15 18:53:00,944 INFO (AuthorPageProcessor.java:100)- 《Mirrorfrozist》在作者表中删除成功
2018-02-15 18:53:00,974 INFO (AuthorPageProcessor.java:100)- 《面瘫腹黑男的日常》在作者表中删除成功
2018-02-15 18:53:00,986 INFO (AuthorPageProcessor.java:94)- 《异样的正义》在书表中删除失败
2018-02-15 18:53:01,049 INFO (AuthorPageProcessor.java:100)- 《异样的正义》在作者表中删除成功
2018-02-15 18:53:01,107 INFO (AuthorPageProcessor.java:94)- 《星海长歌》在书表中删除失败
2018-02-15 18:53:01,141 INFO (AuthorPageProcessor.java:94)- 《叶音的青春物语》在书表中删除失败
2018-02-15 18:53:01,151 INFO (AuthorPageProcessor.java:94)- 《学院暗影》在书表中删除失败
2018-02-15 18:53:01,172 INFO (AuthorPageProcessor.java:100)- 《星海长歌》在作者表中删除成功
2018-02-15 18:53:01,175 INFO (AuthorPageProcessor.java:94)- 《一个不务正业的厨师》在书表中删除失败
2018-02-15 18:53:01,182 INFO (AuthorPageProcessor.java:94)- 《病娇姐姐与妈妈的惨淡修罗场》在书表中删除失败
2018-02-15 18:53:01,183 INFO (AuthorPageProcessor.java:94)- 《荣耀王者》在书表中删除失败
2018-02-15 18:53:01,200 INFO (AuthorPageProcessor.java:100)- 《叶音的青春物语》在作者表中删除成功
2018-02-15 18:53:01,211 INFO (AuthorPageProcessor.java:94)- 《大寶劍魔法師》在书表中删除失败
2018-02-15 18:53:01,213 INFO (AuthorPageProcessor.java:100)- 《学院暗影》在作者表中删除成功
2018-02-15 18:53:01,235 INFO (AuthorPageProcessor.java:100)- 《一个不务正业的厨师》在作者表中删除成功
2018-02-15 18:53:01,246 INFO (AuthorPageProcessor.java:100)- 《病娇姐姐与妈妈的惨淡修罗场》在作者表中删除成功
2018-02-15 18:53:01,246 INFO (AuthorPageProcessor.java:100)- 《荣耀王者》在作者表中删除成功
2018-02-15 18:53:01,263 INFO (AuthorPageProcessor.java:94)- 《為了祖國》在书表中删除失败
2018-02-15 18:53:01,271 INFO (AuthorPageProcessor.java:100)- 《大寶劍魔法師》在作者表中删除成功
2018-02-15 18:53:01,322 INFO (AuthorPageProcessor.java:100)- 《為了祖國》在作者表中删除成功
2018-02-15 18:53:01,340 INFO (AuthorPageProcessor.java:94)- 《樱野弥华》在书表中删除失败
2018-02-15 18:53:01,388 INFO (AuthorPageProcessor.java:94)- 《杀手之城》在书表中删除失败
2018-02-15 18:53:01,389 INFO (AuthorPageProcessor.java:94)- 《我与妹妹的黑白日常》在书表中删除失败
2018-02-15 18:53:01,399 INFO (AuthorPageProcessor.java:94)- 《我的妹妹不可能这么讨厌我》在书表中删除失败
2018-02-15 18:53:01,403 INFO (AuthorPageProcessor.java:100)- 《樱野弥华》在作者表中删除成功
2018-02-15 18:53:01,420 INFO (AuthorPageProcessor.java:90)- 《机械》在书表中删除成功
2018-02-15 18:53:01,422 INFO (AuthorPageProcessor.java:94)- 《少年狼屠龙吗》在书表中删除失败
2018-02-15 18:53:01,454 INFO (AuthorPageProcessor.java:100)- 《我与妹妹的黑白日常》在作者表中删除成功
2018-02-15 18:53:01,454 INFO (AuthorPageProcessor.java:100)- 《杀手之城》在作者表中删除成功
2018-02-15 18:53:01,459 INFO (AuthorPageProcessor.java:100)- 《我的妹妹不可能这么讨厌我》在作者表中删除成功
2018-02-15 18:53:01,481 INFO (AuthorPageProcessor.java:94)- 《zyx按键》在书表中删除失败
2018-02-15 18:53:01,484 INFO (AuthorPageProcessor.java:100)- 《机械》在作者表中删除成功
2018-02-15 18:53:01,487 INFO (AuthorPageProcessor.java:100)- 《少年狼屠龙吗》在作者表中删除成功
2018-02-15 18:53:01,546 INFO (AuthorPageProcessor.java:100)- 《zyx按键》在作者表中删除成功
2018-02-15 18:53:01,547 INFO (AuthorPageProcessor.java:94)- 《幻想之神》在书表中删除失败
2018-02-15 18:53:01,609 INFO (AuthorPageProcessor.java:94)- 《俺和俺妹不得不说的丧病日常》在书表中删除失败
2018-02-15 18:53:01,613 INFO (AuthorPageProcessor.java:100)- 《幻想之神》在作者表中删除成功
2018-02-15 18:53:01,675 INFO (AuthorPageProcessor.java:100)- 《俺和俺妹不得不说的丧病日常》在作者表中删除成功
2018-02-15 18:53:01,677 INFO (AuthorPageProcessor.java:94)- 《在枪之境界重生》在书表中删除失败
2018-02-15 18:53:01,681 INFO (AuthorPageProcessor.java:94)- 《暴风骤雨》在书表中删除失败
2018-02-15 18:53:01,706 INFO (AuthorPageProcessor.java:94)- 《关于某魔王物语》在书表中删除失败
2018-02-15 18:53:01,706 INFO (AuthorPageProcessor.java:94)- 《等风来》在书表中删除失败
2018-02-15 18:53:01,737 INFO (AuthorPageProcessor.java:94)- 《身为最强者的我怎么可能去搬砖》在书表中删除失败
2018-02-15 18:53:01,745 INFO (AuthorPageProcessor.java:100)- 《在枪之境界重生》在作者表中删除成功
2018-02-15 18:53:01,746 INFO (AuthorPageProcessor.java:94)- 《FantasyWorld》在书表中删除失败
2018-02-15 18:53:01,748 INFO (AuthorPageProcessor.java:100)- 《暴风骤雨》在作者表中删除成功
2018-02-15 18:53:01,751 INFO (AuthorPageProcessor.java:94)- 《十级神祗官》在书表中删除失败
2018-02-15 18:53:01,762 INFO (AuthorPageProcessor.java:94)- 《关于我和我不靠谱的异世界生活》在书表中删除失败
2018-02-15 18:53:01,768 INFO (AuthorPageProcessor.java:100)- 《关于某魔王物语》在作者表中删除成功
2018-02-15 18:53:01,772 INFO (AuthorPageProcessor.java:100)- 《等风来》在作者表中删除成功
2018-02-15 18:53:01,777 INFO (AuthorPageProcessor.java:94)- 《无能力者的悲惨生活》在书表中删除失败
2018-02-15 18:53:01,792 INFO (AuthorPageProcessor.java:94)- 《那是一堵墙》在书表中删除失败
2018-02-15 18:53:01,807 INFO (AuthorPageProcessor.java:100)- 《身为最强者的我怎么可能去搬砖》在作者表中删除成功
2018-02-15 18:53:01,808 INFO (AuthorPageProcessor.java:94)- 《法师转生当战神》在书表中删除失败
2018-02-15 18:53:01,823 INFO (AuthorPageProcessor.java:100)- 《FantasyWorld》在作者表中删除成功
2018-02-15 18:53:01,824 INFO (AuthorPageProcessor.java:100)- 《关于我和我不靠谱的异世界生活》在作者表中删除成功
2018-02-15 18:53:01,824 INFO (AuthorPageProcessor.java:100)- 《十级神祗官》在作者表中删除成功
2018-02-15 18:53:01,840 INFO (AuthorPageProcessor.java:100)- 《无能力者的悲惨生活》在作者表中删除成功
2018-02-15 18:53:01,855 INFO (AuthorPageProcessor.java:100)- 《那是一堵墙》在作者表中删除成功
2018-02-15 18:53:01,868 INFO (AuthorPageProcessor.java:100)- 《法师转生当战神》在作者表中删除成功
2018-02-15 18:53:01,908 INFO (AuthorPageProcessor.java:94)- 《世界X我与她的命运轮回》在书表中删除失败
2018-02-15 18:53:01,923 INFO (AuthorPageProcessor.java:94)- 《册封的学者团》在书表中删除失败
2018-02-15 18:53:01,968 INFO (AuthorPageProcessor.java:100)- 《世界X我与她的命运轮回》在作者表中删除成功
2018-02-15 18:53:01,989 INFO (AuthorPageProcessor.java:100)- 《册封的学者团》在作者表中删除成功
2018-02-15 18:53:01,990 INFO (AuthorPageProcessor.java:94)- 《守护世界的十个罪人》在书表中删除失败
2018-02-15 18:53:02,025 INFO (AuthorPageProcessor.java:94)- 《多伦贝尔》在书表中删除失败
2018-02-15 18:53:02,053 INFO (AuthorPageProcessor.java:100)- 《守护世界的十个罪人》在作者表中删除成功
2018-02-15 18:53:02,071 INFO (AuthorPageProcessor.java:94)- 《变成软妹的空战物语》在书表中删除失败
2018-02-15 18:53:02,071 INFO (AuthorPageProcessor.java:94)- 《我成为了别人的系统娘》在书表中删除失败
2018-02-15 18:53:02,086 INFO (AuthorPageProcessor.java:94)- 《我打钱守护世界》在书表中删除失败
2018-02-15 18:53:02,089 INFO (AuthorPageProcessor.java:100)- 《多伦贝尔》在作者表中删除成功
2018-02-15 18:53:02,116 INFO (AuthorPageProcessor.java:94)- 《wkgkffywlwpy》在书表中删除失败
2018-02-15 18:53:02,139 INFO (AuthorPageProcessor.java:94)- 《领主召唤》在书表中删除失败
2018-02-15 18:53:02,139 INFO (AuthorPageProcessor.java:100)- 《变成软妹的空战物语》在作者表中删除成功
2018-02-15 18:53:02,140 INFO (AuthorPageProcessor.java:100)- 《我成为了别人的系统娘》在作者表中删除成功
2018-02-15 18:53:02,148 INFO (AuthorPageProcessor.java:100)- 《我打钱守护世界》在作者表中删除成功
2018-02-15 18:53:02,159 INFO (AuthorPageProcessor.java:94)- 《我与可爱的未婚妻》在书表中删除失败
2018-02-15 18:53:02,178 INFO (AuthorPageProcessor.java:100)- 《wkgkffywlwpy》在作者表中删除成功
2018-02-15 18:53:02,178 INFO (AuthorPageProcessor.java:94)- 《游戏与现实魔法》在书表中删除失败
2018-02-15 18:53:02,190 INFO (AuthorPageProcessor.java:94)- 《jnkrwwkkwwf》在书表中删除失败
2018-02-15 18:53:02,205 INFO (AuthorPageProcessor.java:100)- 《领主召唤》在作者表中删除成功
2018-02-15 18:53:02,224 INFO (AuthorPageProcessor.java:100)- 《我与可爱的未婚妻》在作者表中删除成功
2018-02-15 18:53:02,238 INFO (AuthorPageProcessor.java:100)- 《游戏与现实魔法》在作者表中删除成功
2018-02-15 18:53:02,251 INFO (AuthorPageProcessor.java:94)- 《圣银之城》在书表中删除失败
2018-02-15 18:53:02,252 INFO (AuthorPageProcessor.java:100)- 《jnkrwwkkwwf》在作者表中删除成功
2018-02-15 18:53:02,318 INFO (AuthorPageProcessor.java:94)- 《烛火》在书表中删除失败
2018-02-15 18:53:02,318 INFO (AuthorPageProcessor.java:100)- 《圣银之城》在作者表中删除成功
2018-02-15 18:53:02,379 INFO (AuthorPageProcessor.java:100)- 《烛火》在作者表中删除成功
2018-02-15 18:53:02,470 INFO (AuthorPageProcessor.java:94)- 《让我无奈的高中生活》在书表中删除失败
2018-02-15 18:53:02,483 INFO (AuthorPageProcessor.java:94)- 《这种小说名字都有人写》在书表中删除失败
2018-02-15 18:53:02,488 INFO (AuthorPageProcessor.java:94)- 《异世界目录》在书表中删除失败
2018-02-15 18:53:02,490 INFO (AuthorPageProcessor.java:94)- 《不为谁而写的书》在书表中删除失败
2018-02-15 18:53:02,497 INFO (AuthorPageProcessor.java:94)- 《二次元主神系统》在书表中删除失败
2018-02-15 18:53:02,512 INFO (AuthorPageProcessor.java:94)- 《当魔神来到女权世界》在书表中删除失败
2018-02-15 18:53:02,536 INFO (AuthorPageProcessor.java:94)- 《校园恋爱记》在书表中删除失败
2018-02-15 18:53:02,536 INFO (AuthorPageProcessor.java:100)- 《让我无奈的高中生活》在作者表中删除成功
2018-02-15 18:53:02,545 INFO (AuthorPageProcessor.java:94)- 《大小姐早安》在书表中删除失败
2018-02-15 18:53:02,549 INFO (AuthorPageProcessor.java:100)- 《这种小说名字都有人写》在作者表中删除成功
2018-02-15 18:53:02,550 INFO (AuthorPageProcessor.java:94)- 《就是乱穿》在书表中删除失败
2018-02-15 18:53:02,553 INFO (AuthorPageProcessor.java:100)- 《异世界目录》在作者表中删除成功
2018-02-15 18:53:02,562 INFO (AuthorPageProcessor.java:94)- 《永远的风暴之都》在书表中删除失败
2018-02-15 18:53:02,562 INFO (AuthorPageProcessor.java:100)- 《不为谁而写的书》在作者表中删除成功
2018-02-15 18:53:02,564 INFO (AuthorPageProcessor.java:100)- 《二次元主神系统》在作者表中删除成功
2018-02-15 18:53:02,573 INFO (AuthorPageProcessor.java:100)- 《当魔神来到女权世界》在作者表中删除成功
2018-02-15 18:53:02,598 INFO (AuthorPageProcessor.java:100)- 《校园恋爱记》在作者表中删除成功
2018-02-15 18:53:02,609 INFO (AuthorPageProcessor.java:100)- 《就是乱穿》在作者表中删除成功
2018-02-15 18:53:02,618 INFO (AuthorPageProcessor.java:100)- 《大小姐早安》在作者表中删除成功
2018-02-15 18:53:02,621 INFO (AuthorPageProcessor.java:100)- 《永远的风暴之都》在作者表中删除成功
2018-02-15 18:53:02,676 INFO (AuthorPageProcessor.java:94)- 《余AnD零》在书表中删除失败
2018-02-15 18:53:02,697 INFO (AuthorPageProcessor.java:94)- 《核战》在书表中删除失败
2018-02-15 18:53:02,736 INFO (AuthorPageProcessor.java:100)- 《余AnD零》在作者表中删除成功
2018-02-15 18:53:02,760 INFO (AuthorPageProcessor.java:100)- 《核战》在作者表中删除成功
2018-02-15 18:53:02,784 INFO (AuthorPageProcessor.java:94)- 《剑神的地球生活》在书表中删除失败
2018-02-15 18:53:02,848 INFO (AuthorPageProcessor.java:100)- 《剑神的地球生活》在作者表中删除成功
2018-02-15 18:53:02,858 INFO (AuthorPageProcessor.java:94)- 《明星女皇影帝為之傾心》在书表中删除失败
2018-02-15 18:53:02,859 INFO (AuthorPageProcessor.java:94)- 《魔界塔》在书表中删除失败
2018-02-15 18:53:02,877 INFO (AuthorPageProcessor.java:94)- 《社會主義穿越到了異世界》在书表中删除失败
2018-02-15 18:53:02,879 INFO (AuthorPageProcessor.java:90)- 《等》在书表中删除成功
2018-02-15 18:53:02,912 INFO (AuthorPageProcessor.java:94)- 《疯狂的鼠世界》在书表中删除失败
2018-02-15 18:53:02,912 INFO (AuthorPageProcessor.java:94)- 《没落的魔神只想享受学园生活》在书表中删除失败
2018-02-15 18:53:02,923 INFO (AuthorPageProcessor.java:94)- 《问题高中生的恋爱物语》在书表中删除失败
2018-02-15 18:53:02,925 INFO (AuthorPageProcessor.java:100)- 《魔界塔》在作者表中删除成功
2018-02-15 18:53:02,925 INFO (AuthorPageProcessor.java:100)- 《明星女皇影帝為之傾心》在作者表中删除成功
2018-02-15 18:53:02,941 INFO (AuthorPageProcessor.java:100)- 《社會主義穿越到了異世界》在作者表中删除成功
2018-02-15 18:53:02,942 INFO (AuthorPageProcessor.java:100)- 《等》在作者表中删除成功
2018-02-15 18:53:02,980 INFO (AuthorPageProcessor.java:100)- 《疯狂的鼠世界》在作者表中删除成功
2018-02-15 18:53:02,980 INFO (AuthorPageProcessor.java:100)- 《没落的魔神只想享受学园生活》在作者表中删除成功
2018-02-15 18:53:02,989 INFO (AuthorPageProcessor.java:94)- 《本少爷的目标是娶八个老婆》在书表中删除失败
2018-02-15 18:53:02,994 INFO (AuthorPageProcessor.java:100)- 《问题高中生的恋爱物语》在作者表中删除成功
2018-02-15 18:53:02,994 INFO (AuthorPageProcessor.java:94)- 《这个充满魔法的世界我选择睡觉》在书表中删除失败
2018-02-15 18:53:02,995 INFO (AuthorPageProcessor.java:94)- 《海贼王之黑翼大魔》在书表中删除失败
2018-02-15 18:53:03,041 INFO (AuthorPageProcessor.java:94)- 《天行者之脉气大陆》在书表中删除失败
2018-02-15 18:53:03,049 INFO (AuthorPageProcessor.java:100)- 《本少爷的目标是娶八个老婆》在作者表中删除成功
2018-02-15 18:53:03,057 INFO (AuthorPageProcessor.java:100)- 《这个充满魔法的世界我选择睡觉》在作者表中删除成功
2018-02-15 18:53:03,058 INFO (AuthorPageProcessor.java:100)- 《海贼王之黑翼大魔》在作者表中删除成功
2018-02-15 18:53:03,096 INFO (AuthorPageProcessor.java:94)- 《光晕破碎循环》在书表中删除失败
2018-02-15 18:53:03,103 INFO (AuthorPageProcessor.java:100)- 《天行者之脉气大陆》在作者表中删除成功
2018-02-15 18:53:03,157 INFO (AuthorPageProcessor.java:100)- 《光晕破碎循环》在作者表中删除成功
2018-02-15 18:53:03,191 INFO (AuthorPageProcessor.java:94)- 《传说的故事》在书表中删除失败
2018-02-15 18:53:03,243 INFO (AuthorPageProcessor.java:94)- 《Fantasy伪fate》在书表中删除失败
2018-02-15 18:53:03,254 INFO (AuthorPageProcessor.java:100)- 《传说的故事》在作者表中删除成功
2018-02-15 18:53:03,258 INFO (AuthorPageProcessor.java:94)- 《崋》在书表中删除失败
2018-02-15 18:53:03,261 INFO (AuthorPageProcessor.java:94)- 《未有之神事件簿》在书表中删除失败
2018-02-15 18:53:03,270 INFO (AuthorPageProcessor.java:94)- 《恶魔校草别烦我》在书表中删除失败
2018-02-15 18:53:03,271 INFO (AuthorPageProcessor.java:94)- 《无法做梦的人梦到了少女》在书表中删除失败
2018-02-15 18:53:03,295 INFO (AuthorPageProcessor.java:94)- 《蕾米莉亚》在书表中删除失败
2018-02-15 18:53:03,303 INFO (AuthorPageProcessor.java:94)- 《朕的世界》在书表中删除失败
2018-02-15 18:53:03,307 INFO (AuthorPageProcessor.java:100)- 《Fantasy伪fate》在作者表中删除成功
2018-02-15 18:53:03,351 INFO (AuthorPageProcessor.java:100)- 《未有之神事件簿》在作者表中删除成功
2018-02-15 18:53:03,354 INFO (AuthorPageProcessor.java:100)- 《无法做梦的人梦到了少女》在作者表中删除成功
2018-02-15 18:53:03,355 INFO (AuthorPageProcessor.java:100)- 《恶魔校草别烦我》在作者表中删除成功
2018-02-15 18:53:03,351 INFO (AuthorPageProcessor.java:100)- 《崋》在作者表中删除成功
2018-02-15 18:53:03,369 INFO (AuthorPageProcessor.java:94)- 《群主大人脑子有坑》在书表中删除失败
2018-02-15 18:53:03,371 INFO (AuthorPageProcessor.java:100)- 《蕾米莉亚》在作者表中删除成功
2018-02-15 18:53:03,371 INFO (AuthorPageProcessor.java:100)- 《朕的世界》在作者表中删除成功
2018-02-15 18:53:03,405 INFO (AuthorPageProcessor.java:94)- 《启明录》在书表中删除失败
2018-02-15 18:53:03,416 INFO (AuthorPageProcessor.java:94)- 《后宫组建系统》在书表中删除失败
2018-02-15 18:53:03,419 INFO (AuthorPageProcessor.java:94)- 《冰棺女尸》在书表中删除失败
2018-02-15 18:53:03,431 INFO (AuthorPageProcessor.java:100)- 《群主大人脑子有坑》在作者表中删除成功
2018-02-15 18:53:03,471 INFO (AuthorPageProcessor.java:100)- 《启明录》在作者表中删除成功
2018-02-15 18:53:03,478 INFO (AuthorPageProcessor.java:94)- 《穿越至进击的巨人》在书表中删除失败
2018-02-15 18:53:03,483 INFO (AuthorPageProcessor.java:100)- 《后宫组建系统》在作者表中删除成功
2018-02-15 18:53:03,483 INFO (AuthorPageProcessor.java:100)- 《冰棺女尸》在作者表中删除成功
2018-02-15 18:53:03,539 INFO (AuthorPageProcessor.java:100)- 《穿越至进击的巨人》在作者表中删除成功
2018-02-15 18:53:03,551 INFO (AuthorPageProcessor.java:94)- 《旁观者的生命记录本》在书表中删除失败
2018-02-15 18:53:03,560 INFO (AuthorPageProcessor.java:94)- 《Fantasies》在书表中删除失败
2018-02-15 18:53:03,614 INFO (AuthorPageProcessor.java:100)- 《旁观者的生命记录本》在作者表中删除成功
2018-02-15 18:53:03,620 INFO (AuthorPageProcessor.java:100)- 《Fantasies》在作者表中删除成功
2018-02-15 18:53:03,676 INFO (AuthorPageProcessor.java:94)- 《徒儿不太乖》在书表中删除失败
2018-02-15 18:53:03,680 INFO (AuthorPageProcessor.java:94)- 《兽耳娘们的狩猎场》在书表中删除失败
2018-02-15 18:53:03,686 INFO (AuthorPageProcessor.java:94)- 《你在的地方姹紫嫣红》在书表中删除失败
2018-02-15 18:53:03,692 INFO (AuthorPageProcessor.java:94)- 《KESSEN英灵王座》在书表中删除失败
2018-02-15 18:53:03,694 INFO (AuthorPageProcessor.java:94)- 《伪娘造物主》在书表中删除失败
2018-02-15 18:53:03,706 INFO (AuthorPageProcessor.java:94)- 《水可载舟亦可赛艇》在书表中删除失败
2018-02-15 18:53:03,739 INFO (AuthorPageProcessor.java:100)- 《徒儿不太乖》在作者表中删除成功
2018-02-15 18:53:03,740 INFO (AuthorPageProcessor.java:100)- 《兽耳娘们的狩猎场》在作者表中删除成功
2018-02-15 18:53:03,745 INFO (AuthorPageProcessor.java:100)- 《你在的地方姹紫嫣红》在作者表中删除成功
2018-02-15 18:53:03,755 INFO (AuthorPageProcessor.java:100)- 《KESSEN英灵王座》在作者表中删除成功
2018-02-15 18:53:03,756 INFO (AuthorPageProcessor.java:100)- 《伪娘造物主》在作者表中删除成功
2018-02-15 18:53:03,770 INFO (AuthorPageProcessor.java:94)- 《超有病少女们的愉快叹息》在书表中删除失败
2018-02-15 18:53:03,772 INFO (AuthorPageProcessor.java:100)- 《水可载舟亦可赛艇》在作者表中删除成功
2018-02-15 18:53:03,782 INFO (AuthorPageProcessor.java:94)- 《杀伐者的剑鞘》在书表中删除失败
2018-02-15 18:53:03,809 INFO (AuthorPageProcessor.java:94)- 《儿童和依据iou》在书表中删除失败
2018-02-15 18:53:03,815 INFO (AuthorPageProcessor.java:94)- 《红绫》在书表中删除失败
2018-02-15 18:53:03,817 INFO (AuthorPageProcessor.java:94)- 《被未婚妻们退婚后我依旧开了后宫》在书表中删除失败
2018-02-15 18:53:03,831 INFO (AuthorPageProcessor.java:100)- 《超有病少女们的愉快叹息》在作者表中删除成功
2018-02-15 18:53:03,843 INFO (AuthorPageProcessor.java:100)- 《杀伐者的剑鞘》在作者表中删除成功
2018-02-15 18:53:03,868 INFO (AuthorPageProcessor.java:90)- 《忠犬》在书表中删除成功
2018-02-15 18:53:03,872 INFO (AuthorPageProcessor.java:94)- 《帝国浮生录》在书表中删除失败
2018-02-15 18:53:03,873 INFO (AuthorPageProcessor.java:100)- 《儿童和依据iou》在作者表中删除成功
2018-02-15 18:53:03,878 INFO (AuthorPageProcessor.java:100)- 《红绫》在作者表中删除成功
2018-02-15 18:53:03,880 INFO (AuthorPageProcessor.java:100)- 《被未婚妻们退婚后我依旧开了后宫》在作者表中删除成功
2018-02-15 18:53:03,964 INFO (AuthorPageProcessor.java:100)- 《忠犬》在作者表中删除成功
2018-02-15 18:53:03,964 INFO (AuthorPageProcessor.java:100)- 《帝国浮生录》在作者表中删除成功
2018-02-15 18:53:04,030 INFO (AuthorPageProcessor.java:94)- 《踹翻这碗狗粮》在书表中删除失败
2018-02-15 18:53:04,031 INFO (AuthorPageProcessor.java:94)- 《你爱我吗雨》在书表中删除失败
2018-02-15 18:53:04,098 INFO (AuthorPageProcessor.java:100)- 《踹翻这碗狗粮》在作者表中删除成功
2018-02-15 18:53:04,098 INFO (AuthorPageProcessor.java:100)- 《你爱我吗雨》在作者表中删除成功
2018-02-15 18:53:04,120 INFO (AuthorPageProcessor.java:94)- 《皇家公主养成计划》在书表中删除失败
2018-02-15 18:53:04,128 INFO (AuthorPageProcessor.java:94)- 《这样的世界是否值得守护》在书表中删除失败
2018-02-15 18:53:04,130 INFO (AuthorPageProcessor.java:94)- 《白墙》在书表中删除失败
2018-02-15 18:53:04,143 INFO (AuthorPageProcessor.java:94)- 《废宅到了异界还要打架吗》在书表中删除失败
2018-02-15 18:53:04,146 INFO (AuthorPageProcessor.java:94)- 《末世人间道》在书表中删除失败
2018-02-15 18:53:04,174 INFO (AuthorPageProcessor.java:94)- 《废弃浮都一海》在书表中删除失败
2018-02-15 18:53:04,178 INFO (AuthorPageProcessor.java:100)- 《皇家公主养成计划》在作者表中删除成功
2018-02-15 18:53:04,190 INFO (AuthorPageProcessor.java:100)- 《这样的世界是否值得守护》在作者表中删除成功
2018-02-15 18:53:04,194 INFO (AuthorPageProcessor.java:100)- 《白墙》在作者表中删除成功
2018-02-15 18:53:04,209 INFO (AuthorPageProcessor.java:100)- 《废宅到了异界还要打架吗》在作者表中删除成功
2018-02-15 18:53:04,212 INFO (AuthorPageProcessor.java:94)- 《我的世界我做主》在书表中删除失败
2018-02-15 18:53:04,221 INFO (AuthorPageProcessor.java:94)- 《这个家里都是病娇》在书表中删除失败
2018-02-15 18:53:04,222 INFO (AuthorPageProcessor.java:100)- 《末世人间道》在作者表中删除成功
2018-02-15 18:53:04,228 INFO (AuthorPageProcessor.java:94)- 《黑夜学姐的阴谋论》在书表中删除失败
2018-02-15 18:53:04,236 INFO (AuthorPageProcessor.java:94)- 《一次又一次》在书表中删除失败
2018-02-15 18:53:04,239 INFO (AuthorPageProcessor.java:100)- 《废弃浮都一海》在作者表中删除成功
2018-02-15 18:53:04,239 INFO (AuthorPageProcessor.java:94)- 《身为冥王龙的我却签订了契约》在书表中删除失败
2018-02-15 18:53:04,277 INFO (AuthorPageProcessor.java:94)- 《初梦》在书表中删除失败
2018-02-15 18:53:04,280 INFO (AuthorPageProcessor.java:100)- 《我的世界我做主》在作者表中删除成功
2018-02-15 18:53:04,282 INFO (AuthorPageProcessor.java:100)- 《这个家里都是病娇》在作者表中删除成功
2018-02-15 18:53:04,289 INFO (AuthorPageProcessor.java:100)- 《黑夜学姐的阴谋论》在作者表中删除成功
2018-02-15 18:53:04,303 INFO (AuthorPageProcessor.java:100)- 《一次又一次》在作者表中删除成功
2018-02-15 18:53:04,304 INFO (AuthorPageProcessor.java:100)- 《身为冥王龙的我却签订了契约》在作者表中删除成功
2018-02-15 18:53:04,304 INFO (AuthorPageProcessor.java:94)- 《为什么我的是魔法少女》在书表中删除失败
2018-02-15 18:53:04,362 INFO (AuthorPageProcessor.java:100)- 《初梦》在作者表中删除成功
2018-02-15 18:53:04,364 INFO (AuthorPageProcessor.java:100)- 《为什么我的是魔法少女》在作者表中删除成功
2018-02-15 18:53:04,425 INFO (AuthorPageProcessor.java:94)- 《獸人公主與龍王子》在书表中删除失败
2018-02-15 18:53:04,429 INFO (AuthorPageProcessor.java:94)- 《我们未曾忘记那朵花的名字》在书表中删除失败
2018-02-15 18:53:04,487 INFO (AuthorPageProcessor.java:100)- 《獸人公主與龍王子》在作者表中删除成功
2018-02-15 18:53:04,495 INFO (AuthorPageProcessor.java:100)- 《我们未曾忘记那朵花的名字》在作者表中删除成功
2018-02-15 18:53:04,497 INFO (AuthorPageProcessor.java:94)- 《作为一个命运之神》在书表中删除失败
2018-02-15 18:53:04,501 INFO (AuthorPageProcessor.java:94)- 《勇者到底算什么名称》在书表中删除失败
2018-02-15 18:53:04,523 INFO (AuthorPageProcessor.java:94)- 《我真的是被迫穿女装的》在书表中删除失败
2018-02-15 18:53:04,541 INFO (AuthorPageProcessor.java:94)- 《废材哥哥与天才妹妹》在书表中删除失败
2018-02-15 18:53:04,558 INFO (AuthorPageProcessor.java:100)- 《作为一个命运之神》在作者表中删除成功
2018-02-15 18:53:04,560 INFO (AuthorPageProcessor.java:100)- 《勇者到底算什么名称》在作者表中删除成功
2018-02-15 18:53:04,589 INFO (AuthorPageProcessor.java:100)- 《我真的是被迫穿女装的》在作者表中删除成功
2018-02-15 18:53:04,603 INFO (AuthorPageProcessor.java:100)- 《废材哥哥与天才妹妹》在作者表中删除成功
2018-02-15 18:53:04,721 INFO (AuthorPageProcessor.java:94)- 《破坏神的兴趣》在书表中删除失败
2018-02-15 18:53:04,744 INFO (AuthorPageProcessor.java:94)- 《养只萝莉当童养媳》在书表中删除失败
2018-02-15 18:53:04,746 INFO (AuthorPageProcessor.java:94)- 《醉酒莫停》在书表中删除失败
2018-02-15 18:53:04,752 INFO (AuthorPageProcessor.java:94)- 《吾的萝莉妹妹》在书表中删除失败
2018-02-15 18:53:04,769 INFO (AuthorPageProcessor.java:94)- 《人造吸血鬼》在书表中删除失败
2018-02-15 18:53:04,778 INFO (AuthorPageProcessor.java:94)- 《如果我在异区可以恋爱的话》在书表中删除失败
2018-02-15 18:53:04,781 INFO (AuthorPageProcessor.java:100)- 《破坏神的兴趣》在作者表中删除成功
2018-02-15 18:53:04,786 INFO (AuthorPageProcessor.java:94)- 《中二老爹与无敌女儿》在书表中删除失败
2018-02-15 18:53:04,789 INFO (AuthorPageProcessor.java:94)- 《无限技能点的我可是无敌的》在书表中删除失败
2018-02-15 18:53:04,813 INFO (AuthorPageProcessor.java:100)- 《养只萝莉当童养媳》在作者表中删除成功
2018-02-15 18:53:04,816 INFO (AuthorPageProcessor.java:100)- 《吾的萝莉妹妹》在作者表中删除成功
2018-02-15 18:53:04,816 INFO (AuthorPageProcessor.java:94)- 《异世寻家》在书表中删除失败
2018-02-15 18:53:04,817 INFO (AuthorPageProcessor.java:100)- 《醉酒莫停》在作者表中删除成功
2018-02-15 18:53:04,827 INFO (AuthorPageProcessor.java:94)- 《身为初代山之翁的我在异世界无双》在书表中删除失败
2018-02-15 18:53:04,829 INFO (AuthorPageProcessor.java:100)- 《人造吸血鬼》在作者表中删除成功
2018-02-15 18:53:04,833 INFO (AuthorPageProcessor.java:94)- 《就算是最强又有什么用呢》在书表中删除失败
2018-02-15 18:53:04,838 INFO (AuthorPageProcessor.java:100)- 《如果我在异区可以恋爱的话》在作者表中删除成功
2018-02-15 18:53:04,849 INFO (AuthorPageProcessor.java:100)- 《中二老爹与无敌女儿》在作者表中删除成功
2018-02-15 18:53:04,853 INFO (AuthorPageProcessor.java:100)- 《无限技能点的我可是无敌的》在作者表中删除成功
2018-02-15 18:53:04,867 INFO (AuthorPageProcessor.java:94)- 《镜界对决》在书表中删除失败
2018-02-15 18:53:04,870 INFO (AuthorPageProcessor.java:94)- 《空投失误的我穿越异界成了勇者》在书表中删除失败
2018-02-15 18:53:04,876 INFO (AuthorPageProcessor.java:100)- 《异世寻家》在作者表中删除成功
2018-02-15 18:53:04,889 INFO (AuthorPageProcessor.java:100)- 《身为初代山之翁的我在异世界无双》在作者表中删除成功
2018-02-15 18:53:04,895 INFO (AuthorPageProcessor.java:100)- 《就算是最强又有什么用呢》在作者表中删除成功
2018-02-15 18:53:04,927 INFO (AuthorPageProcessor.java:100)- 《镜界对决》在作者表中删除成功
2018-02-15 18:53:04,931 INFO (AuthorPageProcessor.java:100)- 《空投失误的我穿越异界成了勇者》在作者表中删除成功
2018-02-15 18:53:05,066 INFO (AuthorPageProcessor.java:94)- 《网瘾少女和老公互换了身体》在书表中删除失败
2018-02-15 18:53:05,128 INFO (AuthorPageProcessor.java:100)- 《网瘾少女和老公互换了身体》在作者表中删除成功
2018-02-15 18:53:05,168 INFO (AuthorPageProcessor.java:94)- 《死后进入游戏世界的奇幻日常》在书表中删除失败
2018-02-15 18:53:05,227 INFO (AuthorPageProcessor.java:100)- 《死后进入游戏世界的奇幻日常》在作者表中删除成功
2018-02-15 18:53:05,302 INFO (AuthorPageProcessor.java:94)- 《绝世梦》在书表中删除失败
2018-02-15 18:53:05,312 INFO (AuthorPageProcessor.java:94)- 《我的妹妹最近突然跑到异世界去了》在书表中删除失败
2018-02-15 18:53:05,314 INFO (AuthorPageProcessor.java:94)- 《神兽次元之旅》在书表中删除失败
2018-02-15 18:53:05,321 INFO (AuthorPageProcessor.java:94)- 《魔王的日常真的那么简单吗》在书表中删除失败
2018-02-15 18:53:05,329 INFO (AuthorPageProcessor.java:94)- 《綜漫之偽夢莉首領》在书表中删除失败
2018-02-15 18:53:05,331 INFO (AuthorPageProcessor.java:94)- 《罪恶感觉》在书表中删除失败
2018-02-15 18:53:05,339 INFO (AuthorPageProcessor.java:94)- 《我的源氏之魂》在书表中删除失败
2018-02-15 18:53:05,345 INFO (AuthorPageProcessor.java:94)- 《色彩战记》在书表中删除失败
2018-02-15 18:53:05,352 INFO (AuthorPageProcessor.java:94)- 《在下真不是弑神者您一定是认错了》在书表中删除失败
2018-02-15 18:53:05,357 INFO (AuthorPageProcessor.java:94)- 《战舰少女Quelle》在书表中删除失败
2018-02-15 18:53:05,362 INFO (AuthorPageProcessor.java:94)- 《命运未曾告诉我们》在书表中删除失败
2018-02-15 18:53:05,366 INFO (AuthorPageProcessor.java:100)- 《绝世梦》在作者表中删除成功
2018-02-15 18:53:05,366 INFO (AuthorPageProcessor.java:94)- 《魔王我当定了》在书表中删除失败
2018-02-15 18:53:05,385 INFO (AuthorPageProcessor.java:100)- 《我的妹妹最近突然跑到异世界去了》在作者表中删除成功
2018-02-15 18:53:05,385 INFO (AuthorPageProcessor.java:100)- 《神兽次元之旅》在作者表中删除成功
2018-02-15 18:53:05,385 INFO (AuthorPageProcessor.java:100)- 《魔王的日常真的那么简单吗》在作者表中删除成功
2018-02-15 18:53:05,397 INFO (AuthorPageProcessor.java:100)- 《罪恶感觉》在作者表中删除成功
2018-02-15 18:53:05,397 INFO (AuthorPageProcessor.java:100)- 《綜漫之偽夢莉首領》在作者表中删除成功
2018-02-15 18:53:05,401 INFO (AuthorPageProcessor.java:100)- 《我的源氏之魂》在作者表中删除成功
2018-02-15 18:53:05,404 INFO (AuthorPageProcessor.java:100)- 《色彩战记》在作者表中删除成功
2018-02-15 18:53:05,420 INFO (AuthorPageProcessor.java:100)- 《在下真不是弑神者您一定是认错了》在作者表中删除成功
2018-02-15 18:53:05,420 INFO (AuthorPageProcessor.java:100)- 《战舰少女Quelle》在作者表中删除成功
2018-02-15 18:53:05,422 INFO (AuthorPageProcessor.java:100)- 《命运未曾告诉我们》在作者表中删除成功
2018-02-15 18:53:05,427 INFO (AuthorPageProcessor.java:100)- 《魔王我当定了》在作者表中删除成功
2018-02-15 18:53:05,446 INFO (AuthorPageProcessor.java:94)- 《RBQ小姐的百合网游之旅》在书表中删除失败
2018-02-15 18:53:05,506 INFO (AuthorPageProcessor.java:100)- 《RBQ小姐的百合网游之旅》在作者表中删除成功
2018-02-15 18:53:05,550 INFO (AuthorPageProcessor.java:94)- 《雷兄雷弟不是给》在书表中删除失败
2018-02-15 18:53:05,575 INFO (AuthorPageProcessor.java:94)- 《我的崩坏系统》在书表中删除失败
2018-02-15 18:53:05,611 INFO (AuthorPageProcessor.java:100)- 《雷兄雷弟不是给》在作者表中删除成功
2018-02-15 18:53:05,636 INFO (AuthorPageProcessor.java:100)- 《我的崩坏系统》在作者表中删除成功
2018-02-15 18:53:05,683 INFO (AuthorPageProcessor.java:94)- 《神明的试炼》在书表中删除失败
2018-02-15 18:53:05,692 INFO (AuthorPageProcessor.java:94)- 《最后的魔法使》在书表中删除失败
2018-02-15 18:53:05,713 INFO (AuthorPageProcessor.java:94)- 《古雨蜀》在书表中删除失败
2018-02-15 18:53:05,718 INFO (AuthorPageProcessor.java:94)- 《佩刀》在书表中删除失败
2018-02-15 18:53:05,724 INFO (AuthorPageProcessor.java:94)- 《护花之绊》在书表中删除失败
2018-02-15 18:53:05,730 INFO (AuthorPageProcessor.java:94)- 《我穿越道了狐妖小红娘的世界》在书表中删除失败
2018-02-15 18:53:05,736 INFO (AuthorPageProcessor.java:94)- 《兄妹是不能恋爱的啦》在书表中删除失败
2018-02-15 18:53:05,737 INFO (AuthorPageProcessor.java:94)- 《那些年干过羞羞多事》在书表中删除失败
2018-02-15 18:53:05,755 INFO (AuthorPageProcessor.java:100)- 《神明的试炼》在作者表中删除成功
2018-02-15 18:53:05,756 INFO (AuthorPageProcessor.java:100)- 《最后的魔法使》在作者表中删除成功
2018-02-15 18:53:05,794 INFO (AuthorPageProcessor.java:100)- 《古雨蜀》在作者表中删除成功
2018-02-15 18:53:05,794 INFO (AuthorPageProcessor.java:100)- 《佩刀》在作者表中删除成功
2018-02-15 18:53:05,794 INFO (AuthorPageProcessor.java:100)- 《护花之绊》在作者表中删除成功
2018-02-15 18:53:05,794 INFO (AuthorPageProcessor.java:100)- 《我穿越道了狐妖小红娘的世界》在作者表中删除成功
2018-02-15 18:53:05,794 INFO (AuthorPageProcessor.java:94)- 《爱慕此界的怜罪》在书表中删除失败
2018-02-15 18:53:05,826 INFO (AuthorPageProcessor.java:94)- 《变身之后一定要百合吗》在书表中删除失败
2018-02-15 18:53:05,826 INFO (AuthorPageProcessor.java:100)- 《兄妹是不能恋爱的啦》在作者表中删除成功
2018-02-15 18:53:05,828 INFO (AuthorPageProcessor.java:100)- 《那些年干过羞羞多事》在作者表中删除成功
2018-02-15 18:53:05,855 INFO (AuthorPageProcessor.java:100)- 《爱慕此界的怜罪》在作者表中删除成功
2018-02-15 18:53:05,888 INFO (AuthorPageProcessor.java:94)- 《远古女神》在书表中删除失败
2018-02-15 18:53:05,888 INFO (AuthorPageProcessor.java:100)- 《变身之后一定要百合吗》在作者表中删除成功
2018-02-15 18:53:05,912 INFO (AuthorPageProcessor.java:94)- 《糖果甜是阿斯巴甜》在书表中删除失败
2018-02-15 18:53:05,949 INFO (AuthorPageProcessor.java:100)- 《远古女神》在作者表中删除成功
2018-02-15 18:53:05,980 INFO (AuthorPageProcessor.java:94)- 《与姐姐大人的幸福生活》在书表中删除失败
2018-02-15 18:53:05,981 INFO (AuthorPageProcessor.java:100)- 《糖果甜是阿斯巴甜》在作者表中删除成功
2018-02-15 18:53:05,983 INFO (AuthorPageProcessor.java:94)- 《以绝境之名》在书表中删除失败
2018-02-15 18:53:06,007 INFO (AuthorPageProcessor.java:94)- 《歡迎來到低成本配音工作室》在书表中删除失败
2018-02-15 18:53:06,044 INFO (AuthorPageProcessor.java:100)- 《与姐姐大人的幸福生活》在作者表中删除成功
2018-02-15 18:53:06,047 INFO (AuthorPageProcessor.java:100)- 《以绝境之名》在作者表中删除成功
2018-02-15 18:53:06,069 INFO (AuthorPageProcessor.java:100)- 《歡迎來到低成本配音工作室》在作者表中删除成功
2018-02-15 18:53:06,126 INFO (AuthorPageProcessor.java:94)- 《某萝莉的综漫之旅》在书表中删除失败
2018-02-15 18:53:06,133 INFO (AuthorPageProcessor.java:94)- 《人渣轻小说家的自我修养》在书表中删除失败
2018-02-15 18:53:06,139 INFO (AuthorPageProcessor.java:94)- 《被萝莉支配的恐惧》在书表中删除失败
2018-02-15 18:53:06,145 INFO (AuthorPageProcessor.java:94)- 《这么可爱的人不可能是我妹妹》在书表中删除失败
2018-02-15 18:53:06,150 INFO (AuthorPageProcessor.java:94)- 《我为什么这么废》在书表中删除失败
2018-02-15 18:53:06,162 INFO (AuthorPageProcessor.java:94)- 《这么可爱的人不可能是我妹》在书表中删除失败
2018-02-15 18:53:06,165 INFO (AuthorPageProcessor.java:94)- 《他是沉迷学习的翻新老古董》在书表中删除失败
2018-02-15 18:53:06,166 INFO (AuthorPageProcessor.java:94)- 《暗响》在书表中删除失败
2018-02-15 18:53:06,188 INFO (AuthorPageProcessor.java:100)- 《某萝莉的综漫之旅》在作者表中删除成功
2018-02-15 18:53:06,193 INFO (AuthorPageProcessor.java:100)- 《人渣轻小说家的自我修养》在作者表中删除成功
2018-02-15 18:53:06,208 INFO (AuthorPageProcessor.java:100)- 《被萝莉支配的恐惧》在作者表中删除成功
2018-02-15 18:53:06,208 INFO (AuthorPageProcessor.java:100)- 《这么可爱的人不可能是我妹妹》在作者表中删除成功
2018-02-15 18:53:06,219 INFO (AuthorPageProcessor.java:100)- 《我为什么这么废》在作者表中删除成功
2018-02-15 18:53:06,225 INFO (AuthorPageProcessor.java:100)- 《这么可爱的人不可能是我妹》在作者表中删除成功
2018-02-15 18:53:06,227 INFO (AuthorPageProcessor.java:100)- 《他是沉迷学习的翻新老古董》在作者表中删除成功
2018-02-15 18:53:06,227 INFO (AuthorPageProcessor.java:100)- 《暗响》在作者表中删除成功
2018-02-15 18:53:06,303 INFO (AuthorPageProcessor.java:94)- 《退休不成的我为了休假努力工作》在书表中删除失败
2018-02-15 18:53:06,307 INFO (AuthorPageProcessor.java:94)- 《久远之恋》在书表中删除失败
2018-02-15 18:53:06,351 INFO (AuthorPageProcessor.java:94)- 《我與她的百合日記》在书表中删除失败
2018-02-15 18:53:06,366 INFO (AuthorPageProcessor.java:100)- 《退休不成的我为了休假努力工作》在作者表中删除成功
2018-02-15 18:53:06,368 INFO (AuthorPageProcessor.java:100)- 《久远之恋》在作者表中删除成功
2018-02-15 18:53:06,380 INFO (AuthorPageProcessor.java:94)- 《白夜将至》在书表中删除失败
2018-02-15 18:53:06,380 INFO (AuthorPageProcessor.java:94)- 《麻烦不要性转行不行》在书表中删除失败
2018-02-15 18:53:06,428 INFO (AuthorPageProcessor.java:100)- 《我與她的百合日記》在作者表中删除成功
2018-02-15 18:53:06,470 INFO (AuthorPageProcessor.java:100)- 《白夜将至》在作者表中删除成功
2018-02-15 18:53:06,473 INFO (AuthorPageProcessor.java:100)- 《麻烦不要性转行不行》在作者表中删除成功
2018-02-15 18:53:06,553 INFO (AuthorPageProcessor.java:94)- 《强者的真谛》在书表中删除失败
2018-02-15 18:53:06,556 INFO (AuthorPageProcessor.java:94)- 《穿越到神奇宝贝的世界是什么鬼》在书表中删除失败
2018-02-15 18:53:06,565 INFO (AuthorPageProcessor.java:94)- 《到处游走的最强无聊之人》在书表中删除失败
2018-02-15 18:53:06,570 INFO (AuthorPageProcessor.java:94)- 《名侦探柯南之cp守护神》在书表中删除失败
2018-02-15 18:53:06,575 INFO (AuthorPageProcessor.java:94)- 《是时候来一波异世界的开挂之旅了》在书表中删除失败
2018-02-15 18:53:06,582 INFO (AuthorPageProcessor.java:94)- 《丧尸的反击史》在书表中删除失败
2018-02-15 18:53:06,590 INFO (AuthorPageProcessor.java:94)- 《我的妹妹有点怪》在书表中删除失败
2018-02-15 18:53:06,592 INFO (AuthorPageProcessor.java:94)- 《武当小师叔》在书表中删除失败
2018-02-15 18:53:06,595 INFO (AuthorPageProcessor.java:94)- 《远山》在书表中删除失败
2018-02-15 18:53:06,613 INFO (AuthorPageProcessor.java:94)- 《烟雨之晓》在书表中删除失败
2018-02-15 18:53:06,621 INFO (AuthorPageProcessor.java:100)- 《强者的真谛》在作者表中删除成功
2018-02-15 18:53:06,621 INFO (AuthorPageProcessor.java:100)- 《穿越到神奇宝贝的世界是什么鬼》在作者表中删除成功
2018-02-15 18:53:06,623 INFO (AuthorPageProcessor.java:100)- 《到处游走的最强无聊之人》在作者表中删除成功
2018-02-15 18:53:06,633 INFO (AuthorPageProcessor.java:100)- 《名侦探柯南之cp守护神》在作者表中删除成功
2018-02-15 18:53:06,634 INFO (AuthorPageProcessor.java:100)- 《是时候来一波异世界的开挂之旅了》在作者表中删除成功
2018-02-15 18:53:06,647 INFO (AuthorPageProcessor.java:100)- 《丧尸的反击史》在作者表中删除成功
2018-02-15 18:53:06,654 INFO (AuthorPageProcessor.java:100)- 《我的妹妹有点怪》在作者表中删除成功
2018-02-15 18:53:06,656 INFO (AuthorPageProcessor.java:100)- 《武当小师叔》在作者表中删除成功
2018-02-15 18:53:06,657 INFO (AuthorPageProcessor.java:100)- 《远山》在作者表中删除成功
2018-02-15 18:53:06,680 INFO (AuthorPageProcessor.java:100)- 《烟雨之晓》在作者表中删除成功
2018-02-15 18:53:06,683 INFO (AuthorPageProcessor.java:94)- 《外星語言》在书表中删除失败
2018-02-15 18:53:06,687 INFO (AuthorPageProcessor.java:94)- 《幸运值爆飙的我开始称霸世界》在书表中删除失败
2018-02-15 18:53:06,750 INFO (AuthorPageProcessor.java:94)- 《饥荒世界中飘舞的一抹银色》在书表中删除失败
2018-02-15 18:53:06,750 INFO (AuthorPageProcessor.java:100)- 《外星語言》在作者表中删除成功
2018-02-15 18:53:06,752 INFO (AuthorPageProcessor.java:100)- 《幸运值爆飙的我开始称霸世界》在作者表中删除成功
2018-02-15 18:53:06,820 INFO (AuthorPageProcessor.java:94)- 《万岁胜利者的桂冠》在书表中删除失败
2018-02-15 18:53:06,821 INFO (AuthorPageProcessor.java:100)- 《饥荒世界中飘舞的一抹银色》在作者表中删除成功
2018-02-15 18:53:06,882 INFO (AuthorPageProcessor.java:100)- 《万岁胜利者的桂冠》在作者表中删除成功
2018-02-15 18:53:06,944 INFO (AuthorPageProcessor.java:94)- 《爱的罪》在书表中删除失败
2018-02-15 18:53:06,951 INFO (AuthorPageProcessor.java:94)- 《无人问津的都市传说》在书表中删除失败
2018-02-15 18:53:06,956 INFO (AuthorPageProcessor.java:94)- 《我与她有段距离》在书表中删除失败
2018-02-15 18:53:06,961 INFO (AuthorPageProcessor.java:94)- 《我家的巫女是痴女狐娘》在书表中删除失败
2018-02-15 18:53:06,968 INFO (AuthorPageProcessor.java:94)- 《一个世界》在书表中删除失败
2018-02-15 18:53:06,974 INFO (AuthorPageProcessor.java:94)- 《污舰》在书表中删除失败
2018-02-15 18:53:06,976 INFO (AuthorPageProcessor.java:94)- 《银联大陆》在书表中删除失败
2018-02-15 18:53:07,009 INFO (AuthorPageProcessor.java:100)- 《爱的罪》在作者表中删除成功
2018-02-15 18:53:07,025 INFO (AuthorPageProcessor.java:100)- 《无人问津的都市传说》在作者表中删除成功
2018-02-15 18:53:07,028 INFO (AuthorPageProcessor.java:100)- 《我与她有段距离》在作者表中删除成功
2018-02-15 18:53:07,028 INFO (AuthorPageProcessor.java:100)- 《我家的巫女是痴女狐娘》在作者表中删除成功
2018-02-15 18:53:07,031 INFO (AuthorPageProcessor.java:100)- 《一个世界》在作者表中删除成功
2018-02-15 18:53:07,035 INFO (AuthorPageProcessor.java:100)- 《污舰》在作者表中删除成功
2018-02-15 18:53:07,038 INFO (AuthorPageProcessor.java:100)- 《银联大陆》在作者表中删除成功
2018-02-15 18:53:07,068 INFO (AuthorPageProcessor.java:94)- 《FantasyEXfate》在书表中删除失败
2018-02-15 18:53:07,073 INFO (AuthorPageProcessor.java:94)- 《奇人居》在书表中删除失败
2018-02-15 18:53:07,075 INFO (AuthorPageProcessor.java:94)- 《29日的末世》在书表中删除失败
2018-02-15 18:53:07,132 INFO (AuthorPageProcessor.java:100)- 《FantasyEXfate》在作者表中删除成功
2018-02-15 18:53:07,135 INFO (AuthorPageProcessor.java:94)- 《从零开始的时崎狂三》在书表中删除失败
2018-02-15 18:53:07,140 INFO (AuthorPageProcessor.java:100)- 《奇人居》在作者表中删除成功
2018-02-15 18:53:07,140 INFO (AuthorPageProcessor.java:100)- 《29日的末世》在作者表中删除成功
2018-02-15 18:53:07,196 INFO (AuthorPageProcessor.java:100)- 《从零开始的时崎狂三》在作者表中删除成功
2018-02-15 18:53:07,207 INFO (AuthorPageProcessor.java:94)- 《想当普通人的魔物猎人》在书表中删除失败
2018-02-15 18:53:07,269 INFO (AuthorPageProcessor.java:100)- 《想当普通人的魔物猎人》在作者表中删除成功
2018-02-15 18:53:07,333 INFO (AuthorPageProcessor.java:94)- 《绘梨衣路明非的爱情世界》在书表中删除失败
2018-02-15 18:53:07,354 INFO (AuthorPageProcessor.java:94)- 《我不可能是风见幽香》在书表中删除失败
2018-02-15 18:53:07,359 INFO (AuthorPageProcessor.java:94)- 《屌丝在异世界》在书表中删除失败
2018-02-15 18:53:07,366 INFO (AuthorPageProcessor.java:94)- 《蝗》在书表中删除失败
2018-02-15 18:53:07,370 INFO (AuthorPageProcessor.java:94)- 《作为最强人渣的我》在书表中删除失败
2018-02-15 18:53:07,375 INFO (AuthorPageProcessor.java:94)- 《妖精养成》在书表中删除失败
2018-02-15 18:53:07,405 INFO (AuthorPageProcessor.java:94)- 《关于人生的思考》在书表中删除失败
2018-02-15 18:53:07,405 INFO (AuthorPageProcessor.java:94)- 《明明是异世界为什么与想象不同》在书表中删除失败
2018-02-15 18:53:07,405 INFO (AuthorPageProcessor.java:94)- 《蘿拉lora》在书表中删除失败
2018-02-15 18:53:07,405 INFO (AuthorPageProcessor.java:100)- 《绘梨衣路明非的爱情世界》在作者表中删除成功
2018-02-15 18:53:07,479 INFO (AuthorPageProcessor.java:100)- 《我不可能是风见幽香》在作者表中删除成功
2018-02-15 18:53:07,479 INFO (AuthorPageProcessor.java:100)- 《屌丝在异世界》在作者表中删除成功
2018-02-15 18:53:07,479 INFO (AuthorPageProcessor.java:100)- 《蝗》在作者表中删除成功
2018-02-15 18:53:07,480 INFO (AuthorPageProcessor.java:100)- 《作为最强人渣的我》在作者表中删除成功
2018-02-15 18:53:07,480 INFO (AuthorPageProcessor.java:100)- 《妖精养成》在作者表中删除成功
2018-02-15 18:53:07,480 INFO (AuthorPageProcessor.java:94)- 《魂语异闻录》在书表中删除失败
2018-02-15 18:53:07,480 INFO (AuthorPageProcessor.java:94)- 《果然我的弟弟才是主角》在书表中删除失败
2018-02-15 18:53:07,480 INFO (AuthorPageProcessor.java:100)- 《蘿拉lora》在作者表中删除成功
2018-02-15 18:53:07,561 INFO (AuthorPageProcessor.java:100)- 《关于人生的思考》在作者表中删除成功
2018-02-15 18:53:07,561 INFO (AuthorPageProcessor.java:100)- 《明明是异世界为什么与想象不同》在作者表中删除成功
2018-02-15 18:53:07,561 INFO (AuthorPageProcessor.java:94)- 《毁灭之王的隐居生活》在书表中删除失败
2018-02-15 18:53:07,561 INFO (AuthorPageProcessor.java:100)- 《魂语异闻录》在作者表中删除成功
2018-02-15 18:53:07,561 INFO (AuthorPageProcessor.java:100)- 《果然我的弟弟才是主角》在作者表中删除成功
2018-02-15 18:53:07,562 INFO (AuthorPageProcessor.java:94)- 《身为皇子的我却要去查案》在书表中删除失败
2018-02-15 18:53:07,646 INFO (AuthorPageProcessor.java:94)- 《FDF》在书表中删除失败
2018-02-15 18:53:07,646 INFO (AuthorPageProcessor.java:100)- 《身为皇子的我却要去查案》在作者表中删除成功
2018-02-15 18:53:07,646 INFO (AuthorPageProcessor.java:100)- 《毁灭之王的隐居生活》在作者表中删除成功
2018-02-15 18:53:07,738 INFO (AuthorPageProcessor.java:100)- 《FDF》在作者表中删除成功
2018-02-15 18:53:07,920 INFO (AuthorPageProcessor.java:94)- 《你从未孤身一人》在书表中删除失败
2018-02-15 18:53:08,009 INFO (AuthorPageProcessor.java:100)- 《你从未孤身一人》在作者表中删除成功
2018-02-15 18:53:08,009 INFO (AuthorPageProcessor.java:94)- 《真祖是否就应该卖萌》在书表中删除失败
2018-02-15 18:53:08,009 INFO (AuthorPageProcessor.java:94)- 《杀手兄妹》在书表中删除失败
2018-02-15 18:53:08,009 INFO (AuthorPageProcessor.java:94)- 《这都是什么科技和魔法》在书表中删除失败
2018-02-15 18:53:08,088 INFO (AuthorPageProcessor.java:94)- 《最后天堂的福音狂想章》在书表中删除失败
2018-02-15 18:53:08,088 INFO (AuthorPageProcessor.java:94)- 《众神之域》在书表中删除失败
2018-02-15 18:53:08,088 INFO (AuthorPageProcessor.java:94)- 《超级罪犯有妹妹》在书表中删除失败
2018-02-15 18:53:08,088 INFO (AuthorPageProcessor.java:94)- 《毁灭女神的我被暗算了》在书表中删除失败
2018-02-15 18:53:08,088 INFO (AuthorPageProcessor.java:100)- 《这都是什么科技和魔法》在作者表中删除成功
2018-02-15 18:53:08,088 INFO (AuthorPageProcessor.java:94)- 《某无聊之人的生活》在书表中删除失败
2018-02-15 18:53:08,156 INFO (AuthorPageProcessor.java:100)- 《杀手兄妹》在作者表中删除成功
2018-02-15 18:53:08,156 INFO (AuthorPageProcessor.java:94)- 《愛情萌芽》在书表中删除失败
2018-02-15 18:53:08,156 INFO (AuthorPageProcessor.java:100)- 《真祖是否就应该卖萌》在作者表中删除成功
2018-02-15 18:53:08,157 INFO (AuthorPageProcessor.java:94)- 《镜面之下》在书表中删除失败
2018-02-15 18:53:08,241 INFO (AuthorPageProcessor.java:94)- 《是勇者就来砍我》在书表中删除失败
2018-02-15 18:53:08,242 INFO (AuthorPageProcessor.java:100)- 《某无聊之人的生活》在作者表中删除成功
2018-02-15 18:53:08,242 INFO (AuthorPageProcessor.java:100)- 《毁灭女神的我被暗算了》在作者表中删除成功
2018-02-15 18:53:08,241 INFO (AuthorPageProcessor.java:100)- 《超级罪犯有妹妹》在作者表中删除成功
2018-02-15 18:53:08,241 INFO (AuthorPageProcessor.java:100)- 《众神之域》在作者表中删除成功
2018-02-15 18:53:08,241 INFO (AuthorPageProcessor.java:100)- 《最后天堂的福音狂想章》在作者表中删除成功
2018-02-15 18:53:08,309 INFO (AuthorPageProcessor.java:100)- 《镜面之下》在作者表中删除成功
2018-02-15 18:53:08,309 INFO (AuthorPageProcessor.java:100)- 《愛情萌芽》在作者表中删除成功
2018-02-15 18:53:08,370 INFO (AuthorPageProcessor.java:94)- 《六芒星之证》在书表中删除失败
2018-02-15 18:53:08,370 INFO (AuthorPageProcessor.java:100)- 《是勇者就来砍我》在作者表中删除成功
2018-02-15 18:53:08,407 INFO (AuthorPageProcessor.java:94)- 《丹特丽安的书架之阿古迪特之书》在书表中删除失败
2018-02-15 18:53:08,407 INFO (AuthorPageProcessor.java:94)- 《我与平凡似乎没关系》在书表中删除失败
2018-02-15 18:53:08,522 INFO (AuthorPageProcessor.java:100)- 《六芒星之证》在作者表中删除成功
2018-02-15 18:53:08,578 INFO (AuthorPageProcessor.java:100)- 《我与平凡似乎没关系》在作者表中删除成功
2018-02-15 18:53:08,579 INFO (AuthorPageProcessor.java:100)- 《丹特丽安的书架之阿古迪特之书》在作者表中删除成功
2018-02-15 18:53:08,629 INFO (AuthorPageProcessor.java:94)- 《鸦Crow》在书表中删除失败
2018-02-15 18:53:08,690 INFO (AuthorPageProcessor.java:94)- 《被放逐到地球之后的日子》在书表中删除失败
2018-02-15 18:53:08,749 INFO (AuthorPageProcessor.java:100)- 《鸦Crow》在作者表中删除成功
2018-02-15 18:53:08,749 INFO (AuthorPageProcessor.java:94)- 《我不可能永远被她们欺负》在书表中删除失败
2018-02-15 18:53:08,749 INFO (AuthorPageProcessor.java:94)- 《最强英雄的我却想过平凡生活》在书表中删除失败
2018-02-15 18:53:08,749 INFO (AuthorPageProcessor.java:94)- 《这个世界不太对》在书表中删除失败
2018-02-15 18:53:08,749 INFO (AuthorPageProcessor.java:94)- 《某无聊之人的校园生活》在书表中删除失败
2018-02-15 18:53:08,750 INFO (AuthorPageProcessor.java:94)- 《星期八的死斗之夜》在书表中删除失败
2018-02-15 18:53:08,825 INFO (AuthorPageProcessor.java:100)- 《被放逐到地球之后的日子》在作者表中删除成功
2018-02-15 18:53:08,825 INFO (AuthorPageProcessor.java:94)- 《德丽莎世界第一聪明》在书表中删除失败
2018-02-15 18:53:08,826 INFO (AuthorPageProcessor.java:94)- 《我的妹妹不可能是大魔王》在书表中删除失败
2018-02-15 18:53:08,826 INFO (AuthorPageProcessor.java:100)- 《星期八的死斗之夜》在作者表中删除成功
2018-02-15 18:53:08,826 INFO (AuthorPageProcessor.java:100)- 《某无聊之人的校园生活》在作者表中删除成功
2018-02-15 18:53:08,826 INFO (AuthorPageProcessor.java:94)- 《当轮回结束之后》在书表中删除失败
2018-02-15 18:53:08,826 INFO (AuthorPageProcessor.java:100)- 《我不可能永远被她们欺负》在作者表中删除成功
2018-02-15 18:53:08,827 INFO (AuthorPageProcessor.java:100)- 《这个世界不太对》在作者表中删除成功
2018-02-15 18:53:08,827 INFO (AuthorPageProcessor.java:100)- 《最强英雄的我却想过平凡生活》在作者表中删除成功
2018-02-15 18:53:08,890 INFO (AuthorPageProcessor.java:100)- 《德丽莎世界第一聪明》在作者表中删除成功
2018-02-15 18:53:08,891 INFO (AuthorPageProcessor.java:100)- 《我的妹妹不可能是大魔王》在作者表中删除成功
2018-02-15 18:53:08,891 INFO (AuthorPageProcessor.java:100)- 《当轮回结束之后》在作者表中删除成功
2018-02-15 18:53:08,953 INFO (AuthorPageProcessor.java:94)- 《在七日之都中追寻完美》在书表中删除失败
2018-02-15 18:53:08,956 INFO (AuthorPageProcessor.java:94)- 《約會大作戰之立華奏傳奇》在书表中删除失败
2018-02-15 18:53:08,961 INFO (AuthorPageProcessor.java:94)- 《道士的我要去混江湖》在书表中删除失败
2018-02-15 18:53:08,965 INFO (AuthorPageProcessor.java:94)- 《淑生恋》在书表中删除失败
2018-02-15 18:53:09,023 INFO (AuthorPageProcessor.java:100)- 《約會大作戰之立華奏傳奇》在作者表中删除成功
2018-02-15 18:53:09,024 INFO (AuthorPageProcessor.java:100)- 《在七日之都中追寻完美》在作者表中删除成功
2018-02-15 18:53:09,024 INFO (AuthorPageProcessor.java:100)- 《道士的我要去混江湖》在作者表中删除成功
2018-02-15 18:53:09,027 INFO (AuthorPageProcessor.java:100)- 《淑生恋》在作者表中删除成功
2018-02-15 18:53:09,128 INFO (ReptileImpl.java:93)- 15根线程,书籍全部爬取花费时间为：394358毫秒
2018-02-15 18:59:07,454 INFO (StartupInfoLogger.java:48)- Starting ApplicationTests on PRC-20170528YEV with PID 4816 (started by Administrator in F:\working\Spider)
2018-02-15 18:59:07,456 INFO (SpringApplication.java:593)- No active profile set, falling back to default profiles: default
2018-02-15 18:59:13,745 INFO (StartupInfoLogger.java:57)- Started ApplicationTests in 7.387 seconds (JVM running for 8.874)
2018-02-15 18:59:19,597 INFO (AuthorPageProcessor.java:84)- 《性转为机械少女在异界的奇妙冒险》在作者表中增添成功
2018-02-15 18:59:39,970 INFO (StartupInfoLogger.java:48)- Starting ApplicationTests on PRC-20170528YEV with PID 7040 (started by Administrator in F:\working\Spider)
2018-02-15 18:59:39,972 INFO (SpringApplication.java:593)- No active profile set, falling back to default profiles: default
2018-02-15 18:59:45,594 INFO (StartupInfoLogger.java:57)- Started ApplicationTests in 6.924 seconds (JVM running for 8.356)
2018-02-15 19:02:41,676 INFO (StartupInfoLogger.java:48)- Starting ApplicationTests on PRC-20170528YEV with PID 6280 (started by Administrator in F:\working\Spider)
2018-02-15 19:02:41,682 INFO (SpringApplication.java:593)- No active profile set, falling back to default profiles: default
2018-02-15 19:02:51,517 INFO (StartupInfoLogger.java:57)- Started ApplicationTests in 11.529 seconds (JVM running for 16.182)
2018-02-15 19:04:51,691 INFO (StartupInfoLogger.java:48)- Starting ApplicationTests on PRC-20170528YEV with PID 7772 (started by Administrator in F:\working\Spider)
2018-02-15 19:04:51,693 INFO (SpringApplication.java:593)- No active profile set, falling back to default profiles: default
2018-02-15 19:04:58,543 INFO (StartupInfoLogger.java:57)- Started ApplicationTests in 8.137 seconds (JVM running for 9.977)
2018-02-15 19:05:56,125 INFO (StartupInfoLogger.java:48)- Starting ApplicationTests on PRC-20170528YEV with PID 7276 (started by Administrator in F:\working\Spider)
2018-02-15 19:05:56,150 INFO (SpringApplication.java:593)- No active profile set, falling back to default profiles: default
2018-02-15 19:06:04,081 INFO (StartupInfoLogger.java:57)- Started ApplicationTests in 9.246 seconds (JVM running for 11.131)
2018-02-15 19:08:16,077 INFO (StartupInfoLogger.java:48)- Starting ApplicationTests on PRC-20170528YEV with PID 2120 (started by Administrator in F:\working\Spider)
2018-02-15 19:08:16,080 INFO (SpringApplication.java:593)- No active profile set, falling back to default profiles: default
2018-02-15 19:08:22,925 INFO (StartupInfoLogger.java:57)- Started ApplicationTests in 8.119 seconds (JVM running for 10.174)
2018-02-15 19:09:17,296 INFO (ReptileImpl.java:93)- 15根线程,书籍全部爬取花费时间为：50303毫秒
2018-02-15 19:11:34,876 INFO (StartupInfoLogger.java:48)- Starting ApplicationTests on PRC-20170528YEV with PID 7028 (started by Administrator in F:\working\Spider)
2018-02-15 19:11:34,878 INFO (SpringApplication.java:593)- No active profile set, falling back to default profiles: default
2018-02-15 19:12:59,941 INFO (StartupInfoLogger.java:48)- Starting ApplicationTests on PRC-20170528YEV with PID 2816 (started by Administrator in F:\working\Spider)
2018-02-15 19:12:59,943 INFO (SpringApplication.java:593)- No active profile set, falling back to default profiles: default
2018-02-15 19:13:06,429 INFO (StartupInfoLogger.java:57)- Started ApplicationTests in 7.243 seconds (JVM running for 8.628)
2018-02-15 19:13:17,983 INFO (AuthorPageProcessor.java:84)- 《静谧的行星-永恒的枷锁》在作者表中增添成功
2018-02-15 19:14:00,625 INFO (AuthorPageProcessor.java:84)- 《meaningless》在作者表中增添成功
2018-02-15 19:14:33,264 INFO (AuthorPageProcessor.java:84)- 《隋月乱武》在作者表中增添成功
2018-02-15 19:16:23,679 INFO (AuthorPageProcessor.java:84)- 《使徒的逆袭》在作者表中增添成功
2018-02-15 19:18:09,283 INFO (AuthorPageProcessor.java:84)- 《我是驱魔人》在作者表中增添成功
2018-02-15 19:19:46,625 INFO (AuthorPageProcessor.java:84)- 《幻影学院》在作者表中增添成功
2018-02-15 19:20:45,542 INFO (AuthorPageProcessor.java:84)- 《灵幻先生》在作者表中增添成功
2018-02-15 19:20:56,144 INFO (AuthorPageProcessor.java:84)- 《开启者的传说》在作者表中增添成功
2018-02-15 19:21:40,236 INFO (AuthorPageProcessor.java:84)- 《装甲步兵16TH》在作者表中增添成功
2018-02-15 19:22:24,615 INFO (AuthorPageProcessor.java:84)- 《就算被说可爱也不会高兴啊》在作者表中增添成功
2018-02-15 19:23:43,053 INFO (AuthorPageProcessor.java:84)- 《高达C.E.88镇魂歌计划》在作者表中增添成功
2018-02-15 19:24:05,318 INFO (AuthorPageProcessor.java:84)- 《做那种事妹妹会不会砍死我》在作者表中增添成功
2018-02-15 19:24:14,815 INFO (AuthorPageProcessor.java:84)- 《心之起源：守护者之魂》在作者表中增添成功
2018-02-15 19:24:40,873 INFO (AuthorPageProcessor.java:84)- 《舞裙的游戏》在作者表中增添成功
2018-02-15 19:24:54,083 INFO (AuthorPageProcessor.java:84)- 《月之幻游记》在作者表中增添成功
2018-02-15 19:25:02,874 INFO (AuthorPageProcessor.java:84)- 《SKG》在作者表中增添成功
2018-02-15 19:25:13,015 INFO (AuthorPageProcessor.java:84)- 《尼古拉斯神话》在作者表中增添成功
2018-02-15 19:25:23,854 INFO (AuthorPageProcessor.java:84)- 《和后宫一起活下去吧》在作者表中增添成功
2018-02-15 19:26:20,937 INFO (AuthorPageProcessor.java:84)- 《残破羽翼未来之旅》在作者表中增添成功
2018-02-15 19:26:22,615 INFO (AuthorPageProcessor.java:84)- 《剑之领主（重制版）》在作者表中增添成功
2018-02-15 19:26:24,815 INFO (AuthorPageProcessor.java:84)- 《战争女神的叹息の歌》在作者表中增添成功
2018-02-15 19:26:40,388 INFO (AuthorPageProcessor.java:84)- 《名霜烨》在作者表中增添成功
2018-02-15 19:27:16,851 INFO (AuthorPageProcessor.java:84)- 《幼龙姬的纵龙者》在作者表中增添成功
2018-02-15 19:28:17,411 INFO (AuthorPageProcessor.java:84)- 《星乐之音》在作者表中增添成功
2018-02-15 19:28:24,152 INFO (AuthorPageProcessor.java:84)- 《如果鬼迷心窍，那就请狼狈为奸！》在作者表中增添成功
2018-02-15 19:29:08,091 INFO (AuthorPageProcessor.java:84)- 《碎片神話》在作者表中增添成功
2018-02-15 19:29:51,192 INFO (AuthorPageProcessor.java:84)- 《双剑使的风花雪月》在作者表中增添成功
2018-02-15 19:30:59,155 INFO (AuthorPageProcessor.java:84)- 《魔法机械修罗场》在作者表中增添成功
2018-02-15 19:31:15,216 INFO (AuthorPageProcessor.java:84)- 《小说物语系列》在作者表中增添成功
2018-02-15 19:31:21,053 INFO (AuthorPageProcessor.java:84)- 《零能魔法師的校園生活》在作者表中增添成功
2018-02-15 19:31:50,798 INFO (AuthorPageProcessor.java:84)- 《身为漫画家的我，被粉丝抓住了！》在作者表中增添成功
2018-02-15 19:32:03,507 INFO (AuthorPageProcessor.java:84)- 《剑对魔法》在作者表中增添成功
2018-02-15 19:32:16,838 INFO (AuthorPageProcessor.java:84)- 《某传说的最强之人》在作者表中增添成功
2018-02-15 19:32:17,019 INFO (AuthorPageProcessor.java:84)- 《道行师——契言之戒》在作者表中增添成功
2018-02-15 19:32:20,331 INFO (AuthorPageProcessor.java:84)- 《道行师——雪狐之印》在作者表中增添成功
2018-02-15 19:32:37,629 INFO (AuthorPageProcessor.java:84)- 《DestinyLine》在作者表中增添成功
2018-02-15 19:32:49,194 INFO (AuthorPageProcessor.java:84)- 《上学日记》在作者表中增添成功
2018-02-15 19:32:55,679 INFO (AuthorPageProcessor.java:84)- 《不良少女是學生會會長》在作者表中增添成功
2018-02-15 19:32:57,954 INFO (AuthorPageProcessor.java:84)- 《送音樂至海賊》在作者表中增添成功
2018-02-15 19:32:59,040 INFO (AuthorPageProcessor.java:84)- 《你曾在我的记忆里出现》在作者表中增添成功
2018-02-15 19:33:12,948 INFO (AuthorPageProcessor.java:84)- 《我会回来的》在作者表中增添成功
2018-02-15 19:33:13,852 INFO (AuthorPageProcessor.java:84)- 《奈克瑟斯奥特曼：平行》在作者表中增添成功
2018-02-15 19:33:16,770 INFO (AuthorPageProcessor.java:84)- 《李哲的世界》在作者表中增添成功
2018-02-15 19:33:24,714 INFO (AuthorPageProcessor.java:84)- 《洛亚史诗(RhoaEpic)》在作者表中增添成功
2018-02-15 19:33:27,135 INFO (AuthorPageProcessor.java:84)- 《神翼之羽——绯色之樱》在作者表中增添成功
2018-02-15 19:33:32,476 INFO (AuthorPageProcessor.java:84)- 《龙傲天》在作者表中增添成功
2018-02-15 19:33:38,830 INFO (AuthorPageProcessor.java:84)- 《我的弟弟不可能是坏人》在作者表中增添成功
2018-02-15 19:33:48,829 INFO (AuthorPageProcessor.java:84)- 《萝莉天堂国》在作者表中增添成功
2018-02-15 19:33:49,444 INFO (AuthorPageProcessor.java:84)- 《夜游妖市》在作者表中增添成功
2018-02-15 19:34:11,095 INFO (AuthorPageProcessor.java:84)- 《崩坏人生》在作者表中增添成功
2018-02-15 19:34:27,523 INFO (AuthorPageProcessor.java:84)- 《穿越异世界的我，和公主有一腿》在作者表中增添成功
2018-02-15 19:34:43,868 INFO (AuthorPageProcessor.java:84)- 《魂夜祭》在作者表中增添成功
2018-02-15 19:34:45,791 INFO (AuthorPageProcessor.java:84)- 《这会是一个特别的约会吗》在作者表中增添成功
2018-02-15 19:35:22,446 INFO (AuthorPageProcessor.java:84)- 《薯光女神伊傲天》在作者表中增添成功
2018-02-15 19:35:23,936 INFO (AuthorPageProcessor.java:84)- 《魔法少女疾风传》在作者表中增添成功
2018-02-15 19:35:24,478 INFO (AuthorPageProcessor.java:84)- 《诈欺少年与不死少女》在作者表中增添成功
2018-02-15 19:35:33,839 INFO (AuthorPageProcessor.java:84)- 《我与妹妹的生活有点糟》在作者表中增添成功
2018-02-15 19:35:36,269 INFO (AuthorPageProcessor.java:84)- 《王之印的精灵与魔导器》在作者表中增添成功
2018-02-15 19:35:53,703 INFO (AuthorPageProcessor.java:84)- 《断界骑士传》在作者表中增添成功
2018-02-15 19:35:58,549 INFO (AuthorPageProcessor.java:84)- 《修女的预告》在作者表中增添成功
2018-02-15 19:36:08,758 INFO (AuthorPageProcessor.java:84)- 《东方之幻想乡》在作者表中增添成功
2018-02-15 19:36:09,255 INFO (AuthorPageProcessor.java:84)- 《这不是我想要的约会》在作者表中增添成功
2018-02-15 19:36:14,818 INFO (AuthorPageProcessor.java:84)- 《公会看板娘之野望》在作者表中增添成功
2018-02-15 19:36:16,135 INFO (AuthorPageProcessor.java:84)- 《异战都市奥尔芬》在作者表中增添成功
2018-02-15 19:36:18,983 INFO (AuthorPageProcessor.java:84)- 《MHInstruction》在作者表中增添成功
2018-02-15 19:36:27,337 INFO (AuthorPageProcessor.java:84)- 《无限之魂》在作者表中增添成功
2018-02-15 19:36:31,101 INFO (AuthorPageProcessor.java:84)- 《成为三无少女后的白鸟异闻录》在作者表中增添成功
2018-02-15 19:36:39,037 INFO (AuthorPageProcessor.java:84)- 《变身贞德奋斗在异界中世纪》在作者表中增添成功
