2018-02-15 19:36:40,393 INFO (AuthorPageProcessor.java:84)- 《吸血萝莉在都市》在作者表中增添成功
2018-02-15 19:36:42,534 INFO (AuthorPageProcessor.java:84)- 《深海舰娘进化论》在作者表中增添成功
2018-02-15 19:36:43,018 INFO (AuthorPageProcessor.java:84)- 《和我同居的创世神居然是萝莉！？》在作者表中增添成功
2018-02-15 19:36:45,256 INFO (AuthorPageProcessor.java:84)- 《醒来后我变成了剑姬》在作者表中增添成功
2018-02-15 19:36:56,031 INFO (AuthorPageProcessor.java:84)- 《崩坏的歌姬》在作者表中增添成功
2018-02-15 19:36:59,079 INFO (AuthorPageProcessor.java:84)- 《就设定来说我可是主角啊！》在作者表中增添成功
2018-02-15 19:37:05,169 INFO (AuthorPageProcessor.java:84)- 《被厄运女神光顾的不完美日常》在作者表中增添成功
2018-02-15 19:37:07,218 INFO (AuthorPageProcessor.java:84)- 《阴阳家家祠的狐仙与我的怪异连环》在作者表中增添成功
2018-02-15 19:37:12,879 INFO (AuthorPageProcessor.java:84)- 《闯遍异世界的火系魔法》在作者表中增添成功
2018-02-15 19:37:30,890 INFO (AuthorPageProcessor.java:84)- 《十二星总传：暨丒录》在作者表中增添成功
2018-02-15 19:37:32,936 INFO (AuthorPageProcessor.java:84)- 《娘化金木的约会大作战》在作者表中增添成功
2018-02-15 19:37:35,631 INFO (AuthorPageProcessor.java:84)- 《次元幻想》在作者表中增添成功
2018-02-15 19:37:40,196 INFO (AuthorPageProcessor.java:84)- 《满级女仆的异界之旅》在作者表中增添成功
2018-02-15 19:37:45,844 INFO (AuthorPageProcessor.java:84)- 《骷髅的生存指南》在作者表中增添成功
2018-02-15 19:37:48,995 INFO (AuthorPageProcessor.java:84)- 《女神是H画师，你敢信？》在作者表中增添成功
2018-02-15 19:37:59,583 INFO (AuthorPageProcessor.java:84)- 《虽然转生成一块魔岩》在作者表中增添成功
2018-02-15 19:38:14,573 INFO (AuthorPageProcessor.java:84)- 《魔导学院的年下大叔》在作者表中增添成功
2018-02-15 19:38:29,739 INFO (AuthorPageProcessor.java:84)- 《羽之诗》在作者表中增添成功
2018-02-15 19:38:33,092 INFO (AuthorPageProcessor.java:84)- 《普通日常记录》在作者表中增添成功
2018-02-15 19:38:38,383 INFO (AuthorPageProcessor.java:84)- 《当我的青春不再是单色》在作者表中增添成功
2018-02-15 19:38:55,361 INFO (AuthorPageProcessor.java:84)- 《蝉鸣DEATH》在作者表中增添成功
2018-02-15 19:39:01,683 INFO (AuthorPageProcessor.java:84)- 《灵与我的可爱妹妹》在作者表中增添成功
2018-02-15 19:39:15,434 INFO (AuthorPageProcessor.java:84)- 《善恶与命运的默示录》在作者表中增添成功
2018-02-15 19:39:22,476 INFO (AuthorPageProcessor.java:84)- 《道法少女小詩修真風的魔法少女》在作者表中增添成功
2018-02-15 19:39:26,875 INFO (AuthorPageProcessor.java:84)- 《明日高中》在作者表中增添成功
2018-02-15 19:39:28,414 INFO (AuthorPageProcessor.java:84)- 《彼岸花之夙》在作者表中增添成功
2018-02-15 19:39:41,349 INFO (AuthorPageProcessor.java:84)- 《伊月的東方穿越錄》在作者表中增添成功
2018-02-15 19:39:46,003 INFO (AuthorPageProcessor.java:84)- 《閃電的約會大作戰》在作者表中增添成功
2018-02-15 19:39:48,213 INFO (AuthorPageProcessor.java:84)- 《求生在宠物小精灵》在作者表中增添成功
2018-02-15 19:39:52,458 INFO (AuthorPageProcessor.java:84)- 《少女！你想要成为魔王吗？》在作者表中增添成功
2018-02-15 19:39:52,696 INFO (AuthorPageProcessor.java:84)- 《那些年，不一样的三国无双》在作者表中增添成功
2018-02-15 19:39:54,855 INFO (AuthorPageProcessor.java:84)- 《幽行世纪》在作者表中增添成功
2018-02-15 19:39:58,046 INFO (AuthorPageProcessor.java:84)- 《综漫之神的惩罚游戏》在作者表中增添成功
2018-02-15 19:39:59,660 INFO (AuthorPageProcessor.java:84)- 《百花向阳》在作者表中增添成功
2018-02-15 19:40:02,221 INFO (AuthorPageProcessor.java:84)- 《神隐的妖怪部屋》在作者表中增添成功
2018-02-15 19:40:09,793 INFO (AuthorPageProcessor.java:84)- 《约会大作战之起源》在作者表中增添成功
2018-02-15 19:40:22,350 INFO (AuthorPageProcessor.java:84)- 《写作训练》在作者表中增添成功
2018-02-15 19:40:42,780 INFO (AuthorPageProcessor.java:84)- 《key社动漫狂想录》在作者表中增添成功
2018-02-15 19:40:44,413 INFO (AuthorPageProcessor.java:84)- 《根源之境》在作者表中增添成功
2018-02-15 19:40:45,323 INFO (AuthorPageProcessor.java:84)- 《转生到后宫的世界但主角不是我》在作者表中增添成功
2018-02-15 19:40:45,854 INFO (AuthorPageProcessor.java:84)- 《鲁鲁修之变身逆袭的卡莲》在作者表中增添成功
2018-02-15 19:41:11,836 INFO (AuthorPageProcessor.java:84)- 《你找错了，主角在隔壁》在作者表中增添成功
2018-02-15 19:41:12,611 INFO (AuthorPageProcessor.java:84)- 《来自星空的铁翼天使》在作者表中增添成功
2018-02-15 19:41:14,249 INFO (AuthorPageProcessor.java:84)- 《扬起反旗吧！奴隶少女们！》在作者表中增添成功
2018-02-15 19:41:15,811 INFO (AuthorPageProcessor.java:84)- 《断刀者，无敌？！》在作者表中增添成功
2018-02-15 19:41:18,488 INFO (AuthorPageProcessor.java:84)- 《我在世界尽头等你》在作者表中增添成功
2018-02-15 19:41:23,550 INFO (AuthorPageProcessor.java:84)- 《这个世界上只需要有土豆就够了！》在作者表中增添成功
2018-02-15 19:41:36,692 INFO (AuthorPageProcessor.java:84)- 《游戏宅的我不可能有妹子喜欢》在作者表中增添成功
2018-02-15 19:41:41,397 INFO (AuthorPageProcessor.java:84)- 《末日之冰狐小萝莉》在作者表中增添成功
2018-02-15 19:41:45,337 INFO (AuthorPageProcessor.java:84)- 《东京喰种之梦喰白黑》在作者表中增添成功
2018-02-15 19:41:47,848 INFO (AuthorPageProcessor.java:84)- 《星刻之子》在作者表中增添成功
2018-02-15 19:41:54,687 INFO (AuthorPageProcessor.java:84)- 《灵魂的传承者》在作者表中增添成功
2018-02-15 19:41:55,873 INFO (AuthorPageProcessor.java:84)- 《我被死神骗到异世界当女孩子》在作者表中增添成功
2018-02-15 19:42:00,177 INFO (AuthorPageProcessor.java:84)- 《重生之游戏女皇》在作者表中增添成功
2018-02-15 19:42:00,714 INFO (AuthorPageProcessor.java:84)- 《范古雷的求真者》在作者表中增添成功
2018-02-15 19:42:05,257 INFO (AuthorPageProcessor.java:84)- 《我与外星美少女的同居生活》在作者表中增添成功
2018-02-15 19:42:16,879 INFO (AuthorPageProcessor.java:84)- 《掌控雷电后，我居然变成了女生？》在作者表中增添成功
2018-02-15 19:42:17,771 INFO (AuthorPageProcessor.java:84)- 《神与她创造的世界》在作者表中增添成功
2018-02-15 19:42:27,553 INFO (AuthorPageProcessor.java:84)- 《恶魔的进化目录》在作者表中增添成功
2018-02-15 19:42:27,850 INFO (AuthorPageProcessor.java:84)- 《若在世界的彼端》在作者表中增添成功
2018-02-15 19:42:31,139 INFO (AuthorPageProcessor.java:84)- 《火影之烂好人》在作者表中增添成功
2018-02-15 19:42:35,177 INFO (AuthorPageProcessor.java:84)- 《《剑帝少女》这个坑不算什么》在作者表中增添成功
2018-02-15 19:42:40,374 INFO (AuthorPageProcessor.java:84)- 《莱森之夏》在作者表中增添成功
2018-02-15 19:42:45,673 INFO (AuthorPageProcessor.java:84)- 《勇者进化》在作者表中增添成功
2018-02-15 19:42:50,273 INFO (AuthorPageProcessor.java:84)- 《惩戒者的杀戮记录》在作者表中增添成功
2018-02-15 19:42:53,047 INFO (AuthorPageProcessor.java:84)- 《精靈小姐約會中》在作者表中增添成功
2018-02-15 19:42:57,796 INFO (AuthorPageProcessor.java:84)- 《道记》在作者表中增添成功
2018-02-15 19:43:10,507 INFO (AuthorPageProcessor.java:84)- 《傅阳春秋》在作者表中增添成功
2018-02-15 19:43:11,458 INFO (AuthorPageProcessor.java:84)- 《我的WPS被娘化了！》在作者表中增添成功
2018-02-15 19:43:16,835 INFO (AuthorPageProcessor.java:84)- 《装甲机械之星》在作者表中增添成功
2018-02-15 19:43:25,337 INFO (AuthorPageProcessor.java:84)- 《魂穿爱上现在的妹妹该怎么办？》在作者表中增添成功
2018-02-15 19:43:33,200 INFO (AuthorPageProcessor.java:84)- 《永存的畸恋》在作者表中增添成功
2018-02-15 19:43:33,793 INFO (AuthorPageProcessor.java:84)- 《某不科學的天降之物》在作者表中增添成功
2018-02-15 19:43:36,302 INFO (AuthorPageProcessor.java:84)- 《黄昏后》在作者表中增添成功
2018-02-15 19:43:40,034 INFO (AuthorPageProcessor.java:84)- 《百合娘的温馨日常》在作者表中增添成功
2018-02-15 19:43:42,343 INFO (AuthorPageProcessor.java:84)- 《舰R这个提督是咸鱼》在作者表中增添成功
2018-02-15 19:43:57,647 INFO (AuthorPageProcessor.java:84)- 《阴阳炼金术》在作者表中增添成功
2018-02-15 19:44:06,966 INFO (AuthorPageProcessor.java:84)- 《某呆毛的漫漫の旅》在作者表中增添成功
2018-02-15 19:44:16,537 INFO (AuthorPageProcessor.java:84)- 《幼女勇者猎魔战记》在作者表中增添成功
2018-02-15 19:44:27,416 INFO (AuthorPageProcessor.java:84)- 《红瞳遗失》在作者表中增添成功
2018-02-15 19:44:58,274 INFO (AuthorPageProcessor.java:84)- 《如果可以重来，我才不要当勇者》在作者表中增添成功
2018-02-15 19:44:58,882 INFO (AuthorPageProcessor.java:84)- 《听说拯救黑化反派之路很艰辛？！》在作者表中增添成功
2018-02-15 19:45:02,256 INFO (AuthorPageProcessor.java:84)- 《我的怪物女友》在作者表中增添成功
2018-02-15 19:45:11,177 INFO (AuthorPageProcessor.java:84)- 《永夜之城的罪赎少女》在作者表中增添成功
2018-02-15 19:45:12,909 INFO (AuthorPageProcessor.java:84)- 《D级公会没有主人公！》在作者表中增添成功
2018-02-15 19:45:13,291 INFO (AuthorPageProcessor.java:84)- 《宅男和痴女难道是天作之合？》在作者表中增添成功
2018-02-15 19:45:28,892 INFO (AuthorPageProcessor.java:84)- 《并不悲伤的苏勤》在作者表中增添成功
2018-02-15 19:45:29,079 INFO (AuthorPageProcessor.java:84)- 《正直者之梦》在作者表中增添成功
2018-02-15 19:45:31,060 INFO (AuthorPageProcessor.java:84)- 《妹妹！我爱你！》在作者表中增添成功
2018-02-15 19:45:38,539 INFO (AuthorPageProcessor.java:84)- 《Aether雷蒙盖顿》在作者表中增添成功
2018-02-15 19:45:42,270 INFO (AuthorPageProcessor.java:84)- 《命运之旅》在作者表中增添成功
2018-02-15 19:45:43,890 INFO (AuthorPageProcessor.java:84)- 《永远的轨迹》在作者表中增添成功
2018-02-15 19:45:57,476 INFO (AuthorPageProcessor.java:84)- 《军火导师与奴隶剑姬的反逆之路》在作者表中增添成功
2018-02-15 19:45:57,716 INFO (AuthorPageProcessor.java:84)- 《性转后，在异世界当最强！》在作者表中增添成功
2018-02-15 19:46:01,443 INFO (AuthorPageProcessor.java:84)- 《只喜欢二次元的人》在作者表中增添成功
2018-02-15 19:46:03,532 INFO (AuthorPageProcessor.java:84)- 《我穿越的那几年》在作者表中增添成功
2018-02-15 19:46:11,257 INFO (AuthorPageProcessor.java:84)- 《COMPLETE》在作者表中增添成功
2018-02-15 19:46:31,138 INFO (AuthorPageProcessor.java:84)- 《亡者进行曲》在作者表中增添成功
2018-02-15 19:46:54,256 INFO (AuthorPageProcessor.java:84)- 《高中生女仆违法吗》在作者表中增添成功
2018-02-15 19:47:00,043 INFO (AuthorPageProcessor.java:84)- 《我和我的魔王大人》在作者表中增添成功
2018-02-15 19:47:00,696 INFO (AuthorPageProcessor.java:84)- 《当社工而已，为何会开了后宫…》在作者表中增添成功
2018-02-15 19:47:06,416 INFO (AuthorPageProcessor.java:84)- 《我才不要当她的女奴！》在作者表中增添成功
2018-02-15 19:47:08,800 INFO (AuthorPageProcessor.java:84)- 《O&C時代》在作者表中增添成功
2018-02-15 19:47:17,021 INFO (AuthorPageProcessor.java:84)- 《妹妹?!求求你放过我吧》在作者表中增添成功
2018-02-15 19:47:17,733 INFO (AuthorPageProcessor.java:84)- 《悲剧！我在网游中竟成了真妹》在作者表中增添成功
2018-02-15 19:47:22,926 INFO (AuthorPageProcessor.java:84)- 《武林之王的退隐生活》在作者表中增添成功
2018-02-15 19:47:41,416 INFO (AuthorPageProcessor.java:84)- 《幻想世界fantesy》在作者表中增添成功
2018-02-15 19:47:43,156 INFO (AuthorPageProcessor.java:84)- 《幻想重生》在作者表中增添成功
2018-02-15 19:47:52,240 INFO (AuthorPageProcessor.java:84)- 《路人阿宅的日记》在作者表中增添成功
2018-02-15 19:47:57,709 INFO (AuthorPageProcessor.java:84)- 《鲁鲁修之爱尔娜的沉沦》在作者表中增添成功
2018-02-15 19:47:58,540 INFO (AuthorPageProcessor.java:84)- 《我的幽灵女友》在作者表中增添成功
2018-02-15 19:47:58,720 INFO (AuthorPageProcessor.java:84)- 《菲雅利大陆志》在作者表中增添成功
2018-02-15 19:48:08,520 INFO (AuthorPageProcessor.java:84)- 《冥亡契约》在作者表中增添成功
2018-02-15 19:48:10,422 INFO (AuthorPageProcessor.java:84)- 《异世界多线操作的我和自己》在作者表中增添成功
2018-02-15 19:48:12,801 INFO (AuthorPageProcessor.java:84)- 《双诀·影与光的轻舞》在作者表中增添成功
2018-02-15 19:48:16,344 INFO (AuthorPageProcessor.java:84)- 《废材调查官的杀人日常》在作者表中增添成功
2018-02-15 19:48:21,594 INFO (AuthorPageProcessor.java:84)- 《在线杀戮游戏》在作者表中增添成功
2018-02-15 19:48:29,235 INFO (AuthorPageProcessor.java:84)- 《归来的奥特曼》在作者表中增添成功
2018-02-15 19:48:46,770 INFO (AuthorPageProcessor.java:84)- 《獨行，有問題嗎？》在作者表中增添成功
2018-02-15 19:48:47,082 INFO (AuthorPageProcessor.java:84)- 《Boss很難當，你知道嗎？》在作者表中增添成功
2018-02-15 19:48:52,386 INFO (AuthorPageProcessor.java:84)- 《圣庭的雄狮·君临世界之王》在作者表中增添成功
2018-02-15 19:48:57,970 INFO (AuthorPageProcessor.java:84)- 《讲真，做狐仙很忙的！》在作者表中增添成功
2018-02-15 19:48:58,155 INFO (AuthorPageProcessor.java:84)- 《我的穿越是个坑》在作者表中增添成功
2018-02-15 19:49:02,999 INFO (AuthorPageProcessor.java:84)- 《老公是脑残剑圣？兽耳男娘的复仇》在作者表中增添成功
2018-02-15 19:49:03,356 INFO (AuthorPageProcessor.java:84)- 《无限日天》在作者表中增添成功
2018-02-15 19:49:10,445 INFO (AuthorPageProcessor.java:84)- 《就这样我成了黑龙？》在作者表中增添成功
2018-02-15 19:49:22,272 INFO (AuthorPageProcessor.java:84)- 《无限可能性的魔法》在作者表中增添成功
2018-02-15 19:49:23,381 INFO (AuthorPageProcessor.java:84)- 《字之理——转世迷梦》在作者表中增添成功
2018-02-15 19:49:27,952 INFO (AuthorPageProcessor.java:84)- 《绝对领域！》在作者表中增添成功
2018-02-15 19:49:30,008 INFO (AuthorPageProcessor.java:84)- 《请等下说再见》在作者表中增添成功
2018-02-15 19:49:36,344 INFO (AuthorPageProcessor.java:84)- 《萝变！百合！死灵师！》在作者表中增添成功
2018-02-15 19:49:36,822 INFO (AuthorPageProcessor.java:84)- 《五十四号特战队》在作者表中增添成功
2018-02-15 19:49:46,447 INFO (AuthorPageProcessor.java:84)- 《变身九黎族少女》在作者表中增添成功
2018-02-15 19:49:51,476 INFO (AuthorPageProcessor.java:84)- 《命运：缥缈的瓦尔哈拉》在作者表中增添成功
2018-02-15 19:49:55,225 INFO (AuthorPageProcessor.java:84)- 《不是你印象中魔法少女还真是抱歉》在作者表中增添成功
2018-02-15 19:49:55,935 INFO (AuthorPageProcessor.java:84)- 《姐姐，请不要统治世界好吗》在作者表中增添成功
2018-02-15 19:50:01,081 INFO (AuthorPageProcessor.java:84)- 《不明所以的来到异世界》在作者表中增添成功
2018-02-15 19:50:10,539 INFO (AuthorPageProcessor.java:84)- 《公主殿下与人偶副官》在作者表中增添成功
2018-02-15 19:50:13,284 INFO (AuthorPageProcessor.java:84)- 《指挥官，只要有我就够了》在作者表中增添成功
2018-02-15 19:50:13,878 INFO (AuthorPageProcessor.java:84)- 《那是由神谱写的魔法少女幻想！》在作者表中增添成功
2018-02-15 19:50:15,496 INFO (AuthorPageProcessor.java:84)- 《半的愛情》在作者表中增添成功
2018-02-15 19:50:19,179 INFO (AuthorPageProcessor.java:84)- 《萝莉魔王才不会卖萌呢》在作者表中增添成功
2018-02-15 19:50:21,909 INFO (AuthorPageProcessor.java:84)- 《不是UFO幽浮，是我男人下凡来》在作者表中增添成功
2018-02-15 19:50:23,831 INFO (AuthorPageProcessor.java:84)- 《米斯尼尔物语》在作者表中增添成功
2018-02-15 19:50:25,575 INFO (AuthorPageProcessor.java:84)- 《静默契约的精灵使》在作者表中增添成功
2018-02-15 19:50:29,214 INFO (AuthorPageProcessor.java:84)- 《帝国发展史》在作者表中增添成功
2018-02-15 19:50:47,864 INFO (AuthorPageProcessor.java:84)- 《若野草成花》在作者表中增添成功
2018-02-15 19:50:52,941 INFO (AuthorPageProcessor.java:84)- 《人类史上最强叛徒？》在作者表中增添成功
2018-02-15 19:50:56,245 INFO (AuthorPageProcessor.java:84)- 《大陆圣杯传说》在作者表中增添成功
2018-02-15 19:50:57,321 INFO (AuthorPageProcessor.java:84)- 《虽然被娘化了，但那可是网盘啊！》在作者表中增添成功
2018-02-15 19:51:04,761 INFO (AuthorPageProcessor.java:84)- 《魔眼继承者》在作者表中增添成功
2018-02-15 19:51:06,749 INFO (AuthorPageProcessor.java:84)- 《夜雾将散》在作者表中增添成功
2018-02-15 19:51:16,099 INFO (AuthorPageProcessor.java:84)- 《穿越的约会》在作者表中增添成功
2018-02-15 19:51:17,173 INFO (AuthorPageProcessor.java:84)- 《我根本不是主角啊喂》在作者表中增添成功
2018-02-15 19:51:17,958 INFO (AuthorPageProcessor.java:84)- 《异世再启修仙路》在作者表中增添成功
2018-02-15 19:51:18,918 INFO (AuthorPageProcessor.java:84)- 《被遗忘的女武神》在作者表中增添成功
2018-02-15 19:51:25,958 INFO (AuthorPageProcessor.java:84)- 《我成萌妹子了》在作者表中增添成功
2018-02-15 19:51:26,914 INFO (AuthorPageProcessor.java:84)- 《魔法少女司馬瞳》在作者表中增添成功
2018-02-15 19:51:30,696 INFO (AuthorPageProcessor.java:84)- 《幻想乡刀鬼传》在作者表中增添成功
2018-02-15 19:51:31,298 INFO (AuthorPageProcessor.java:84)- 《明词》在作者表中增添成功
2018-02-15 19:51:31,906 INFO (AuthorPageProcessor.java:84)- 《新手女王和开挂大臣们》在作者表中增添成功
2018-02-15 19:51:35,541 INFO (AuthorPageProcessor.java:84)- 《最强的我行于世间》在作者表中增添成功
2018-02-15 19:52:24,678 INFO (AuthorPageProcessor.java:84)- 《幻缈世界》在作者表中增添成功
2018-02-15 19:52:24,977 INFO (AuthorPageProcessor.java:84)- 《花色世界，茶色青春》在作者表中增添成功
2018-02-15 19:52:27,602 INFO (AuthorPageProcessor.java:84)- 《怪物猎人——暗影闪光》在作者表中增添成功
2018-02-15 19:52:28,263 INFO (AuthorPageProcessor.java:84)- 《圣经》在作者表中增添成功
2018-02-15 19:52:29,541 INFO (AuthorPageProcessor.java:84)- 《我的老妈是狐妖》在作者表中增添成功
2018-02-15 19:52:41,802 INFO (AuthorPageProcessor.java:84)- 《这个神明来自地球》在作者表中增添成功
2018-02-15 19:52:43,058 INFO (AuthorPageProcessor.java:84)- 《使命》在作者表中增添成功
2018-02-15 19:52:54,648 INFO (AuthorPageProcessor.java:84)- 《作为一名阴阳师是女校的老师？！》在作者表中增添成功
2018-02-15 19:52:54,827 INFO (AuthorPageProcessor.java:84)- 《我们生存在丧尸的世界》在作者表中增添成功
2018-02-15 19:52:59,154 INFO (AuthorPageProcessor.java:84)- 《不可能的物语》在作者表中增添成功
2018-02-15 19:53:07,845 INFO (AuthorPageProcessor.java:84)- 《钢铁与天空的律音》在作者表中增添成功
2018-02-15 19:53:08,214 INFO (AuthorPageProcessor.java:84)- 《还是约会大作战吗？》在作者表中增添成功
2018-02-15 19:53:12,177 INFO (AuthorPageProcessor.java:84)- 《公主的私人画师》在作者表中增添成功
2018-02-15 19:53:22,940 INFO (AuthorPageProcessor.java:84)- 《我在异世界萝变成精灵》在作者表中增添成功
2018-02-15 19:53:24,695 INFO (AuthorPageProcessor.java:84)- 《冷傲哥哥碰见痴女妹妹》在作者表中增添成功
2018-02-15 19:53:30,292 INFO (AuthorPageProcessor.java:84)- 《白花花的世界线游戏》在作者表中增添成功
2018-02-15 19:53:33,401 INFO (AuthorPageProcessor.java:84)- 《苦逼的现代魔法师参上》在作者表中增添成功
2018-02-15 19:53:49,262 INFO (AuthorPageProcessor.java:84)- 《尖兵之旅》在作者表中增添成功
2018-02-15 19:53:50,466 INFO (AuthorPageProcessor.java:84)- 《萝太会长性转后的日常》在作者表中增添成功
2018-02-15 19:53:56,141 INFO (AuthorPageProcessor.java:84)- 《异世界的我该何去何从》在作者表中增添成功
2018-02-15 19:54:00,769 INFO (AuthorPageProcessor.java:84)- 《神王冠冕》在作者表中增添成功
2018-02-15 19:54:04,779 INFO (AuthorPageProcessor.java:84)- 《落辰》在作者表中增添成功
2018-02-15 19:54:08,709 INFO (AuthorPageProcessor.java:84)- 《千万兽之做主》在作者表中增添成功
2018-02-15 19:54:10,276 INFO (AuthorPageProcessor.java:84)- 《魔战科高校》在作者表中增添成功
2018-02-15 19:54:10,458 INFO (AuthorPageProcessor.java:84)- 《背负恶名》在作者表中增添成功
2018-02-15 19:54:19,012 INFO (AuthorPageProcessor.java:84)- 《時空亂象霜篇》在作者表中增添成功
2018-02-15 19:54:19,499 INFO (AuthorPageProcessor.java:84)- 《作4群第一届圣杯战争》在作者表中增添成功
2018-02-15 19:54:23,024 INFO (AuthorPageProcessor.java:84)- 《绝对不会是《约会》》在作者表中增添成功
2018-02-15 19:54:25,587 INFO (AuthorPageProcessor.java:84)- 《零之迷途》在作者表中增添成功
2018-02-15 19:54:31,699 INFO (AuthorPageProcessor.java:84)- 《苍月物语》在作者表中增添成功
2018-02-15 19:54:32,953 INFO (AuthorPageProcessor.java:84)- 《黑暗少女的约会》在作者表中增添成功
2018-02-15 19:54:33,146 INFO (AuthorPageProcessor.java:84)- 《我和旁白的异世界冒险》在作者表中增添成功
2018-02-15 19:54:34,355 INFO (AuthorPageProcessor.java:84)- 《學渣穿越了》在作者表中增添成功
2018-02-15 19:54:38,412 INFO (AuthorPageProcessor.java:84)- 《分子与境界的旅行》在作者表中增添成功
2018-02-15 19:54:43,772 INFO (AuthorPageProcessor.java:84)- 《原罪大人的漫漫修仙路》在作者表中增添成功
2018-02-15 19:54:50,055 INFO (AuthorPageProcessor.java:84)- 《幻宇千叶的短篇小说集》在作者表中增添成功
2018-02-15 19:55:01,903 INFO (AuthorPageProcessor.java:84)- 《萝莉杀手》在作者表中增添成功
2018-02-15 19:55:03,930 INFO (AuthorPageProcessor.java:84)- 《虫生之末世启示录》在作者表中增添成功
2018-02-15 19:55:05,006 INFO (AuthorPageProcessor.java:84)- 《药剂师的我，在战争中变成了她》在作者表中增添成功
2018-02-15 19:55:13,224 INFO (AuthorPageProcessor.java:84)- 《这不是亲女儿》在作者表中增添成功
2018-02-15 19:55:14,118 INFO (AuthorPageProcessor.java:84)- 《你是孤独王者？那这堆美少女是？》在作者表中增添成功
2018-02-15 19:55:14,719 INFO (AuthorPageProcessor.java:84)- 《快看那个废柴天师！》在作者表中增添成功
2018-02-15 19:55:16,284 INFO (AuthorPageProcessor.java:84)- 《魔法·血之记忆》在作者表中增添成功
2018-02-15 19:55:18,650 INFO (AuthorPageProcessor.java:84)- 《转生异界变成剑》在作者表中增添成功
2018-02-15 19:55:19,381 INFO (AuthorPageProcessor.java:84)- 《剑魂少年命运剑神》在作者表中增添成功
2018-02-15 19:55:21,297 INFO (AuthorPageProcessor.java:84)- 《魂机战乱》在作者表中增添成功
2018-02-15 19:55:24,355 INFO (AuthorPageProcessor.java:84)- 《转生成为恶魔》在作者表中增添成功
2018-02-15 19:55:32,652 INFO (AuthorPageProcessor.java:84)- 《光辉之歌》在作者表中增添成功
2018-02-15 19:55:38,673 INFO (AuthorPageProcessor.java:84)- 《自創勇者物語》在作者表中增添成功
2018-02-15 19:55:41,142 INFO (AuthorPageProcessor.java:84)- 《玩游戏为什么会变成女生？》在作者表中增添成功
2018-02-15 19:55:46,451 INFO (AuthorPageProcessor.java:84)- 《萝莉控的高中日常》在作者表中增添成功
2018-02-15 19:55:56,455 INFO (AuthorPageProcessor.java:84)- 《源地球》在作者表中增添成功
2018-02-15 19:56:01,170 INFO (AuthorPageProcessor.java:84)- 《神？干啥的？》在作者表中增添成功
2018-02-15 19:56:08,342 INFO (AuthorPageProcessor.java:84)- 《謎一样的幻想之乡》在作者表中增添成功
2018-02-15 19:56:10,042 INFO (AuthorPageProcessor.java:84)- 《驱魔者》在作者表中增添成功
2018-02-15 19:56:16,691 INFO (AuthorPageProcessor.java:84)- 《变成铠甲的我，被萝莉喜欢上了？》在作者表中增添成功
2018-02-15 19:56:22,084 INFO (AuthorPageProcessor.java:84)- 《狐娘与妹妹的热血生活》在作者表中增添成功
2018-02-15 19:56:25,982 INFO (AuthorPageProcessor.java:84)- 《不是勇者的我到异世界》在作者表中增添成功
2018-02-15 19:56:39,437 INFO (AuthorPageProcessor.java:84)- 《要潇洒的活在黑暗的怪世界》在作者表中增添成功
2018-02-15 19:56:47,002 INFO (AuthorPageProcessor.java:84)- 《我身体里的二次元少女们》在作者表中增添成功
2018-02-15 19:57:00,128 INFO (AuthorPageProcessor.java:84)- 《性转了校花却成为后宫》在作者表中增添成功
2018-02-15 19:57:02,354 INFO (AuthorPageProcessor.java:84)- 《与美少女姑奶奶的青春物语》在作者表中增添成功
2018-02-15 19:57:05,499 INFO (AuthorPageProcessor.java:84)- 《异世界无敌剑仙》在作者表中增添成功
2018-02-15 19:57:08,399 INFO (AuthorPageProcessor.java:84)- 《我成了女孩子会被攻略》在作者表中增添成功
2018-02-15 19:57:19,995 INFO (AuthorPageProcessor.java:84)- 《秘术的救赎》在作者表中增添成功
2018-02-15 19:57:23,424 INFO (AuthorPageProcessor.java:84)- 《即使我变成女生也请别叫我老婆》在作者表中增添成功
2018-02-15 19:57:33,071 INFO (AuthorPageProcessor.java:84)- 《Saviours》在作者表中增添成功
2018-02-15 19:57:33,804 INFO (AuthorPageProcessor.java:84)- 《命运崩坏之夜》在作者表中增添成功
2018-02-15 19:57:39,729 INFO (AuthorPageProcessor.java:84)- 《拂晓之路》在作者表中增添成功
2018-02-15 19:57:44,526 INFO (AuthorPageProcessor.java:84)- 《剑断人离》在作者表中增添成功
2018-02-15 19:57:47,763 INFO (AuthorPageProcessor.java:84)- 《混沌神竟然是一位高中生》在作者表中增添成功
2018-02-15 19:57:51,224 INFO (AuthorPageProcessor.java:84)- 《我被奴化了开玩笑吧》在作者表中增添成功
2018-02-15 19:57:51,523 INFO (AuthorPageProcessor.java:84)- 《我身边有个碧池》在作者表中增添成功
2018-02-15 19:57:52,938 INFO (AuthorPageProcessor.java:84)- 《闭锁回路》在作者表中增添成功
2018-02-15 19:58:09,885 INFO (AuthorPageProcessor.java:84)- 《曾为武器》在作者表中增添成功
2018-02-15 19:58:11,826 INFO (AuthorPageProcessor.java:84)- 《吸血鬼萝莉的约会之旅》在作者表中增添成功
2018-02-15 19:58:16,215 INFO (AuthorPageProcessor.java:84)- 《刺客王朝》在作者表中增添成功
2018-02-15 19:58:22,004 INFO (AuthorPageProcessor.java:84)- 《创世者的神则书》在作者表中增添成功
2018-02-15 19:58:22,303 INFO (AuthorPageProcessor.java:84)- 《妹控转生异世界》在作者表中增添成功
2018-02-15 19:58:25,261 INFO (AuthorPageProcessor.java:84)- 《子弹时间中的逆心者》在作者表中增添成功
2018-02-15 19:58:39,181 INFO (AuthorPageProcessor.java:84)- 《体内藏着女剑仙》在作者表中增添成功
2018-02-15 19:58:42,534 INFO (AuthorPageProcessor.java:84)- 《神魔游戏》在作者表中增添成功
2018-02-15 19:58:42,655 INFO (AuthorPageProcessor.java:84)- 《重生在约战》在作者表中增添成功
2018-02-15 19:58:43,193 INFO (AuthorPageProcessor.java:84)- 《动漫穿越之旅》在作者表中增添成功
2018-02-15 19:58:45,484 INFO (AuthorPageProcessor.java:84)- 《白日梦DayDreaming》在作者表中增添成功
2018-02-15 19:58:45,907 INFO (AuthorPageProcessor.java:84)- 《阴阳师的我成了式神》在作者表中增添成功
2018-02-15 19:58:46,575 INFO (AuthorPageProcessor.java:84)- 《启示录2铁幕》在作者表中增添成功
2018-02-15 19:58:49,039 INFO (AuthorPageProcessor.java:84)- 《挑粪大侠》在作者表中增添成功
2018-02-15 19:58:52,484 INFO (AuthorPageProcessor.java:84)- 《格林学院》在作者表中增添成功
2018-02-15 19:58:54,875 INFO (AuthorPageProcessor.java:84)- 《不科学1主角的日常》在作者表中增添成功
2018-02-15 19:58:56,450 INFO (AuthorPageProcessor.java:84)- 《异世界的转生日记》在作者表中增添成功
2018-02-15 19:59:03,640 INFO (AuthorPageProcessor.java:84)- 《因为责任我重出江湖》在作者表中增添成功
2018-02-15 19:59:06,929 INFO (AuthorPageProcessor.java:84)- 《刀剑神域虚拟角色》在作者表中增添成功
2018-02-15 19:59:16,469 INFO (AuthorPageProcessor.java:84)- 《月夜之下狩猎的恶魔》在作者表中增添成功
2018-02-15 19:59:22,147 INFO (AuthorPageProcessor.java:84)- 《一个不一样的TD故事》在作者表中增添成功
2018-02-15 19:59:26,753 INFO (AuthorPageProcessor.java:84)- 《拯救崩坏的日常》在作者表中增添成功
2018-02-15 19:59:28,504 INFO (AuthorPageProcessor.java:84)- 《身为极度弟控的托尔》在作者表中增添成功
2018-02-15 19:59:28,683 INFO (AuthorPageProcessor.java:84)- 《我的特異家庭》在作者表中增添成功
2018-02-15 19:59:31,499 INFO (AuthorPageProcessor.java:84)- 《那么太阳和我的关系是》在作者表中增添成功
2018-02-15 19:59:34,276 INFO (AuthorPageProcessor.java:84)- 《塔之安魂曲》在作者表中增添成功
2018-02-15 19:59:36,060 INFO (AuthorPageProcessor.java:84)- 《这个约会大作战不对劲》在作者表中增添成功
2018-02-15 19:59:53,802 INFO (AuthorPageProcessor.java:84)- 《我只想要安静的狗生》在作者表中增添成功
2018-02-15 19:59:59,202 INFO (AuthorPageProcessor.java:84)- 《正常的觸手少女》在作者表中增添成功
2018-02-15 20:00:03,890 INFO (AuthorPageProcessor.java:84)- 《重生之约会大作战的生活》在作者表中增添成功
2018-02-15 20:00:11,264 INFO (AuthorPageProcessor.java:84)- 《穿越之斩赤红之瞳》在作者表中增添成功
2018-02-15 20:00:14,957 INFO (AuthorPageProcessor.java:84)- 《千万兽之迷君》在作者表中增添成功
2018-02-15 20:00:24,147 INFO (AuthorPageProcessor.java:84)- 《这是正常的校园生活吗》在作者表中增添成功
2018-02-15 20:00:36,338 INFO (AuthorPageProcessor.java:84)- 《黑之创世记》在作者表中增添成功
2018-02-15 20:00:45,637 INFO (AuthorPageProcessor.java:84)- 《曾经是黑武士的我现在是妹纸》在作者表中增添成功
2018-02-15 20:00:46,723 INFO (AuthorPageProcessor.java:84)- 《我还是当个店小二吧》在作者表中增添成功
2018-02-15 20:00:48,872 INFO (AuthorPageProcessor.java:84)- 《狼与火》在作者表中增添成功
2018-02-15 20:00:50,785 INFO (AuthorPageProcessor.java:84)- 《在我被囚禁的日子里》在作者表中增添成功
2018-02-15 20:00:56,620 INFO (AuthorPageProcessor.java:84)- 《哥哥变成萝莉画师了》在作者表中增添成功
2018-02-15 20:01:00,124 INFO (AuthorPageProcessor.java:84)- 《无敌的我是时候恋爱了》在作者表中增添成功
2018-02-15 20:01:06,538 INFO (AuthorPageProcessor.java:84)- 《起始的时间点》在作者表中增添成功
2018-02-15 20:01:06,778 INFO (AuthorPageProcessor.java:84)- 《室友穿裙子的秘密》在作者表中增添成功
2018-02-15 20:01:10,633 INFO (AuthorPageProcessor.java:84)- 《万法掌控者与13位奴隶》在作者表中增添成功
2018-02-15 20:01:15,762 INFO (AuthorPageProcessor.java:84)- 《我竟然可以这么轻松的拯救世界》在作者表中增添成功
2018-02-15 20:01:18,974 INFO (AuthorPageProcessor.java:84)- 《GEOMancer魔都风水师》在作者表中增添成功
2018-02-15 20:01:19,638 INFO (AuthorPageProcessor.java:84)- 《世界上不可能只剩我一个男人》在作者表中增添成功
2018-02-15 20:01:24,127 INFO (AuthorPageProcessor.java:84)- 《异世界的精灵使》在作者表中增添成功
2018-02-15 20:01:29,384 INFO (AuthorPageProcessor.java:84)- 《我来做天道》在作者表中增添成功
2018-02-15 20:01:29,573 INFO (AuthorPageProcessor.java:84)- 《纯白异世界启示录》在作者表中增添成功
2018-02-15 20:01:34,539 INFO (AuthorPageProcessor.java:84)- 《星辰录之命运篇》在作者表中增添成功
2018-02-15 20:01:40,857 INFO (AuthorPageProcessor.java:84)- 《转世魔龙与隐世狐仙的校园生活》在作者表中增添成功
2018-02-15 20:01:44,896 INFO (AuthorPageProcessor.java:84)- 《协助神大人完成作业》在作者表中增添成功
2018-02-15 20:01:50,658 INFO (AuthorPageProcessor.java:84)- 《最强史莱姆的妹妹居然》在作者表中增添成功
2018-02-15 20:01:50,779 INFO (AuthorPageProcessor.java:84)- 《喜欢巨乳养女到底有什么错》在作者表中增添成功
2018-02-15 20:01:53,056 INFO (AuthorPageProcessor.java:84)- 《武器商人的我穿越到了魔幻世界》在作者表中增添成功
2018-02-15 20:02:02,203 INFO (AuthorPageProcessor.java:84)- 《荊軻刺秦王反被關進房》在作者表中增添成功
2018-02-15 20:02:03,176 INFO (AuthorPageProcessor.java:84)- 《终焉者的游戏》在作者表中增添成功
2018-02-15 20:02:05,956 INFO (AuthorPageProcessor.java:84)- 《绅士在玩二次元网游》在作者表中增添成功
2018-02-15 20:02:17,582 INFO (AuthorPageProcessor.java:84)- 《職業穿越者的末世旅程》在作者表中增添成功
2018-02-15 20:02:19,381 INFO (AuthorPageProcessor.java:84)- 《最后七天》在作者表中增添成功
2018-02-15 20:02:26,539 INFO (AuthorPageProcessor.java:84)- 《约战》在作者表中增添成功
2018-02-15 20:02:28,041 INFO (AuthorPageProcessor.java:84)- 《我真的不是武林第一》在作者表中增添成功
2018-02-15 20:02:29,237 INFO (AuthorPageProcessor.java:84)- 《少年的目标是回家与后宫》在作者表中增添成功
2018-02-15 20:02:31,215 INFO (AuthorPageProcessor.java:84)- 《玩游戏变成女生居然还能开后宫》在作者表中增添成功
2018-02-15 20:02:33,038 INFO (AuthorPageProcessor.java:84)- 《青叶怪谈录》在作者表中增添成功
2018-02-15 20:02:34,300 INFO (AuthorPageProcessor.java:84)- 《废物班里的天才》在作者表中增添成功
2018-02-15 20:02:34,539 INFO (AuthorPageProcessor.java:84)- 《绿带旧梦》在作者表中增添成功
2018-02-15 20:02:35,264 INFO (AuthorPageProcessor.java:84)- 《与你重逢的阴雨天》在作者表中增添成功
2018-02-15 20:02:38,380 INFO (AuthorPageProcessor.java:84)- 《光与暗的传说》在作者表中增添成功
2018-02-15 20:02:39,458 INFO (AuthorPageProcessor.java:84)- 《身为观测者的我》在作者表中增添成功
2018-02-15 20:02:42,038 INFO (AuthorPageProcessor.java:84)- 《龙与少年游》在作者表中增添成功
2018-02-15 20:02:42,813 INFO (AuthorPageProcessor.java:84)- 《成为贞德后不停的在不同世界穿梭》在作者表中增添成功
2018-02-15 20:02:50,338 INFO (AuthorPageProcessor.java:84)- 《身为魔王的老好人管家》在作者表中增添成功
2018-02-15 20:02:52,766 INFO (AuthorPageProcessor.java:84)- 《红色警戒3》在作者表中增添成功
2018-02-15 20:02:55,001 INFO (AuthorPageProcessor.java:84)- 《不远》在作者表中增添成功
2018-02-15 20:02:55,597 INFO (AuthorPageProcessor.java:84)- 《我的弟控姐姐和病娇妹妹》在作者表中增添成功
2018-02-15 20:02:55,898 INFO (AuthorPageProcessor.java:84)- 《末世精灵王座》在作者表中增添成功
2018-02-15 20:02:59,699 INFO (AuthorPageProcessor.java:84)- 《不死男人的温馨奇谭》在作者表中增添成功
2018-02-15 20:03:06,847 INFO (AuthorPageProcessor.java:84)- 《综漫之枫影流觞》在作者表中增添成功
2018-02-15 20:03:13,146 INFO (AuthorPageProcessor.java:84)- 《龙族的雨希三龙子》在作者表中增添成功
2018-02-15 20:03:13,812 INFO (AuthorPageProcessor.java:84)- 《仕阙之风起观都》在作者表中增添成功
2018-02-15 20:03:14,828 INFO (AuthorPageProcessor.java:84)- 《乃木若音是勇者》在作者表中增添成功
2018-02-15 20:03:15,743 INFO (AuthorPageProcessor.java:84)- 《异世界的穿越者有点多》在作者表中增添成功
2018-02-15 20:03:17,854 INFO (AuthorPageProcessor.java:84)- 《异界的即死怂王》在作者表中增添成功
2018-02-15 20:03:21,825 INFO (AuthorPageProcessor.java:84)- 《終末heroX恩伊傳》在作者表中增添成功
2018-02-15 20:03:29,704 INFO (AuthorPageProcessor.java:84)- 《在网游里变成妹的我会推了自己吗》在作者表中增添成功
2018-02-15 20:03:31,628 INFO (AuthorPageProcessor.java:84)- 《某无节操的东方之旅》在作者表中增添成功
2018-02-15 20:03:32,463 INFO (AuthorPageProcessor.java:84)- 《斗破苍穹之配角》在作者表中增添成功
2018-02-15 20:03:32,652 INFO (AuthorPageProcessor.java:84)- 《深度恐惧》在作者表中增添成功
2018-02-15 20:03:33,546 INFO (AuthorPageProcessor.java:84)- 《末日天使系统》在作者表中增添成功
2018-02-15 20:03:37,009 INFO (AuthorPageProcessor.java:84)- 《迷途魔兽和复仇的勇者》在作者表中增添成功
2018-02-15 20:03:37,726 INFO (AuthorPageProcessor.java:84)- 《我的露露女友》在作者表中增添成功
2018-02-15 20:03:38,085 INFO (AuthorPageProcessor.java:84)- 《我可能肝了假少女前线》在作者表中增添成功
2018-02-15 20:03:56,823 INFO (AuthorPageProcessor.java:84)- 《我肯定玩了假的剑网三》在作者表中增添成功
2018-02-15 20:03:57,304 INFO (AuthorPageProcessor.java:84)- 《在異界的外掛妹子》在作者表中增添成功
2018-02-15 20:04:06,045 INFO (AuthorPageProcessor.java:84)- 《为美好的世界献上演员》在作者表中增添成功
2018-02-15 20:04:08,994 INFO (AuthorPageProcessor.java:84)- 《重生后的约会》在作者表中增添成功
2018-02-15 20:04:11,945 INFO (AuthorPageProcessor.java:84)- 《我的青春真的很糟》在作者表中增添成功
2018-02-15 20:04:17,513 INFO (AuthorPageProcessor.java:84)- 《浮鱼葬花吟》在作者表中增添成功
2018-02-15 20:04:24,359 INFO (AuthorPageProcessor.java:84)- 《明天从你死后开始》在作者表中增添成功
2018-02-15 20:04:24,481 INFO (AuthorPageProcessor.java:84)- 《奴隶少女希尔微》在作者表中增添成功
2018-02-15 20:04:33,639 INFO (AuthorPageProcessor.java:84)- 《逃离病娇姊姊的冒险旅程》在作者表中增添成功
2018-02-15 20:04:33,887 INFO (AuthorPageProcessor.java:84)- 《迷茫的我和糟糕的龙女》在作者表中增添成功
2018-02-15 20:04:42,601 INFO (AuthorPageProcessor.java:84)- 《圣女的异世热血战记》在作者表中增添成功
2018-02-15 20:04:43,085 INFO (AuthorPageProcessor.java:84)- 《魔法师的我成了巨龙》在作者表中增添成功
2018-02-15 20:04:48,832 INFO (AuthorPageProcessor.java:84)- 《花千骨之花开陌上》在作者表中增添成功
2018-02-15 20:05:11,162 INFO (AuthorPageProcessor.java:84)- 《异界狐仙传》在作者表中增添成功
2018-02-15 20:05:16,443 INFO (AuthorPageProcessor.java:84)- 《异世界的邀请函》在作者表中增添成功
2018-02-15 20:05:27,836 INFO (AuthorPageProcessor.java:84)- 《穿越之后我与姐姐》在作者表中增添成功
2018-02-15 20:05:43,838 INFO (AuthorPageProcessor.java:84)- 《爱上过去的我》在作者表中增添成功
2018-02-15 20:05:54,909 INFO (AuthorPageProcessor.java:84)- 《H先生和Y小姐》在作者表中增添成功
2018-02-15 20:05:57,543 INFO (AuthorPageProcessor.java:84)- 《星空夜下的邂逅》在作者表中增添成功
2018-02-15 20:06:08,184 INFO (AuthorPageProcessor.java:84)- 《记住路过的假面骑士》在作者表中增添成功
2018-02-15 20:06:09,885 INFO (AuthorPageProcessor.java:84)- 《我重生到异界当然该去环游世界啊》在作者表中增添成功
2018-02-15 20:06:10,969 INFO (AuthorPageProcessor.java:84)- 《这是一本假的约会大作战》在作者表中增添成功
2018-02-15 20:06:25,371 INFO (AuthorPageProcessor.java:84)- 《救赎都市最后的诺亚之子》在作者表中增添成功
2018-02-15 20:06:27,697 INFO (AuthorPageProcessor.java:84)- 《我的女王女友》在作者表中增添成功
2018-02-15 20:06:28,716 INFO (AuthorPageProcessor.java:84)- 《Secrets》在作者表中增添成功
2018-02-15 20:06:29,251 INFO (AuthorPageProcessor.java:84)- 《要知道我可是大梦想家》在作者表中增添成功
2018-02-15 20:06:31,046 INFO (AuthorPageProcessor.java:84)- 《赎罪之路》在作者表中增添成功
2018-02-15 20:06:31,759 INFO (AuthorPageProcessor.java:84)- 《妹控哥哥无意间开了世界后宫》在作者表中增添成功
2018-02-15 20:06:34,501 INFO (AuthorPageProcessor.java:84)- 《星空下若隐若现的漩涡》在作者表中增添成功
2018-02-15 20:06:37,504 INFO (AuthorPageProcessor.java:84)- 《给魔王当女仆的日常》在作者表中增添成功
2018-02-15 20:06:39,945 INFO (AuthorPageProcessor.java:84)- 《穿越到异世界变成妹》在作者表中增添成功
2018-02-15 20:06:44,479 INFO (AuthorPageProcessor.java:84)- 《单兵武装》在作者表中增添成功
2018-02-15 20:06:47,519 INFO (AuthorPageProcessor.java:84)- 《姐姐你会等我吗》在作者表中增添成功
2018-02-15 20:06:50,646 INFO (AuthorPageProcessor.java:84)- 《我的修仙非日常》在作者表中增添成功
2018-02-15 20:06:52,800 INFO (AuthorPageProcessor.java:84)- 《这猫会不会强悍了点》在作者表中增添成功
2018-02-15 20:06:55,087 INFO (AuthorPageProcessor.java:84)- 《幼女and红警in异世界》在作者表中增添成功
2018-02-15 20:06:55,639 INFO (AuthorPageProcessor.java:84)- 《瑾殷的妄想曲》在作者表中增添成功
2018-02-15 20:07:00,360 INFO (AuthorPageProcessor.java:84)- 《永恒旅者》在作者表中增添成功
2018-02-15 20:07:00,659 INFO (AuthorPageProcessor.java:84)- 《地下城的满级看客》在作者表中增添成功
2018-02-15 20:07:02,696 INFO (AuthorPageProcessor.java:84)- 《嗜孤的我》在作者表中增添成功
2018-02-15 20:07:07,396 INFO (AuthorPageProcessor.java:84)- 《魔禁世界的华夏大师》在作者表中增添成功
2018-02-15 20:07:09,744 INFO (AuthorPageProcessor.java:84)- 《无敌的我只想谈恋爱》在作者表中增添成功
2018-02-15 20:07:10,160 INFO (AuthorPageProcessor.java:84)- 《使用神速力穿越世界》在作者表中增添成功
2018-02-15 20:07:14,830 INFO (AuthorPageProcessor.java:84)- 《不许再吃人》在作者表中增添成功
2018-02-15 20:07:40,185 INFO (AuthorPageProcessor.java:84)- 《牧书的人形少女》在作者表中增添成功
2018-02-15 20:07:44,124 INFO (AuthorPageProcessor.java:84)- 《伐刀》在作者表中增添成功
2018-02-15 20:07:48,677 INFO (AuthorPageProcessor.java:84)- 《本暗帝必须在魅魔女儿身体上种田》在作者表中增添成功
2018-02-15 20:07:51,696 INFO (AuthorPageProcessor.java:84)- 《黑龙王没有干劲》在作者表中增添成功
2018-02-15 20:07:54,941 INFO (AuthorPageProcessor.java:84)- 《被诅咒的蓝宝石的契约》在作者表中增添成功
2018-02-15 20:07:55,422 INFO (AuthorPageProcessor.java:84)- 《大白掉黑萝莉邪魅一笑》在作者表中增添成功
2018-02-15 20:08:00,874 INFO (AuthorPageProcessor.java:84)- 《奴隶少女没有未来可言》在作者表中增添成功
2018-02-15 20:08:01,776 INFO (AuthorPageProcessor.java:84)- 《从问题儿童开始的旅行》在作者表中增添成功
2018-02-15 20:08:06,191 INFO (AuthorPageProcessor.java:84)- 《重生后我与她明与暗》在作者表中增添成功
2018-02-15 20:08:10,166 INFO (AuthorPageProcessor.java:84)- 《少女前线的萌新指挥官》在作者表中增添成功
2018-02-15 20:08:10,644 INFO (AuthorPageProcessor.java:84)- 《脑洞大开的九州世界》在作者表中增添成功
2018-02-15 20:08:15,089 INFO (AuthorPageProcessor.java:84)- 《我与不良少女的生活》在作者表中增添成功
2018-02-15 20:08:15,866 INFO (AuthorPageProcessor.java:84)- 《只会抄袭还真就对不起了》在作者表中增添成功
2018-02-15 20:08:20,777 INFO (AuthorPageProcessor.java:84)- 《只有宅男了解的世界》在作者表中增添成功
2018-02-15 20:08:23,476 INFO (AuthorPageProcessor.java:84)- 《瓦洛兰编年史》在作者表中增添成功
2018-02-15 20:08:23,598 INFO (AuthorPageProcessor.java:84)- 《假面骑士镜影》在作者表中增添成功
2018-02-15 20:08:24,619 INFO (AuthorPageProcessor.java:84)- 《关于黑魔法师妹妹是反派这件事》在作者表中增添成功
2018-02-15 20:08:25,399 INFO (AuthorPageProcessor.java:84)- 《异界传奇之万物起源》在作者表中增添成功
2018-02-15 20:08:26,634 INFO (AuthorPageProcessor.java:84)- 《星海任务》在作者表中增添成功
2018-02-15 20:08:28,715 INFO (AuthorPageProcessor.java:84)- 《无能男主的逆天后宫团》在作者表中增添成功
2018-02-15 20:08:45,186 INFO (AuthorPageProcessor.java:84)- 《咱家巫女是伪娘》在作者表中增添成功
2018-02-15 20:08:56,875 INFO (AuthorPageProcessor.java:84)- 《学院生活的开始》在作者表中增添成功
2018-02-15 20:08:59,921 INFO (AuthorPageProcessor.java:84)- 《致以光辉的人》在作者表中增添成功
2018-02-15 20:09:03,839 INFO (AuthorPageProcessor.java:84)- 《咸鱼公会里面都是大佬》在作者表中增添成功
2018-02-15 20:09:12,569 INFO (AuthorPageProcessor.java:84)- 《我在异界成了女武神》在作者表中增添成功
2018-02-15 20:09:17,946 INFO (AuthorPageProcessor.java:84)- 《曾经是勇者的我成为了魔王》在作者表中增添成功
2018-02-15 20:09:20,453 INFO (AuthorPageProcessor.java:84)- 《吾妹花妈》在作者表中增添成功
2018-02-15 20:09:24,050 INFO (AuthorPageProcessor.java:84)- 《我的外挂为嘛只有高达》在作者表中增添成功
2018-02-15 20:09:27,322 INFO (AuthorPageProcessor.java:84)- 《雇佣兵与黑色时间》在作者表中增添成功
2018-02-15 20:09:28,921 INFO (AuthorPageProcessor.java:84)- 《夏姬八实》在作者表中增添成功
2018-02-15 20:09:30,361 INFO (AuthorPageProcessor.java:84)- 《在异世界寻找过去》在作者表中增添成功
2018-02-15 20:09:32,856 INFO (AuthorPageProcessor.java:84)- 《我可是主角》在作者表中增添成功
2018-02-15 20:09:35,796 INFO (AuthorPageProcessor.java:84)- 《少女机械降神》在作者表中增添成功
2018-02-15 20:09:37,581 INFO (AuthorPageProcessor.java:84)- 《我的妹妹是境界妖》在作者表中增添成功
2018-02-15 20:09:41,086 INFO (AuthorPageProcessor.java:84)- 《神明教师》在作者表中增添成功
2018-02-15 20:09:48,251 INFO (AuthorPageProcessor.java:84)- 《我与各种性格展开了校园恋爱物语》在作者表中增添成功
2018-02-15 20:09:48,845 INFO (AuthorPageProcessor.java:84)- 《妹妹与猫禁止入内》在作者表中增添成功
2018-02-15 20:09:49,805 INFO (AuthorPageProcessor.java:84)- 《新人生是來自異世界》在作者表中增添成功
2018-02-15 20:09:53,339 INFO (AuthorPageProcessor.java:84)- 《恋上亲妹妹》在作者表中增添成功
2018-02-15 20:09:59,486 INFO (AuthorPageProcessor.java:84)- 《创世神的游戏世界》在作者表中增添成功
2018-02-15 20:10:02,147 INFO (AuthorPageProcessor.java:84)- 《学生会长是恶魔》在作者表中增添成功
2018-02-15 20:10:11,134 INFO (AuthorPageProcessor.java:84)- 《湮灭之枪》在作者表中增添成功
2018-02-15 20:10:12,104 INFO (AuthorPageProcessor.java:84)- 《阿宝记》在作者表中增添成功
2018-02-15 20:10:12,328 INFO (AuthorPageProcessor.java:84)- 《作者你男人让你去更新》在作者表中增添成功
2018-02-15 20:10:13,321 INFO (AuthorPageProcessor.java:84)- 《问题少年必须待在心理辅导室》在作者表中增添成功
2018-02-15 20:10:22,219 INFO (AuthorPageProcessor.java:84)- 《死灵君王与饥荒》在作者表中增添成功
2018-02-15 20:10:25,609 INFO (AuthorPageProcessor.java:84)- 《黑夜之境》在作者表中增添成功
2018-02-15 20:10:31,981 INFO (AuthorPageProcessor.java:84)- 《银蕴学院的黄色社团》在作者表中增添成功
2018-02-15 20:10:32,689 INFO (AuthorPageProcessor.java:84)- 《我才不会被女孩子欺负呢续写》在作者表中增添成功
2018-02-15 20:10:34,398 INFO (AuthorPageProcessor.java:84)- 《与妹妹的日常同居生活》在作者表中增添成功
2018-02-15 20:10:43,180 INFO (AuthorPageProcessor.java:84)- 《妹妹竟然是我的宠物》在作者表中增添成功
2018-02-15 20:10:45,827 INFO (AuthorPageProcessor.java:84)- 《德意志在二战中》在作者表中增添成功
2018-02-15 20:10:46,657 INFO (AuthorPageProcessor.java:84)- 《或许是爱》在作者表中增添成功
2018-02-15 20:10:48,204 INFO (AuthorPageProcessor.java:84)- 《红警娘团闹异界》在作者表中增添成功
2018-02-15 20:11:22,147 INFO (AuthorPageProcessor.java:84)- 《叛逆的子弹》在作者表中增添成功
2018-02-15 20:11:26,207 INFO (AuthorPageProcessor.java:84)- 《无延之界》在作者表中增添成功
2018-02-15 20:11:28,998 INFO (AuthorPageProcessor.java:84)- 《怎么可能是诗词鉴赏》在作者表中增添成功
2018-02-15 20:11:32,327 INFO (AuthorPageProcessor.java:84)- 《我得到的只不过是一个无耻系统》在作者表中增添成功
2018-02-15 20:11:34,499 INFO (AuthorPageProcessor.java:84)- 《为什么世界要有异能什么的》在作者表中增添成功
2018-02-15 20:11:45,114 INFO (AuthorPageProcessor.java:84)- 《异界之旅是圆梦之行》在作者表中增添成功
2018-02-15 20:11:46,424 INFO (AuthorPageProcessor.java:84)- 《浩敦》在作者表中增添成功
2018-02-15 20:11:48,995 INFO (AuthorPageProcessor.java:84)- 《穿越时空的舰娘》在作者表中增添成功
2018-02-15 20:11:50,077 INFO (AuthorPageProcessor.java:84)- 《萝莉控的我怎能变成萝莉被控》在作者表中增添成功
2018-02-15 20:11:50,730 INFO (AuthorPageProcessor.java:84)- 《送外卖的终焉帝》在作者表中增添成功
2018-02-15 20:11:52,245 INFO (AuthorPageProcessor.java:84)- 《异世会造物是什么体验》在作者表中增添成功
2018-02-15 20:11:54,943 INFO (AuthorPageProcessor.java:84)- 《世界隐计划》在作者表中增添成功
2018-02-15 20:11:58,100 INFO (AuthorPageProcessor.java:84)- 《听风吟》在作者表中增添成功
2018-02-15 20:11:58,464 INFO (AuthorPageProcessor.java:84)- 《绝不是变态的校园喜剧》在作者表中增添成功
2018-02-15 20:11:58,644 INFO (AuthorPageProcessor.java:84)- 《身为一个恶魔的日常》在作者表中增添成功
2018-02-15 20:11:58,944 INFO (AuthorPageProcessor.java:84)- 《柯南世界里的千金小姐》在作者表中增添成功
2018-02-15 20:12:01,807 INFO (AuthorPageProcessor.java:84)- 《先祖有什么用》在作者表中增添成功
2018-02-15 20:12:02,584 INFO (AuthorPageProcessor.java:84)- 《万千个精神分身身体》在作者表中增添成功
2018-02-15 20:12:14,146 INFO (AuthorPageProcessor.java:84)- 《综漫之次元旅行》在作者表中增添成功
2018-02-15 20:12:14,383 INFO (AuthorPageProcessor.java:84)- 《语文老师的执着》在作者表中增添成功
2018-02-15 20:12:14,681 INFO (AuthorPageProcessor.java:84)- 《黑道少主》在作者表中增添成功
2018-02-15 20:12:18,855 INFO (AuthorPageProcessor.java:84)- 《垂暮少年》在作者表中增添成功
2018-02-15 20:12:20,699 INFO (AuthorPageProcessor.java:84)- 《我的妹妹是魔女》在作者表中增添成功
2018-02-15 20:12:24,463 INFO (AuthorPageProcessor.java:84)- 《十女传》在作者表中增添成功
2018-02-15 20:12:26,006 INFO (AuthorPageProcessor.java:84)- 《你想做一只伪萝莉拯救世界吗》在作者表中增添成功
2018-02-15 20:12:26,538 INFO (AuthorPageProcessor.java:84)- 《我们与你》在作者表中增添成功
2018-02-15 20:12:30,583 INFO (AuthorPageProcessor.java:84)- 《超次元召唤》在作者表中增添成功
2018-02-15 20:12:31,056 INFO (AuthorPageProcessor.java:84)- 《沙漠皇帝之火影》在作者表中增添成功
2018-02-15 20:12:31,417 INFO (AuthorPageProcessor.java:84)- 《这个病娇有点怪》在作者表中增添成功
2018-02-15 20:12:33,580 INFO (AuthorPageProcessor.java:84)- 《优雅之歌演奏她的轨迹》在作者表中增添成功
2018-02-15 20:12:33,945 INFO (AuthorPageProcessor.java:84)- 《我的姐姐是裂口女》在作者表中增添成功
2018-02-15 20:12:34,714 INFO (AuthorPageProcessor.java:84)- 《圣剑的魔剑传说》在作者表中增添成功
2018-02-15 20:12:37,516 INFO (AuthorPageProcessor.java:84)- 《我在异界的故事》在作者表中增添成功
2018-02-15 20:12:38,643 INFO (AuthorPageProcessor.java:84)- 《地狱彼岸的青行灯》在作者表中增添成功
2018-02-15 20:12:39,247 INFO (AuthorPageProcessor.java:84)- 《炎黄血统》在作者表中增添成功
2018-02-15 20:12:42,241 INFO (AuthorPageProcessor.java:84)- 《恶魔城之无声小夜曲》在作者表中增添成功
2018-02-15 20:12:46,713 INFO (AuthorPageProcessor.java:84)- 《梦幻灵魔乡》在作者表中增添成功
2018-02-15 20:12:52,970 INFO (AuthorPageProcessor.java:84)- 《姬常物语》在作者表中增添成功
2018-02-15 20:12:54,049 INFO (AuthorPageProcessor.java:84)- 《鲁鲁修之元首万岁》在作者表中增添成功
2018-02-15 20:12:55,293 INFO (AuthorPageProcessor.java:84)- 《少女前线之黎明的曙光》在作者表中增添成功
2018-02-15 20:13:04,087 INFO (AuthorPageProcessor.java:84)- 《安兹乌尔恭的约会进行中》在作者表中增添成功
2018-02-15 20:13:09,453 INFO (AuthorPageProcessor.java:84)- 《纵横异界与惊奇先生》在作者表中增添成功
2018-02-15 20:13:10,409 INFO (AuthorPageProcessor.java:84)- 《崩坏的约会》在作者表中增添成功
2018-02-15 20:13:21,532 INFO (AuthorPageProcessor.java:84)- 《战斗于异界战线的少女》在作者表中增添成功
2018-02-15 20:13:23,595 INFO (AuthorPageProcessor.java:84)- 《Blood一nightmare》在作者表中增添成功
2018-02-15 20:13:31,535 INFO (AuthorPageProcessor.java:84)- 《徒弟收集录》在作者表中增添成功
2018-02-15 20:13:38,461 INFO (AuthorPageProcessor.java:84)- 《月圆骑士》在作者表中增添成功
2018-02-15 20:13:40,265 INFO (AuthorPageProcessor.java:84)- 《勇者被逆袭后的生活》在作者表中增添成功
2018-02-15 20:13:43,519 INFO (AuthorPageProcessor.java:84)- 《火影之裁刃魔女》在作者表中增添成功
2018-02-15 20:13:47,205 INFO (AuthorPageProcessor.java:84)- 《不死族的正确饲养方式》在作者表中增添成功
2018-02-15 20:13:51,489 INFO (AuthorPageProcessor.java:84)- 《噬血狂袭之魔弹射手》在作者表中增添成功
2018-02-15 20:13:54,940 INFO (AuthorPageProcessor.java:84)- 《宿命与责任》在作者表中增添成功
2018-02-15 20:13:56,182 INFO (AuthorPageProcessor.java:84)- 《不是勇者的传说》在作者表中增添成功
2018-02-15 20:14:00,287 INFO (AuthorPageProcessor.java:84)- 《减魔赞礼》在作者表中增添成功
2018-02-15 20:14:01,000 INFO (AuthorPageProcessor.java:84)- 《花开末世》在作者表中增添成功
2018-02-15 20:14:01,840 INFO (AuthorPageProcessor.java:84)- 《无敌的我竟然不是勇者》在作者表中增添成功
2018-02-15 20:14:10,007 INFO (AuthorPageProcessor.java:84)- 《配角日历》在作者表中增添成功
2018-02-15 20:14:10,832 INFO (AuthorPageProcessor.java:84)- 《上清高校》在作者表中增添成功
2018-02-15 20:14:12,740 INFO (AuthorPageProcessor.java:84)- 《在异世界当上提督》在作者表中增添成功
2018-02-15 20:14:27,353 INFO (AuthorPageProcessor.java:84)- 《这世界的妖怪》在作者表中增添成功
2018-02-15 20:14:30,028 INFO (AuthorPageProcessor.java:84)- 《魔法少女命运》在作者表中增添成功
2018-02-15 20:14:31,218 INFO (AuthorPageProcessor.java:84)- 《萌姬转生物语》在作者表中增添成功
2018-02-15 20:14:39,230 INFO (AuthorPageProcessor.java:84)- 《消失彼岸》在作者表中增添成功
2018-02-15 20:14:41,011 INFO (AuthorPageProcessor.java:84)- 《Guardian》在作者表中增添成功
2018-02-15 20:14:46,793 INFO (AuthorPageProcessor.java:84)- 《奇怪的约会大作战》在作者表中增添成功
2018-02-15 20:14:47,217 INFO (AuthorPageProcessor.java:84)- 《我是我兄弟亦姐妹》在作者表中增添成功
2018-02-15 20:14:48,103 INFO (AuthorPageProcessor.java:84)- 《我才不要喜欢女孩子呢》在作者表中增添成功
2018-02-15 20:14:57,748 INFO (AuthorPageProcessor.java:84)- 《身为仙帝的我需要修仙吗》在作者表中增添成功
2018-02-15 20:14:59,610 INFO (AuthorPageProcessor.java:84)- 《逐光之旅》在作者表中增添成功
2018-02-15 20:15:00,326 INFO (AuthorPageProcessor.java:84)- 《将这一份心意寄予约会吧》在作者表中增添成功
2018-02-15 20:15:02,993 INFO (AuthorPageProcessor.java:84)- 《最强的废宅》在作者表中增添成功
2018-02-15 20:15:05,323 INFO (AuthorPageProcessor.java:84)- 《七氏津的书目》在作者表中增添成功
2018-02-15 20:15:10,123 INFO (AuthorPageProcessor.java:84)- 《与SCP们度过的那些》在作者表中增添成功
2018-02-15 20:15:12,753 INFO (AuthorPageProcessor.java:84)- 《中二病转生什么的好烦》在作者表中增添成功
2018-02-15 20:15:15,222 INFO (AuthorPageProcessor.java:84)- 《兄妹的职业是魔王勇者》在作者表中增添成功
2018-02-15 20:15:17,383 INFO (AuthorPageProcessor.java:84)- 《我家有女未长成》在作者表中增添成功
2018-02-15 20:15:18,158 INFO (AuthorPageProcessor.java:84)- 《神的追忆录》在作者表中增添成功
2018-02-15 20:15:20,857 INFO (AuthorPageProcessor.java:84)- 《魔法校园异闻录》在作者表中增添成功
2018-02-15 20:15:22,682 INFO (AuthorPageProcessor.java:84)- 《魔法高科生与异世界的战斗》在作者表中增添成功
2018-02-15 20:15:25,498 INFO (AuthorPageProcessor.java:84)- 《重生之后决定成为病娇》在作者表中增添成功
2018-02-15 20:15:26,465 INFO (AuthorPageProcessor.java:84)- 《漆黑的子弹同人文》在作者表中增添成功
2018-02-15 20:15:28,543 INFO (AuthorPageProcessor.java:84)- 《荒草集》在作者表中增添成功
2018-02-15 20:15:31,479 INFO (AuthorPageProcessor.java:84)- 《人生百態》在作者表中增添成功
2018-02-15 20:15:32,042 INFO (AuthorPageProcessor.java:84)- 《闪乱之轨迹》在作者表中增添成功
2018-02-15 20:15:37,476 INFO (AuthorPageProcessor.java:84)- 《仙武梦》在作者表中增添成功
2018-02-15 20:15:43,454 INFO (AuthorPageProcessor.java:84)- 《战姬三国》在作者表中增添成功
2018-02-15 20:15:50,264 INFO (AuthorPageProcessor.java:84)- 《元仙古纪》在作者表中增添成功
2018-02-15 20:15:50,736 INFO (AuthorPageProcessor.java:84)- 《屠夫小姐静静地嗤笑》在作者表中增添成功
2018-02-15 20:15:51,396 INFO (AuthorPageProcessor.java:84)- 《音阶战法》在作者表中增添成功
2018-02-15 20:15:53,173 INFO (AuthorPageProcessor.java:84)- 《大陆上最后一只触手怪》在作者表中增添成功
2018-02-15 20:15:56,495 INFO (AuthorPageProcessor.java:84)- 《我与妹妹的青春恋歌》在作者表中增添成功
2018-02-15 20:15:58,991 INFO (AuthorPageProcessor.java:84)- 《死后我穿越到了魔禁》在作者表中增添成功
2018-02-15 20:16:04,383 INFO (AuthorPageProcessor.java:84)- 《没什么能让我低头》在作者表中增添成功
2018-02-15 20:16:06,766 INFO (AuthorPageProcessor.java:84)- 《我的世界大战》在作者表中增添成功
2018-02-15 20:16:09,468 INFO (AuthorPageProcessor.java:84)- 《我有病娇妹妹及和善老师同学陪伴》在作者表中增添成功
2018-02-15 20:16:09,590 INFO (AuthorPageProcessor.java:84)- 《死神医生》在作者表中增添成功
2018-02-15 20:16:20,606 INFO (AuthorPageProcessor.java:84)- 《影子侦探社代号IX》在作者表中增添成功
2018-02-15 20:16:26,946 INFO (AuthorPageProcessor.java:84)- 《在我的故事里没人能将我推倒》在作者表中增添成功
2018-02-15 20:16:28,188 INFO (AuthorPageProcessor.java:84)- 《穿越王者大陆的我变成了孙尚香》在作者表中增添成功
2018-02-15 20:16:36,303 INFO (AuthorPageProcessor.java:84)- 《和魅魔换身的我被调教成RBQ》在作者表中增添成功
2018-02-15 20:16:38,159 INFO (AuthorPageProcessor.java:84)- 《SCUESSOR》在作者表中增添成功
2018-02-15 20:16:39,174 INFO (AuthorPageProcessor.java:84)- 《黑暗游戏大冒险》在作者表中增添成功
2018-02-15 20:16:39,411 INFO (AuthorPageProcessor.java:84)- 《魔王走在收服女仆的道路之上》在作者表中增添成功
2018-02-15 20:16:39,649 INFO (AuthorPageProcessor.java:84)- 《先生，不来点奴隶吗？》在作者表中增添成功
2018-02-15 20:16:40,007 INFO (AuthorPageProcessor.java:84)- 《LoveSister恋妹》在作者表中增添成功
2018-02-15 20:16:45,284 INFO (AuthorPageProcessor.java:84)- 《代号为零的怪物猎杀者》在作者表中增添成功
2018-02-15 20:16:45,579 INFO (AuthorPageProcessor.java:84)- 《魔王大人，请开始上课！》在作者表中增添成功
2018-02-15 20:16:46,644 INFO (AuthorPageProcessor.java:84)- 《圣使可以不当吗》在作者表中增添成功
2018-02-15 20:16:54,304 INFO (AuthorPageProcessor.java:84)- 《药娘的本愿》在作者表中增添成功
2018-02-15 20:16:57,265 INFO (AuthorPageProcessor.java:84)- 《弹骸枪心》在作者表中增添成功
2018-02-15 20:17:01,029 INFO (AuthorPageProcessor.java:84)- 《身为狙击手的我爱上了用刺刀》在作者表中增添成功
2018-02-15 20:17:01,746 INFO (AuthorPageProcessor.java:84)- 《一段平凡日子的伪造音轨》在作者表中增添成功
2018-02-15 20:17:03,360 INFO (AuthorPageProcessor.java:84)- 《特别管家》在作者表中增添成功
2018-02-15 20:17:06,347 INFO (AuthorPageProcessor.java:84)- 《黑暗魔法与骸骨与血》在作者表中增添成功
2018-02-15 20:17:06,937 INFO (AuthorPageProcessor.java:84)- 《为美少女的茁壮成长献上神秘精华》在作者表中增添成功
2018-02-15 20:17:08,894 INFO (AuthorPageProcessor.java:84)- 《我这样的猫咪也可以拯救世界吗》在作者表中增添成功
2018-02-15 20:17:09,768 INFO (AuthorPageProcessor.java:84)- 《RE神权游戏》在作者表中增添成功
2018-02-15 20:17:11,029 INFO (AuthorPageProcessor.java:84)- 《优赫希姆的众神》在作者表中增添成功
2018-02-15 20:17:11,979 INFO (AuthorPageProcessor.java:84)- 《哥特妹妹的祈愿》在作者表中增添成功
2018-02-15 20:17:13,752 INFO (AuthorPageProcessor.java:84)- 《九尾狐的七宗罪》在作者表中增添成功
2018-02-15 20:17:13,989 INFO (AuthorPageProcessor.java:84)- 《奴隶希尔薇》在作者表中增添成功
2018-02-15 20:17:18,123 INFO (AuthorPageProcessor.java:84)- 《黑之魔王的转生物语》在作者表中增添成功
2018-02-15 20:17:20,948 INFO (AuthorPageProcessor.java:84)- 《神陨圣翼战纪》在作者表中增添成功
2018-02-15 20:17:24,837 INFO (AuthorPageProcessor.java:84)- 《万界之究极光明》在作者表中增添成功
2018-02-15 20:17:27,680 INFO (AuthorPageProcessor.java:84)- 《兮的奇幻修行之旅》在作者表中增添成功
2018-02-15 20:17:28,405 INFO (AuthorPageProcessor.java:84)- 《魔法剑圣英雄谭》在作者表中增添成功
2018-02-15 20:17:32,487 INFO (AuthorPageProcessor.java:84)- 《圣夜的叹息》在作者表中增添成功
2018-02-15 20:17:41,058 INFO (AuthorPageProcessor.java:84)- 《请代替我活下去》在作者表中增添成功
2018-02-15 20:17:47,476 INFO (AuthorPageProcessor.java:84)- 《我与她们的恋爱日常》在作者表中增添成功
2018-02-15 20:17:49,159 INFO (AuthorPageProcessor.java:84)- 《大众时代》在作者表中增添成功
2018-02-15 20:17:50,996 INFO (AuthorPageProcessor.java:84)- 《穿越该干什么呢》在作者表中增添成功
2018-02-15 20:17:52,185 INFO (AuthorPageProcessor.java:84)- 《从天而降的性转娘与网游化的世界》在作者表中增添成功
2018-02-15 20:17:53,774 INFO (AuthorPageProcessor.java:84)- 《身為傳說的我在學院開了后宮》在作者表中增添成功
2018-02-15 20:18:03,102 INFO (AuthorPageProcessor.java:84)- 《大魔导学院的高材生与劣等生》在作者表中增添成功
2018-02-15 20:18:07,170 INFO (AuthorPageProcessor.java:84)- 《龙先生无法做到的两件事》在作者表中增添成功
2018-02-15 20:18:08,390 INFO (AuthorPageProcessor.java:84)- 《重生为萝莉的她要当兄控》在作者表中增添成功
2018-02-15 20:18:12,163 INFO (AuthorPageProcessor.java:84)- 《青楼出生的我要靠一把剑成为大侠》在作者表中增添成功
2018-02-15 20:18:19,244 INFO (AuthorPageProcessor.java:84)- 《关于我被卖给美少女这件事》在作者表中增添成功
2018-02-15 20:18:22,290 INFO (AuthorPageProcessor.java:84)- 《为我的恶魔姐姐女王戴上力量》在作者表中增添成功
2018-02-15 20:18:25,276 INFO (AuthorPageProcessor.java:84)- 《在异世界开卡车是什么感觉》在作者表中增添成功
2018-02-15 20:18:35,757 INFO (AuthorPageProcessor.java:84)- 《这个魔法少女问题大》在作者表中增添成功
2018-02-15 20:18:37,364 INFO (AuthorPageProcessor.java:84)- 《读挡失败成删号重练》在作者表中增添成功
2018-02-15 20:18:38,968 INFO (AuthorPageProcessor.java:84)- 《神州七日谈》在作者表中增添成功
2018-02-15 20:18:41,397 INFO (AuthorPageProcessor.java:84)- 《我们的世界没有答案》在作者表中增添成功
2018-02-15 20:18:46,231 INFO (AuthorPageProcessor.java:84)- 《源之境》在作者表中增添成功
2018-02-15 20:18:48,207 INFO (AuthorPageProcessor.java:84)- 《我居然是战国女城主》在作者表中增添成功
2018-02-15 20:18:51,648 INFO (AuthorPageProcessor.java:84)- 《我的高校日常》在作者表中增添成功
2018-02-15 20:18:52,541 INFO (AuthorPageProcessor.java:84)- 《诸神的黄昏叛神之道》在作者表中增添成功
2018-02-15 20:18:53,388 INFO (AuthorPageProcessor.java:84)- 《系统把我变成了蓝孩纸》在作者表中增添成功
2018-02-15 20:18:56,265 INFO (AuthorPageProcessor.java:84)- 《VHE轻小说同好会》在作者表中增添成功
2018-02-15 20:19:03,289 INFO (AuthorPageProcessor.java:84)- 《身为妹控的我忽然有了美少女妹妹》在作者表中增添成功
2018-02-15 20:19:11,873 INFO (AuthorPageProcessor.java:84)- 《性转为萝莉的我成了咖啡屋的女仆》在作者表中增添成功
2018-02-15 20:19:16,505 INFO (AuthorPageProcessor.java:84)- 《崩坏3rd黎明之章》在作者表中增添成功
2018-02-15 20:19:17,512 INFO (AuthorPageProcessor.java:84)- 《少女与龙》在作者表中增添成功
2018-02-15 20:19:21,405 INFO (AuthorPageProcessor.java:84)- 《用道具开外挂的奴隶后宫建国记》在作者表中增添成功
2018-02-15 20:19:25,160 INFO (AuthorPageProcessor.java:84)- 《这绝对不是正经的穿越》在作者表中增添成功
2018-02-15 20:19:25,575 INFO (AuthorPageProcessor.java:84)- 《我是老祖》在作者表中增添成功
2018-02-15 20:19:26,992 INFO (AuthorPageProcessor.java:84)- 《我的这只伪娘有点不一样》在作者表中增添成功
2018-02-15 20:19:29,670 INFO (AuthorPageProcessor.java:84)- 《芬布尔战纪》在作者表中增添成功
2018-02-15 20:19:33,652 INFO (AuthorPageProcessor.java:84)- 《现世高中生到异世界可以做什么》在作者表中增添成功
2018-02-15 20:19:35,212 INFO (AuthorPageProcessor.java:84)- 《我和妹妹间的物语果然有问题》在作者表中增添成功
2018-02-15 20:19:40,600 INFO (AuthorPageProcessor.java:84)- 《无数个平行世界》在作者表中增添成功
2018-02-15 20:19:41,522 INFO (AuthorPageProcessor.java:84)- 《天谴物语》在作者表中增添成功
2018-02-15 20:19:48,298 INFO (AuthorPageProcessor.java:84)- 《罗兰西亚战纪R》在作者表中增添成功
2018-02-15 20:19:49,547 INFO (AuthorPageProcessor.java:84)- 《骑士与他的女王们》在作者表中增添成功
2018-02-15 20:19:55,554 INFO (AuthorPageProcessor.java:84)- 《司空见惯的逐梦之旅》在作者表中增添成功
2018-02-15 20:19:59,149 INFO (AuthorPageProcessor.java:84)- 《這個約戰不是真的》在作者表中增添成功
2018-02-15 20:20:04,351 INFO (AuthorPageProcessor.java:84)- 《不和我意的世界要改变一下》在作者表中增添成功
2018-02-15 20:20:04,770 INFO (AuthorPageProcessor.java:84)- 《果然兄妹就应该假扮情侣啊》在作者表中增添成功
2018-02-15 20:20:07,100 INFO (AuthorPageProcessor.java:84)- 《怪异物语》在作者表中增添成功
2018-02-15 20:20:11,245 INFO (AuthorPageProcessor.java:84)- 《荆棘桂冠》在作者表中增添成功
2018-02-15 20:20:12,231 INFO (AuthorPageProcessor.java:84)- 《被病娇杀死后的FLAG攻略》在作者表中增添成功
2018-02-15 20:20:12,874 INFO (AuthorPageProcessor.java:84)- 《没有书名》在作者表中增添成功
2018-02-15 20:20:16,043 INFO (AuthorPageProcessor.java:84)- 《亦草骑士》在作者表中增添成功
2018-02-15 20:20:16,163 INFO (AuthorPageProcessor.java:84)- 《次元崩坏之六世轮回》在作者表中增添成功
2018-02-15 20:20:32,091 INFO (AuthorPageProcessor.java:84)- 《逆转守护》在作者表中增添成功
2018-02-15 20:20:33,577 INFO (AuthorPageProcessor.java:84)- 《普通的冒险者之旅》在作者表中增添成功
2018-02-15 20:20:37,219 INFO (AuthorPageProcessor.java:84)- 《明明是舰娘的我却要靠打工活下去》在作者表中增添成功
2018-02-15 20:20:37,455 INFO (AuthorPageProcessor.java:84)- 《亚梦》在作者表中增添成功
2018-02-15 20:20:38,408 INFO (AuthorPageProcessor.java:84)- 《金炎之星的冒险者》在作者表中增添成功
2018-02-15 20:20:48,574 INFO (AuthorPageProcessor.java:84)- 《转生的魔王与破碎的世界》在作者表中增添成功
2018-02-15 20:20:50,182 INFO (AuthorPageProcessor.java:84)- 《沐风而行》在作者表中增添成功
2018-02-15 20:20:58,940 INFO (AuthorPageProcessor.java:84)- 《被遗忘世界的往事》在作者表中增添成功
2018-02-15 20:21:01,704 INFO (AuthorPageProcessor.java:84)- 《我原来的生活呢》在作者表中增添成功
2018-02-15 20:21:03,400 INFO (AuthorPageProcessor.java:84)- 《真是不妙的萝变啊》在作者表中增添成功
2018-02-15 20:21:03,941 INFO (AuthorPageProcessor.java:84)- 《这是平凡的人生吗》在作者表中增添成功
2018-02-15 20:21:21,774 INFO (AuthorPageProcessor.java:84)- 《我绝对不可能是个妹子》在作者表中增添成功
2018-02-15 20:21:22,191 INFO (AuthorPageProcessor.java:84)- 《鲜血之夜》在作者表中增添成功
2018-02-15 20:21:22,704 INFO (AuthorPageProcessor.java:84)- 《她所期望的一切到头来只是幻影》在作者表中增添成功
2018-02-15 20:21:26,058 INFO (AuthorPageProcessor.java:84)- 《异世界进化大师阿巴瑟》在作者表中增添成功
2018-02-15 20:21:26,885 INFO (AuthorPageProcessor.java:84)- 《面对这样的世界我拿起了武器反抗》在作者表中增添成功
2018-02-15 20:21:29,739 INFO (AuthorPageProcessor.java:84)- 《在异世界转生的我很强》在作者表中增添成功
2018-02-15 20:21:31,116 INFO (AuthorPageProcessor.java:84)- 《空降的妹妹大人》在作者表中增添成功
2018-02-15 20:21:31,354 INFO (AuthorPageProcessor.java:84)- 《穿梭于奥特时空》在作者表中增添成功
2018-02-15 20:21:32,677 INFO (AuthorPageProcessor.java:84)- 《剑亦逍遥》在作者表中增添成功
2018-02-15 20:21:32,915 INFO (AuthorPageProcessor.java:84)- 《我才不要成为死灵术士呢》在作者表中增添成功
2018-02-15 20:21:33,544 INFO (AuthorPageProcessor.java:84)- 《杰示领域》在作者表中增添成功
2018-02-15 20:21:34,458 INFO (AuthorPageProcessor.java:84)- 《勒不梅特尔求生录》在作者表中增添成功
2018-02-15 20:21:41,177 INFO (AuthorPageProcessor.java:84)- 《变身成三无的我竟然是立华奏》在作者表中增添成功
2018-02-15 20:21:45,585 INFO (AuthorPageProcessor.java:84)- 《六元素的剑圣》在作者表中增添成功
2018-02-15 20:21:45,765 INFO (AuthorPageProcessor.java:84)- 《某三流轻小说作者的日常》在作者表中增添成功
2018-02-15 20:21:46,538 INFO (AuthorPageProcessor.java:84)- 《我的异世界生活果然没有那么普通》在作者表中增添成功
2018-02-15 20:21:46,659 INFO (AuthorPageProcessor.java:84)- 《只想攻略妹妹的我却开了后宫》在作者表中增添成功
2018-02-15 20:21:47,407 INFO (AuthorPageProcessor.java:84)- 《他好像条》在作者表中增添成功
2018-02-15 20:21:53,770 INFO (AuthorPageProcessor.java:84)- 《那无限的世界》在作者表中增添成功
2018-02-15 20:21:54,605 INFO (AuthorPageProcessor.java:84)- 《GOSICKBSW》在作者表中增添成功
2018-02-15 20:21:58,008 INFO (AuthorPageProcessor.java:84)- 《凝璇》在作者表中增添成功
2018-02-15 20:21:59,384 INFO (AuthorPageProcessor.java:84)- 《从零开始的臆想》在作者表中增添成功
2018-02-15 20:22:01,318 INFO (AuthorPageProcessor.java:84)- 《黑器者》在作者表中增添成功
2018-02-15 20:22:06,245 INFO (AuthorPageProcessor.java:84)- 《缠锁之剑》在作者表中增添成功
2018-02-15 20:22:10,667 INFO (AuthorPageProcessor.java:84)- 《热血笨蛋的异界魔王路》在作者表中增添成功
2018-02-15 20:22:11,089 INFO (AuthorPageProcessor.java:84)- 《2026寻找电池的旅途》在作者表中增添成功
2018-02-15 20:22:11,641 INFO (AuthorPageProcessor.java:84)- 《我穿越黑執事當死神OWO》在作者表中增添成功
2018-02-15 20:22:14,674 INFO (AuthorPageProcessor.java:84)- 《异空间的小狐狸》在作者表中增添成功
2018-02-15 20:22:15,338 INFO (AuthorPageProcessor.java:84)- 《浮空城的维护者们》在作者表中增添成功
2018-02-15 20:22:16,351 INFO (AuthorPageProcessor.java:84)- 《魔法少女梦之心痕》在作者表中增添成功
2018-02-15 20:22:18,727 INFO (AuthorPageProcessor.java:84)- 《空中城之末位剑帝》在作者表中增添成功
2018-02-15 20:22:25,207 INFO (AuthorPageProcessor.java:84)- 《病娇妹子求放过》在作者表中增添成功
2018-02-15 20:22:25,626 INFO (AuthorPageProcessor.java:84)- 《魔鬼小姐如是说》在作者表中增添成功
2018-02-15 20:22:28,877 INFO (AuthorPageProcessor.java:84)- 《弱气伪娘与机甲的二次元》在作者表中增添成功
2018-02-15 20:22:29,440 INFO (AuthorPageProcessor.java:84)- 《穿越後的二三事》在作者表中增添成功
2018-02-15 20:22:30,942 INFO (AuthorPageProcessor.java:84)- 《某萝莉在星空下的异世界之旅》在作者表中增添成功
2018-02-15 20:22:31,537 INFO (AuthorPageProcessor.java:84)- 《为什么我成了异界亡国的公主》在作者表中增添成功
2018-02-15 20:22:36,787 INFO (AuthorPageProcessor.java:84)- 《性转成萝莉猫娘的我被坑惨了》在作者表中增添成功
2018-02-15 20:22:43,577 INFO (AuthorPageProcessor.java:84)- 《妹控萝莉控御姐控的我》在作者表中增添成功
2018-02-15 20:22:45,655 INFO (AuthorPageProcessor.java:84)- 《繁绣行》在作者表中增添成功
2018-02-15 20:22:46,864 INFO (AuthorPageProcessor.java:84)- 《我的萝莉女友是神明》在作者表中增添成功
2018-02-15 20:22:57,031 INFO (AuthorPageProcessor.java:84)- 《奴》在作者表中增添成功
2018-02-15 20:22:59,235 INFO (AuthorPageProcessor.java:84)- 《技术女装拯救世界》在作者表中增添成功
2018-02-15 20:23:02,043 INFO (AuthorPageProcessor.java:84)- 《我不是巫神》在作者表中增添成功
2018-02-15 20:23:04,888 INFO (AuthorPageProcessor.java:84)- 《不正经的异界物语》在作者表中增添成功
2018-02-15 20:23:05,953 INFO (AuthorPageProcessor.java:84)- 《双翼的约会》在作者表中增添成功
2018-02-15 20:23:07,430 INFO (AuthorPageProcessor.java:84)- 《成为女生的日常生活》在作者表中增添成功
2018-02-15 20:23:15,585 INFO (AuthorPageProcessor.java:84)- 《魅魔之眼》在作者表中增添成功
2018-02-15 20:23:16,770 INFO (AuthorPageProcessor.java:84)- 《今天的我们依旧爱着这个世界》在作者表中增添成功
2018-02-15 20:23:17,478 INFO (AuthorPageProcessor.java:84)- 《神说你要变成萝莉》在作者表中增添成功
2018-02-15 20:23:17,716 INFO (AuthorPageProcessor.java:84)- 《这是一个普通的事情》在作者表中增添成功
2018-02-15 20:23:22,763 INFO (AuthorPageProcessor.java:84)- 《他的死期尚未来到》在作者表中增添成功
2018-02-15 20:23:33,413 INFO (AuthorPageProcessor.java:84)- 《兄控妹妹和青梅姐妹的惨烈争夺》在作者表中增添成功
2018-02-15 20:23:37,882 INFO (AuthorPageProcessor.java:84)- 《我这魔王娶了一个奴隶精灵当老婆》在作者表中增添成功
2018-02-15 20:23:38,296 INFO (AuthorPageProcessor.java:84)- 《身为神的我却身陷病娇修罗场》在作者表中增添成功
2018-02-15 20:23:38,950 INFO (AuthorPageProcessor.java:84)- 《圣僧怎么会是女孩子呢》在作者表中增添成功
2018-02-15 20:23:40,206 INFO (AuthorPageProcessor.java:84)- 《恋爱的修罗场》在作者表中增添成功
2018-02-15 20:23:42,194 INFO (AuthorPageProcessor.java:84)- 《与病娇妹妹一起重生后还能活几年》在作者表中增添成功
2018-02-15 20:23:45,694 INFO (AuthorPageProcessor.java:84)- 《我重生成精灵了》在作者表中增添成功
2018-02-15 20:23:48,663 INFO (AuthorPageProcessor.java:84)- 《女神降临》在作者表中增添成功
2018-02-15 20:23:51,069 INFO (AuthorPageProcessor.java:84)- 《当哥哥变成姐姐以后》在作者表中增添成功
2018-02-15 20:23:53,952 INFO (AuthorPageProcessor.java:84)- 《当我变成了三三》在作者表中增添成功
2018-02-15 20:23:54,249 INFO (AuthorPageProcessor.java:84)- 《LV9999-女澡堂按摩工》在作者表中增添成功
2018-02-15 20:23:56,456 INFO (AuthorPageProcessor.java:84)- 《梦幻World》在作者表中增添成功
2018-02-15 20:23:58,288 INFO (AuthorPageProcessor.java:84)- 《最强英雄的我从零开始》在作者表中增添成功
2018-02-15 20:24:01,109 INFO (AuthorPageProcessor.java:84)- 《勇者们的森罗万象物语》在作者表中增添成功
2018-02-15 20:24:03,049 INFO (AuthorPageProcessor.java:84)- 《我与杀手这件事》在作者表中增添成功
2018-02-15 20:24:04,170 INFO (AuthorPageProcessor.java:84)- 《欢迎回到实力决定生死的世界》在作者表中增添成功
2018-02-15 20:24:04,407 INFO (AuthorPageProcessor.java:84)- 《如此平凡的我竟然轉生了》在作者表中增添成功
2018-02-15 20:24:15,511 INFO (AuthorPageProcessor.java:84)- 《论游戏与幻想的相对共性》在作者表中增添成功
2018-02-15 20:24:15,869 INFO (AuthorPageProcessor.java:84)- 《行走在彼岸之上》在作者表中增添成功
2018-02-15 20:24:16,821 INFO (AuthorPageProcessor.java:84)- 《云海》在作者表中增添成功
2018-02-15 20:24:17,415 INFO (AuthorPageProcessor.java:84)- 《北楼白雪夜里枭》在作者表中增添成功
2018-02-15 20:24:19,869 INFO (AuthorPageProcessor.java:84)- 《尘惘》在作者表中增添成功
2018-02-15 20:24:20,822 INFO (AuthorPageProcessor.java:84)- 《请告诉我何为青春》在作者表中增添成功
2018-02-15 20:24:22,012 INFO (AuthorPageProcessor.java:84)- 《黑暗心脏》在作者表中增添成功
2018-02-15 20:24:22,834 INFO (AuthorPageProcessor.java:84)- 《尸域求生录》在作者表中增添成功
2018-02-15 20:24:25,811 INFO (AuthorPageProcessor.java:84)- 《王子求生记》在作者表中增添成功
2018-02-15 20:24:26,402 INFO (AuthorPageProcessor.java:84)- 《我的撒旦女友》在作者表中增添成功
2018-02-15 20:24:31,108 INFO (AuthorPageProcessor.java:84)- 《命运二次元》在作者表中增添成功
2018-02-15 20:24:31,645 INFO (AuthorPageProcessor.java:84)- 《最后的人》在作者表中增添成功
2018-02-15 20:24:32,833 INFO (AuthorPageProcessor.java:84)- 《平凡的我居然是个人造人》在作者表中增添成功
2018-02-15 20:24:34,332 INFO (AuthorPageProcessor.java:84)- 《FateInprayer》在作者表中增添成功
2018-02-15 20:24:34,989 INFO (AuthorPageProcessor.java:84)- 《关于我那超级不正常的恋爱喜剧》在作者表中增添成功
2018-02-15 20:24:38,591 INFO (AuthorPageProcessor.java:84)- 《我才不会喜欢上我妹妹呢》在作者表中增添成功
2018-02-15 20:24:45,090 INFO (AuthorPageProcessor.java:84)- 《在下渴望怠惰》在作者表中增添成功
2018-02-15 20:24:46,643 INFO (AuthorPageProcessor.java:84)- 《刺客信条C耻辱》在作者表中增添成功
2018-02-15 20:24:49,451 INFO (AuthorPageProcessor.java:84)- 《妖扇赋》在作者表中增添成功
2018-02-15 20:24:55,770 INFO (AuthorPageProcessor.java:84)- 《我是两个世界的掌控者》在作者表中增添成功
2018-02-15 20:24:55,890 INFO (AuthorPageProcessor.java:84)- 《八雪大法好》在作者表中增添成功
2018-02-15 20:25:05,949 INFO (AuthorPageProcessor.java:84)- 《最后的狂魔：剧场版》在作者表中增添成功
2018-02-15 20:25:10,049 INFO (AuthorPageProcessor.java:84)- 《抖m》在作者表中增添成功
2018-02-15 20:25:12,552 INFO (AuthorPageProcessor.java:84)- 《圣莲君王》在作者表中增添成功
2018-02-15 20:25:13,628 INFO (AuthorPageProcessor.java:84)- 《平行世界的重生之旅》在作者表中增添成功
2018-02-15 20:25:15,031 INFO (AuthorPageProcessor.java:84)- 《变身女鬼剑》在作者表中增添成功
2018-02-15 20:25:15,626 INFO (AuthorPageProcessor.java:84)- 《浩渺九州》在作者表中增添成功
2018-02-15 20:25:17,590 INFO (AuthorPageProcessor.java:84)- 《我在类RPG世界的逃婚冒险》在作者表中增添成功
2018-02-15 20:25:21,966 INFO (AuthorPageProcessor.java:84)- 《魔帝与剑的轮舞》在作者表中增添成功
2018-02-15 20:25:22,391 INFO (AuthorPageProcessor.java:84)- 《厄里倪厄斯的魔女》在作者表中增添成功
2018-02-15 20:25:23,423 INFO (AuthorPageProcessor.java:84)- 《愿温柔化为灰烬》在作者表中增添成功
2018-02-15 20:25:29,842 INFO (AuthorPageProcessor.java:84)- 《讲真我想做个普通人》在作者表中增添成功
2018-02-15 20:25:44,070 INFO (AuthorPageProcessor.java:84)- 《幻界理想之章》在作者表中增添成功
2018-02-15 20:25:45,091 INFO (AuthorPageProcessor.java:84)- 《格里芬战记》在作者表中增添成功
2018-02-15 20:25:47,595 INFO (AuthorPageProcessor.java:84)- 《终于回到自己身边了呢哥哥》在作者表中增添成功
2018-02-15 20:25:50,459 INFO (AuthorPageProcessor.java:84)- 《诸神之主or暗黑魔龙》在作者表中增添成功
2018-02-15 20:25:53,810 INFO (AuthorPageProcessor.java:84)- 《女上男下》在作者表中增添成功
2018-02-15 20:25:56,786 INFO (AuthorPageProcessor.java:84)- 《当怪兽娘的日子》在作者表中增添成功
2018-02-15 20:25:58,459 INFO (AuthorPageProcessor.java:84)- 《末世金手指开的太快是什么个情况》在作者表中增添成功
2018-02-15 20:26:05,706 INFO (AuthorPageProcessor.java:84)- 《身为人类的我因人体实验变成魔王》在作者表中增添成功
2018-02-15 20:26:06,837 INFO (AuthorPageProcessor.java:84)- 《我是游戏系统精灵》在作者表中增添成功
2018-02-15 20:26:10,400 INFO (AuthorPageProcessor.java:84)- 《当海西安不打仗的时候》在作者表中增添成功
2018-02-15 20:26:13,477 INFO (AuthorPageProcessor.java:84)- 《异界魔法开发笔记》在作者表中增添成功
2018-02-15 20:26:15,460 INFO (AuthorPageProcessor.java:84)- 《神之羽翼》在作者表中增添成功
2018-02-15 20:26:24,162 INFO (AuthorPageProcessor.java:84)- 《光与暗剑士的对白》在作者表中增添成功
2018-02-15 20:26:26,748 INFO (AuthorPageProcessor.java:84)- 《我在异世界开坦克》在作者表中增添成功
2018-02-15 20:26:28,052 INFO (AuthorPageProcessor.java:84)- 《反龙帝之斗苍穹》在作者表中增添成功
2018-02-15 20:26:31,996 INFO (AuthorPageProcessor.java:84)- 《叛逆的我与女神邂逅》在作者表中增添成功
2018-02-15 20:26:33,495 INFO (AuthorPageProcessor.java:84)- 《天使弟弟和恶魔姐姐》在作者表中增添成功
2018-02-15 20:26:34,884 INFO (AuthorPageProcessor.java:84)- 《从零开始的冒险》在作者表中增添成功
2018-02-15 20:26:35,242 INFO (AuthorPageProcessor.java:84)- 《带着毒奶粉变身系统玩穿越》在作者表中增添成功
2018-02-15 20:26:38,792 INFO (AuthorPageProcessor.java:84)- 《FateAgain天朝圣杯传说》在作者表中增添成功
2018-02-15 20:26:39,705 INFO (AuthorPageProcessor.java:84)- 《作为神的我为什么非得搞百合不可》在作者表中增添成功
2018-02-15 20:26:45,303 INFO (AuthorPageProcessor.java:84)- 《皇家刑讯师》在作者表中增添成功
2018-02-15 20:26:47,589 INFO (AuthorPageProcessor.java:84)- 《你们不懂什么叫做真正的修罗场》在作者表中增添成功
2018-02-15 20:26:54,245 INFO (AuthorPageProcessor.java:84)- 《转生的我是九尾妖狐》在作者表中增添成功
2018-02-15 20:26:55,865 INFO (AuthorPageProcessor.java:84)- 《開始作為女生的開始》在作者表中增添成功
2018-02-15 20:26:58,412 INFO (AuthorPageProcessor.java:84)- 《光之律者》在作者表中增添成功
2018-02-15 20:27:00,184 INFO (AuthorPageProcessor.java:84)- 《奇葩的约会大作战》在作者表中增添成功
2018-02-15 20:27:00,432 INFO (AuthorPageProcessor.java:84)- 《吸血鬼的恋爱》在作者表中增添成功
2018-02-15 20:27:02,516 INFO (AuthorPageProcessor.java:84)- 《身为老司机的我穿越成山神才不污》在作者表中增添成功
2018-02-15 20:27:03,415 INFO (AuthorPageProcessor.java:84)- 《流氓妹妹和腹黑学姐都很恋我》在作者表中增添成功
2018-02-15 20:27:03,534 INFO (AuthorPageProcessor.java:84)- 《杀掉我的死》在作者表中增添成功
2018-02-15 20:27:06,524 INFO (AuthorPageProcessor.java:84)- 《懒散的被召唤者》在作者表中增添成功
2018-02-15 20:27:07,701 INFO (AuthorPageProcessor.java:84)- 《你居然想和身为火影的我约会》在作者表中增添成功
2018-02-15 20:27:08,116 INFO (AuthorPageProcessor.java:84)- 《二次元的旅者》在作者表中增添成功
2018-02-15 20:27:10,087 INFO (AuthorPageProcessor.java:84)- 《黑夜降临》在作者表中增添成功
2018-02-15 20:27:23,410 INFO (AuthorPageProcessor.java:84)- 《幻想世界之纪年阵》在作者表中增添成功
2018-02-15 20:27:23,712 INFO (AuthorPageProcessor.java:84)- 《可爱的我的异能战斗》在作者表中增添成功
2018-02-15 20:27:24,608 INFO (AuthorPageProcessor.java:84)- 《在名为圣杯战争的游戏中成了女人》在作者表中增添成功
2018-02-15 20:27:27,140 INFO (AuthorPageProcessor.java:84)- 《在充满巨乳妹子的网游世界里氪金》在作者表中增添成功
2018-02-15 20:27:27,388 INFO (AuthorPageProcessor.java:84)- 《把我的日常还给我》在作者表中增添成功
2018-02-15 20:27:31,640 INFO (AuthorPageProcessor.java:84)- 《变身之后的我》在作者表中增添成功
2018-02-15 20:27:33,776 INFO (AuthorPageProcessor.java:84)- 《可能性only》在作者表中增添成功
2018-02-15 20:27:34,780 INFO (AuthorPageProcessor.java:84)- 《修罗天祖》在作者表中增添成功
2018-02-15 20:27:42,926 INFO (AuthorPageProcessor.java:84)- 《千道艳妖》在作者表中增添成功
2018-02-15 20:27:45,092 INFO (AuthorPageProcessor.java:84)- 《孤独的我么》在作者表中增添成功
2018-02-15 20:27:46,045 INFO (AuthorPageProcessor.java:84)- 《从圣杯开始的愿望》在作者表中增添成功
2018-02-15 20:28:05,290 INFO (AuthorPageProcessor.java:84)- 《爱战神灵界GW》在作者表中增添成功
2018-02-15 20:28:08,491 INFO (AuthorPageProcessor.java:84)- 《明明很弱的我却有四个魔王弟子》在作者表中增添成功
2018-02-15 20:28:08,845 INFO (AuthorPageProcessor.java:84)- 《被里世界选中的我变成了女生》在作者表中增添成功
2018-02-15 20:28:09,032 INFO (AuthorPageProcessor.java:84)- 《你与我最后的战场》在作者表中增添成功
2018-02-15 20:28:17,763 INFO (AuthorPageProcessor.java:84)- 《我的妹妹终于叫我哥哥了呢》在作者表中增添成功
2018-02-15 20:28:26,795 INFO (AuthorPageProcessor.java:84)- 《仙剑与异世界》在作者表中增添成功
2018-02-15 20:28:30,398 INFO (AuthorPageProcessor.java:84)- 《想写本智商清流文》在作者表中增添成功
2018-02-15 20:28:31,593 INFO (AuthorPageProcessor.java:84)- 《拿着大纲入小说》在作者表中增添成功
2018-02-15 20:28:34,175 INFO (AuthorPageProcessor.java:84)- 《十字追魂剑》在作者表中增添成功
2018-02-15 20:28:35,128 INFO (AuthorPageProcessor.java:84)- 《作为杀手的我为什么要来学院》在作者表中增添成功
2018-02-15 20:28:38,880 INFO (AuthorPageProcessor.java:84)- 《虫洞边缘》在作者表中增添成功
2018-02-15 20:28:40,005 INFO (AuthorPageProcessor.java:84)- 《苦涩的白色蔷薇》在作者表中增添成功
2018-02-15 20:28:42,691 INFO (AuthorPageProcessor.java:84)- 《在碧蓝航线开后宫的dalao》在作者表中增添成功
2018-02-15 20:28:44,575 INFO (AuthorPageProcessor.java:84)- 《后宫我还是勉为其难的接受吧》在作者表中增添成功
2018-02-15 20:28:45,121 INFO (AuthorPageProcessor.java:84)- 《变嫁之美人如花隔云端》在作者表中增添成功
2018-02-15 20:28:46,610 INFO (AuthorPageProcessor.java:84)- 《单体暴击9999的异世界生活》在作者表中增添成功
2018-02-15 20:28:48,224 INFO (AuthorPageProcessor.java:84)- 《破晓project》在作者表中增添成功
2018-02-15 20:28:50,302 INFO (AuthorPageProcessor.java:84)- 《哭的时候要微笑哦》在作者表中增添成功
2018-02-15 20:28:55,230 INFO (AuthorPageProcessor.java:84)- 《穿越到异世界的我有五位妻子》在作者表中增添成功
2018-02-15 20:28:57,760 INFO (AuthorPageProcessor.java:84)- 《诸子》在作者表中增添成功
2018-02-15 20:28:59,719 INFO (AuthorPageProcessor.java:84)- 《陈一飞的异界日记》在作者表中增添成功
2018-02-15 20:29:01,670 INFO (AuthorPageProcessor.java:84)- 《身为杀手的我却做了英雄教官》在作者表中增添成功
2018-02-15 20:29:02,567 INFO (AuthorPageProcessor.java:84)- 《伪娘怎么了魔王我都推了》在作者表中增添成功
2018-02-15 20:29:05,767 INFO (AuthorPageProcessor.java:84)- 《长刀之夜》在作者表中增添成功
2018-02-15 20:29:13,281 INFO (AuthorPageProcessor.java:84)- 《孤独的世界旅者》在作者表中增添成功
2018-02-15 20:29:13,877 INFO (AuthorPageProcessor.java:84)- 《五國記》在作者表中增添成功
2018-02-15 20:29:16,931 INFO (AuthorPageProcessor.java:84)- 《当病娇遇上SL》在作者表中增添成功
2018-02-15 20:29:19,105 INFO (AuthorPageProcessor.java:84)- 《我只是枚快递员》在作者表中增添成功
2018-02-15 20:29:20,588 INFO (AuthorPageProcessor.java:84)- 《穿越无尽动漫世界》在作者表中增添成功
2018-02-15 20:29:20,827 INFO (AuthorPageProcessor.java:84)- 《病历与人生》在作者表中增添成功
2018-02-15 20:29:21,498 INFO (AuthorPageProcessor.java:84)- 《末日开始之前》在作者表中增添成功
2018-02-15 20:29:26,434 INFO (AuthorPageProcessor.java:84)- 《影之诗》在作者表中增添成功
2018-02-15 20:29:26,970 INFO (AuthorPageProcessor.java:84)- 《我的学妹是文学少女》在作者表中增添成功
2018-02-15 20:29:30,662 INFO (AuthorPageProcessor.java:84)- 《君不见那梦有多长》在作者表中增添成功
2018-02-15 20:29:33,460 INFO (AuthorPageProcessor.java:84)- 《听闻花语》在作者表中增添成功
2018-02-15 20:29:33,582 INFO (AuthorPageProcessor.java:84)- 《风云天下》在作者表中增添成功
2018-02-15 20:29:37,411 INFO (AuthorPageProcessor.java:84)- 《最强副职业玩家》在作者表中增添成功
2018-02-15 20:29:45,805 INFO (AuthorPageProcessor.java:84)- 《天陨Alpha》在作者表中增添成功
2018-02-15 20:29:46,703 INFO (AuthorPageProcessor.java:84)- 《即使是废柴也可以开后宫么》在作者表中增添成功
2018-02-15 20:29:48,009 INFO (AuthorPageProcessor.java:84)- 《沥青》在作者表中增添成功
2018-02-15 20:29:49,980 INFO (AuthorPageProcessor.java:84)- 《青火莲心之续》在作者表中增添成功
2018-02-15 20:29:54,881 INFO (AuthorPageProcessor.java:84)- 《异界锻造者》在作者表中增添成功
2018-02-15 20:29:55,118 INFO (AuthorPageProcessor.java:84)- 《杀死懦弱的我与重生世界物语》在作者表中增添成功
2018-02-15 20:29:55,536 INFO (AuthorPageProcessor.java:84)- 《幻梦创想TheMakers》在作者表中增添成功
2018-02-15 20:30:02,829 INFO (AuthorPageProcessor.java:84)- 《这个山鬼不一样》在作者表中增添成功
2018-02-15 20:30:07,480 INFO (AuthorPageProcessor.java:84)- 《异世界的英灵冠位之争》在作者表中增添成功
2018-02-15 20:30:08,190 INFO (AuthorPageProcessor.java:84)- 《身为天才的我却渴望平凡的生活》在作者表中增添成功
2018-02-15 20:30:10,954 INFO (AuthorPageProcessor.java:84)- 《非正常格里芬指挥部》在作者表中增添成功
2018-02-15 20:30:17,575 INFO (AuthorPageProcessor.java:84)- 《两个身体的灵魂歌》在作者表中增添成功
2018-02-15 20:30:22,108 INFO (AuthorPageProcessor.java:84)- 《就算变成妹子也要继续做强者》在作者表中增添成功
2018-02-15 20:30:25,014 INFO (AuthorPageProcessor.java:84)- 《我的守护狐娘怎么会是抖S》在作者表中增添成功
2018-02-15 20:30:26,931 INFO (AuthorPageProcessor.java:84)- 《从猫儿开始的燎乱龙生》在作者表中增添成功
2018-02-15 20:30:33,192 INFO (AuthorPageProcessor.java:84)- 《从方尖塔开始的异世界生活》在作者表中增添成功
2018-02-15 20:30:33,448 INFO (AuthorPageProcessor.java:84)- 《早知道修仙这么幸苦我就当凡人了》在作者表中增添成功
2018-02-15 20:30:36,789 INFO (AuthorPageProcessor.java:84)- 《无家可归者请停留奈何桥酒馆》在作者表中增添成功
2018-02-15 20:30:37,092 INFO (AuthorPageProcessor.java:84)- 《来到异世界的我是个王者》在作者表中增添成功
2018-02-15 20:30:43,331 INFO (AuthorPageProcessor.java:84)- 《天语》在作者表中增添成功
2018-02-15 20:30:43,868 INFO (AuthorPageProcessor.java:84)- 《我们被异世界捡到了》在作者表中增添成功
2018-02-15 20:30:44,048 INFO (AuthorPageProcessor.java:84)- 《斩赤红之瞳之审判者》在作者表中增添成功
2018-02-15 20:30:44,524 INFO (AuthorPageProcessor.java:84)- 《成为鬼影的异世界冒险》在作者表中增添成功
2018-02-15 20:30:48,991 INFO (AuthorPageProcessor.java:84)- 《千元纪》在作者表中增添成功
2018-02-15 20:30:50,445 INFO (AuthorPageProcessor.java:84)- 《杀手教书有什么错》在作者表中增添成功
2018-02-15 20:30:51,763 INFO (AuthorPageProcessor.java:84)- 《混乱正传》在作者表中增添成功
2018-02-15 20:31:00,322 INFO (AuthorPageProcessor.java:84)- 《身为机械宅却要教兽耳娘打手枪》在作者表中增添成功
2018-02-15 20:31:01,369 INFO (AuthorPageProcessor.java:84)- 《病娇女友与兄控妹妹的惨烈修罗场》在作者表中增添成功
2018-02-15 20:31:02,873 INFO (AuthorPageProcessor.java:84)- 《我们被绑架到变态的狼人游戏》在作者表中增添成功
2018-02-15 20:31:05,609 INFO (AuthorPageProcessor.java:84)- 《异界召唤佣兵系统》在作者表中增添成功
2018-02-15 20:31:07,534 INFO (AuthorPageProcessor.java:84)- 《在异次元拯救》在作者表中增添成功
2018-02-15 20:31:11,045 INFO (AuthorPageProcessor.java:84)- 《堕落or救赎》在作者表中增添成功
2018-02-15 20:31:13,120 INFO (AuthorPageProcessor.java:84)- 《校园生活好无味》在作者表中增添成功
2018-02-15 20:31:13,557 INFO (AuthorPageProcessor.java:84)- 《哥哥去哪儿了》在作者表中增添成功
2018-02-15 20:31:16,681 INFO (AuthorPageProcessor.java:84)- 《变身女剑士》在作者表中增添成功
2018-02-15 20:31:22,448 INFO (AuthorPageProcessor.java:84)- 《被神选择的我成为异世界的主角》在作者表中增添成功
2018-02-15 20:31:22,708 INFO (AuthorPageProcessor.java:84)- 《平庸的我才不会有修罗场》在作者表中增添成功
2018-02-15 20:31:23,819 INFO (AuthorPageProcessor.java:84)- 《巨龙寻眠之旅》在作者表中增添成功
2018-02-15 20:31:23,938 INFO (AuthorPageProcessor.java:84)- 《米米克战记》在作者表中增添成功
2018-02-15 20:31:29,269 INFO (AuthorPageProcessor.java:84)- 《废柴救赎史》在作者表中增添成功
2018-02-15 20:31:37,395 INFO (AuthorPageProcessor.java:84)- 《病娇青梅与妹妹与我》在作者表中增添成功
2018-02-15 20:31:39,496 INFO (AuthorPageProcessor.java:84)- 《女神攻略系统》在作者表中增添成功
2018-02-15 20:31:43,603 INFO (AuthorPageProcessor.java:84)- 《身為死徒魔法使的我穿越到約戰》在作者表中增添成功
2018-02-15 20:31:43,722 INFO (AuthorPageProcessor.java:84)- 《异世界归来的我被魔王变成了萝莉》在作者表中增添成功
2018-02-15 20:31:45,760 INFO (AuthorPageProcessor.java:84)- 《无限崩坏》在作者表中增添成功
2018-02-15 20:31:51,064 INFO (AuthorPageProcessor.java:84)- 《约会大作战之天寒兄妹》在作者表中增添成功
2018-02-15 20:31:57,281 INFO (AuthorPageProcessor.java:84)- 《奇迹的彼岸绝望的末路》在作者表中增添成功
2018-02-15 20:31:57,940 INFO (AuthorPageProcessor.java:84)- 《ACOD》在作者表中增添成功
2018-02-15 20:32:00,601 INFO (AuthorPageProcessor.java:84)- 《我的世界之神域》在作者表中增添成功
2018-02-15 20:32:03,522 INFO (AuthorPageProcessor.java:84)- 《業火紛亂》在作者表中增添成功
2018-02-15 20:32:06,243 INFO (AuthorPageProcessor.java:84)- 《无尽回廊》在作者表中增添成功
2018-02-15 20:32:09,509 INFO (AuthorPageProcessor.java:84)- 《BurningMind》在作者表中增添成功
2018-02-15 20:32:09,688 INFO (AuthorPageProcessor.java:84)- 《吾妹骑士》在作者表中增添成功
2018-02-15 20:32:13,177 INFO (AuthorPageProcessor.java:84)- 《本仙帝才不是不良少年小流氓呢》在作者表中增添成功
2018-02-15 20:32:14,373 INFO (AuthorPageProcessor.java:84)- 《身为贤者的我失去了魔法》在作者表中增添成功
2018-02-15 20:32:15,394 INFO (AuthorPageProcessor.java:84)- 《次点公寓》在作者表中增添成功
2018-02-15 20:32:17,451 INFO (AuthorPageProcessor.java:84)- 《魔禁之树》在作者表中增添成功
2018-02-15 20:32:19,529 INFO (AuthorPageProcessor.java:84)- 《第一次一定需要末世》在作者表中增添成功
2018-02-15 20:32:20,909 INFO (AuthorPageProcessor.java:84)- 《不想当痴女妹妹的伪娘奴隶了》在作者表中增添成功
2018-02-15 20:32:21,211 INFO (AuthorPageProcessor.java:84)- 《我的奴隶女神是个抖m》在作者表中增添成功
2018-02-15 20:32:22,649 INFO (AuthorPageProcessor.java:84)- 《喜欢上猫娘萝莉的都不是坏人》在作者表中增添成功
2018-02-15 20:32:26,170 INFO (AuthorPageProcessor.java:84)- 《校内恶霸与奶酪丝滑少女》在作者表中增添成功
2018-02-15 20:32:27,240 INFO (AuthorPageProcessor.java:84)- 《系统钦点萝莉女主播》在作者表中增添成功
2018-02-15 20:32:28,367 INFO (AuthorPageProcessor.java:84)- 《终焉了的插曲》在作者表中增添成功
