2018-02-15 20:32:37,867 INFO (AuthorPageProcessor.java:84)- 《带著一帮狼人穿到异世界》在作者表中增添成功
2018-02-15 20:32:39,478 INFO (AuthorPageProcessor.java:84)- 《乌托邦Universalis》在作者表中增添成功
2018-02-15 20:32:39,717 INFO (AuthorPageProcessor.java:84)- 《被病娇盯上怎么办》在作者表中增添成功
2018-02-15 20:32:40,074 INFO (AuthorPageProcessor.java:84)- 《打翻那些愚蠢的主角让我感到愉悦》在作者表中增添成功
2018-02-15 20:32:41,154 INFO (AuthorPageProcessor.java:84)- 《艾尔诺斯亚苍穹的龙骑士》在作者表中增添成功
2018-02-15 20:32:45,111 INFO (AuthorPageProcessor.java:84)- 《一个誓言就想挑战万千炮火》在作者表中增添成功
2018-02-15 20:32:46,006 INFO (AuthorPageProcessor.java:84)- 《火影同人之新的传奇》在作者表中增添成功
2018-02-15 20:32:48,158 INFO (AuthorPageProcessor.java:84)- 《那只萝莉或许能拯救世界》在作者表中增添成功
2018-02-15 20:32:48,867 INFO (AuthorPageProcessor.java:84)- 《充满咸鱼味的崩坏》在作者表中增添成功
2018-02-15 20:32:49,107 INFO (AuthorPageProcessor.java:84)- 《和魅魔老婆一起修仙》在作者表中增添成功
2018-02-15 20:32:49,347 INFO (AuthorPageProcessor.java:84)- 《万法不侵的我娶了个奴隶老婆》在作者表中增添成功
2018-02-15 20:32:51,895 INFO (AuthorPageProcessor.java:84)- 《主播是女装大佬》在作者表中增添成功
2018-02-15 20:32:56,009 INFO (AuthorPageProcessor.java:84)- 《最强的我的日常》在作者表中增添成功
2018-02-15 20:32:58,525 INFO (AuthorPageProcessor.java:84)- 《字母家族现代篇》在作者表中增添成功
2018-02-15 20:33:00,419 INFO (AuthorPageProcessor.java:84)- 《关于我的个人物语》在作者表中增添成功
2018-02-15 20:33:01,132 INFO (AuthorPageProcessor.java:84)- 《留学生》在作者表中增添成功
2018-02-15 20:33:02,693 INFO (AuthorPageProcessor.java:84)- 《世界末日以后我还能找到她吗》在作者表中增添成功
2018-02-15 20:33:09,167 INFO (AuthorPageProcessor.java:84)- 《召唤万岁万万岁》在作者表中增添成功
2018-02-15 20:33:09,529 INFO (AuthorPageProcessor.java:84)- 《初中生不要谈恋爱啊》在作者表中增添成功
2018-02-15 20:33:10,602 INFO (AuthorPageProcessor.java:84)- 《西泽尔战纪》在作者表中增添成功
2018-02-15 20:33:20,752 INFO (AuthorPageProcessor.java:84)- 《星耀的碑文》在作者表中增添成功
2018-02-15 20:33:21,412 INFO (AuthorPageProcessor.java:84)- 《我才不要在RPG世界搞事呢》在作者表中增添成功
2018-02-15 20:33:24,789 INFO (AuthorPageProcessor.java:84)- 《不小心夺走了勇者妹子重要的东西》在作者表中增添成功
2018-02-15 20:33:26,406 INFO (AuthorPageProcessor.java:84)- 《花火NewChapter》在作者表中增添成功
2018-02-15 20:33:29,421 INFO (AuthorPageProcessor.java:84)- 《魔帝重生来做萝莉公主了》在作者表中增添成功
2018-02-15 20:33:30,846 INFO (AuthorPageProcessor.java:84)- 《海贼世界里我吃了性转果实》在作者表中增添成功
2018-02-15 20:33:35,183 INFO (AuthorPageProcessor.java:84)- 《梦魔之庭》在作者表中增添成功
2018-02-15 20:33:37,756 INFO (AuthorPageProcessor.java:84)- 《命运之下猎神者》在作者表中增添成功
2018-02-15 20:33:39,111 INFO (AuthorPageProcessor.java:84)- 《修个仙居然修到了异世界》在作者表中增添成功
2018-02-15 20:33:40,718 INFO (AuthorPageProcessor.java:84)- 《灰色的天空》在作者表中增添成功
2018-02-15 20:33:41,994 INFO (AuthorPageProcessor.java:84)- 《我遇见了谜之协魔师》在作者表中增添成功
2018-02-15 20:33:45,949 INFO (AuthorPageProcessor.java:84)- 《纵使摸到女鬼也不可能会是我的错》在作者表中增添成功
2018-02-15 20:33:47,211 INFO (AuthorPageProcessor.java:84)- 《幻想乡的神话起源》在作者表中增添成功
2018-02-15 20:33:47,334 INFO (AuthorPageProcessor.java:84)- 《废柴哥哥与可爱妹妹的日常》在作者表中增添成功
2018-02-15 20:33:52,799 INFO (AuthorPageProcessor.java:84)- 《平行世界性转什么鬼啊》在作者表中增添成功
2018-02-15 20:33:54,297 INFO (AuthorPageProcessor.java:84)- 《最强王者与妹妹的日常生活》在作者表中增添成功
2018-02-15 20:33:54,435 INFO (AuthorPageProcessor.java:84)- 《战灵少女》在作者表中增添成功
2018-02-15 20:33:57,107 INFO (AuthorPageProcessor.java:84)- 《没想到三国拜托我来拯救病娇三国》在作者表中增添成功
2018-02-15 20:33:58,786 INFO (AuthorPageProcessor.java:84)- 《我与中二病少女有过婚约》在作者表中增添成功
2018-02-15 20:33:59,807 INFO (AuthorPageProcessor.java:84)- 《只有充钱才能变得更强》在作者表中增添成功
2018-02-15 20:34:00,106 INFO (AuthorPageProcessor.java:84)- 《变身非人类》在作者表中增添成功
2018-02-15 20:34:03,511 INFO (AuthorPageProcessor.java:84)- 《异世界的魔法需要一点科学》在作者表中增添成功
2018-02-15 20:34:05,589 INFO (AuthorPageProcessor.java:84)- 《求求你不要这样攻略我》在作者表中增添成功
2018-02-15 20:34:08,730 INFO (AuthorPageProcessor.java:84)- 《变身随录》在作者表中增添成功
2018-02-15 20:34:10,344 INFO (AuthorPageProcessor.java:84)- 《人间圣者的我到了异世界》在作者表中增添成功
2018-02-15 20:34:13,795 INFO (AuthorPageProcessor.java:84)- 《鬼卒的奇幻旅程》在作者表中增添成功
2018-02-15 20:34:14,521 INFO (AuthorPageProcessor.java:84)- 《最强的我想要过普通人的生活》在作者表中增添成功
2018-02-15 20:34:20,225 INFO (AuthorPageProcessor.java:84)- 《神从不祈祷》在作者表中增添成功
2018-02-15 20:34:27,092 INFO (AuthorPageProcessor.java:84)- 《仙人哪有你这样的》在作者表中增添成功
2018-02-15 20:34:27,919 INFO (AuthorPageProcessor.java:84)- 《成为勇者的废人要如何是好》在作者表中增添成功
2018-02-15 20:34:33,655 INFO (AuthorPageProcessor.java:84)- 《美狐公主的弱鸡侍卫》在作者表中增添成功
2018-02-15 20:34:36,345 INFO (AuthorPageProcessor.java:84)- 《圈养政策》在作者表中增添成功
2018-02-15 20:34:36,707 INFO (AuthorPageProcessor.java:84)- 《为何四位姐姐和我不同姓的问题》在作者表中增添成功
2018-02-15 20:34:42,493 INFO (AuthorPageProcessor.java:84)- 《这样子是无法获得恋爱喜剧的》在作者表中增添成功
2018-02-15 20:34:45,608 INFO (AuthorPageProcessor.java:84)- 《按住说话可搜索您想知道的内容》在作者表中增添成功
2018-02-15 20:34:45,728 INFO (AuthorPageProcessor.java:84)- 《谁说穿越一定就是当个正派》在作者表中增添成功
2018-02-15 20:34:46,507 INFO (AuthorPageProcessor.java:84)- 《萝莉控有什么错》在作者表中增添成功
2018-02-15 20:34:46,870 INFO (AuthorPageProcessor.java:84)- 《王者的战斗旅途叙述史诗》在作者表中增添成功
2018-02-15 20:34:47,465 INFO (AuthorPageProcessor.java:84)- 《身为孤儿勇者的我怎么可能有亲人》在作者表中增添成功
2018-02-15 20:34:51,210 INFO (AuthorPageProcessor.java:84)- 《魔界女王》在作者表中增添成功
2018-02-15 20:34:54,435 INFO (AuthorPageProcessor.java:84)- 《我才是那主角》在作者表中增添成功
2018-02-15 20:34:57,534 INFO (AuthorPageProcessor.java:84)- 《作家的小群窝》在作者表中增添成功
2018-02-15 20:34:59,424 INFO (AuthorPageProcessor.java:84)- 《魔王养女与千年后转生的废柴勇者》在作者表中增添成功
2018-02-15 20:35:00,788 INFO (AuthorPageProcessor.java:84)- 《命运的轮回游戏》在作者表中增添成功
2018-02-15 20:35:01,862 INFO (AuthorPageProcessor.java:84)- 《杰伦式恋人》在作者表中增添成功
2018-02-15 20:35:10,885 INFO (AuthorPageProcessor.java:84)- 《无赖嘴炮的劣等生》在作者表中增添成功
2018-02-15 20:35:13,305 INFO (AuthorPageProcessor.java:84)- 《成为海雾在各个世界捣乱真的好吗》在作者表中增添成功
2018-02-15 20:35:19,281 INFO (AuthorPageProcessor.java:84)- 《变成女生之后与萝莉神的同居生活》在作者表中增添成功
2018-02-15 20:35:20,706 INFO (AuthorPageProcessor.java:84)- 《崩坏少年武神出击》在作者表中增添成功
2018-02-15 20:35:24,312 INFO (AuthorPageProcessor.java:84)- 《听说我叫立华奏》在作者表中增添成功
2018-02-15 20:35:27,060 INFO (AuthorPageProcessor.java:84)- 《为什么我会变成女生》在作者表中增添成功
2018-02-15 20:35:30,941 INFO (AuthorPageProcessor.java:84)- 《巫术师》在作者表中增添成功
2018-02-15 20:35:32,434 INFO (AuthorPageProcessor.java:84)- 《我的父亲大人竟然会去穿女装》在作者表中增添成功
2018-02-15 20:35:34,450 INFO (AuthorPageProcessor.java:84)- 《繁花落尽一千年》在作者表中增添成功
2018-02-15 20:35:35,231 INFO (AuthorPageProcessor.java:84)- 《希诺修亚之矛》在作者表中增添成功
2018-02-15 20:35:35,470 INFO (AuthorPageProcessor.java:84)- 《我的正义》在作者表中增添成功
2018-02-15 20:35:35,768 INFO (AuthorPageProcessor.java:84)- 《时空少女之末世纪元》在作者表中增添成功
2018-02-15 20:35:36,129 INFO (AuthorPageProcessor.java:84)- 《我就是强无敌》在作者表中增添成功
2018-02-15 20:35:38,106 INFO (AuthorPageProcessor.java:84)- 《难以散席的女生party》在作者表中增添成功
2018-02-15 20:35:38,579 INFO (AuthorPageProcessor.java:84)- 《明月哟明月》在作者表中增添成功
2018-02-15 20:35:39,729 INFO (AuthorPageProcessor.java:84)- 《魔王与女仆与勇者的冒险物语》在作者表中增添成功
2018-02-15 20:35:40,099 INFO (AuthorPageProcessor.java:84)- 《伪娘的我才不会成为姐姐的禁脔》在作者表中增添成功
2018-02-15 20:35:40,394 INFO (AuthorPageProcessor.java:84)- 《鹰之旅》在作者表中增添成功
2018-02-15 20:35:45,459 INFO (AuthorPageProcessor.java:84)- 《横音之法外者》在作者表中增添成功
2018-02-15 20:35:48,791 INFO (AuthorPageProcessor.java:84)- 《剑影传说》在作者表中增添成功
2018-02-15 20:35:51,816 INFO (AuthorPageProcessor.java:84)- 《喜欢吸血鬼姐姐的脚丫是我的错吗》在作者表中增添成功
2018-02-15 20:35:52,058 INFO (AuthorPageProcessor.java:84)- 《关于我意外收服女神这件事》在作者表中增添成功
2018-02-15 20:35:54,708 INFO (AuthorPageProcessor.java:84)- 《从零开始的女王养成计划》在作者表中增添成功
2018-02-15 20:36:01,128 INFO (AuthorPageProcessor.java:84)- 《我是天使也是恶魔》在作者表中增添成功
2018-02-15 20:36:03,210 INFO (AuthorPageProcessor.java:84)- 《喂boss这个任务太难了点吧》在作者表中增添成功
2018-02-15 20:36:03,449 INFO (AuthorPageProcessor.java:84)- 《Flashing一天际线的弦界》在作者表中增添成功
2018-02-15 20:36:04,051 INFO (AuthorPageProcessor.java:84)- 《超次元coocher之大灭绝》在作者表中增添成功
2018-02-15 20:36:07,592 INFO (AuthorPageProcessor.java:84)- 《魔境无疆》在作者表中增添成功
2018-02-15 20:36:10,034 INFO (AuthorPageProcessor.java:84)- 《中国鬼子兵》在作者表中增添成功
2018-02-15 20:36:10,509 INFO (AuthorPageProcessor.java:84)- 《二十人格分裂症》在作者表中增添成功
2018-02-15 20:36:11,688 INFO (AuthorPageProcessor.java:84)- 《SS级的我伪装成了D级》在作者表中增添成功
2018-02-15 20:36:12,899 INFO (AuthorPageProcessor.java:84)- 《至今还不知道主角的性别和样貌》在作者表中增添成功
2018-02-15 20:36:18,467 INFO (AuthorPageProcessor.java:84)- 《穿越异世界帮萝莉打天下》在作者表中增添成功
2018-02-15 20:36:22,993 INFO (AuthorPageProcessor.java:84)- 《隐勇》在作者表中增添成功
2018-02-15 20:36:29,626 INFO (AuthorPageProcessor.java:84)- 《亚索的异界旅行》在作者表中增添成功
2018-02-15 20:36:33,335 INFO (AuthorPageProcessor.java:84)- 《为了大小姐养母选择开后宫》在作者表中增添成功
2018-02-15 20:36:36,248 INFO (AuthorPageProcessor.java:84)- 《Black幸存者》在作者表中增添成功
2018-02-15 20:36:38,913 INFO (AuthorPageProcessor.java:84)- 《背叛者维沃》在作者表中增添成功
2018-02-15 20:36:45,075 INFO (AuthorPageProcessor.java:84)- 《被无限宠爱的猫娘》在作者表中增添成功
2018-02-15 20:36:47,666 INFO (AuthorPageProcessor.java:84)- 《神奇宝贝出发》在作者表中增添成功
2018-02-15 20:36:48,273 INFO (AuthorPageProcessor.java:84)- 《有妹妹的灵怪世界》在作者表中增添成功
2018-02-15 20:36:51,889 INFO (AuthorPageProcessor.java:84)- 《变成骑士的我开了一个后宫》在作者表中增添成功
2018-02-15 20:36:54,695 INFO (AuthorPageProcessor.java:84)- 《如何通过穿越反抗那些高等生命》在作者表中增添成功
2018-02-15 20:36:58,080 INFO (AuthorPageProcessor.java:84)- 《异世界之战神无双》在作者表中增添成功
2018-02-15 20:37:02,354 INFO (AuthorPageProcessor.java:84)- 《妹妹想要攻略我》在作者表中增添成功
2018-02-15 20:37:03,721 INFO (AuthorPageProcessor.java:84)- 《天使的魔翼》在作者表中增添成功
2018-02-15 20:37:09,813 INFO (AuthorPageProcessor.java:84)- 《离是终焉时之歌》在作者表中增添成功
2018-02-15 20:37:09,934 INFO (AuthorPageProcessor.java:84)- 《末世之次元召唤师》在作者表中增添成功
2018-02-15 20:37:21,452 INFO (AuthorPageProcessor.java:84)- 《某魔法的天生圣人》在作者表中增添成功
2018-02-15 20:37:21,931 INFO (AuthorPageProcessor.java:84)- 《如果不是扶她就好了》在作者表中增添成功
2018-02-15 20:37:22,729 INFO (AuthorPageProcessor.java:84)- 《赤红战记》在作者表中增添成功
2018-02-15 20:37:23,215 INFO (AuthorPageProcessor.java:84)- 《最强剑术传承者与不平凡的日常》在作者表中增添成功
2018-02-15 20:37:23,638 INFO (AuthorPageProcessor.java:84)- 《被狐神大人变成女生的我要去除鬼》在作者表中增添成功
2018-02-15 20:37:23,760 INFO (AuthorPageProcessor.java:84)- 《与变成了美少女的基友讨伐魔王》在作者表中增添成功
2018-02-15 20:37:28,166 INFO (AuthorPageProcessor.java:84)- 《关于我被武力逼婚的这件事》在作者表中增添成功
2018-02-15 20:37:28,884 INFO (AuthorPageProcessor.java:84)- 《终焉灵罪》在作者表中增添成功
2018-02-15 20:37:30,903 INFO (AuthorPageProcessor.java:84)- 《后宫学生会长的不恋爱誓言》在作者表中增添成功
2018-02-15 20:37:32,237 INFO (AuthorPageProcessor.java:84)- 《碧蓝的彼岸》在作者表中增添成功
2018-02-15 20:37:33,548 INFO (AuthorPageProcessor.java:84)- 《怪人的我断言魔法少女都是破坏狂》在作者表中增添成功
2018-02-15 20:37:38,323 INFO (AuthorPageProcessor.java:84)- 《斗罗大陆之如果有我》在作者表中增添成功
2018-02-15 20:37:40,000 INFO (AuthorPageProcessor.java:84)- 《无敌的我带着巨乳萝莉上山了》在作者表中增添成功
2018-02-15 20:37:42,775 INFO (AuthorPageProcessor.java:84)- 《幻与萌的二次元旅行》在作者表中增添成功
2018-02-15 20:37:43,336 INFO (AuthorPageProcessor.java:84)- 《被徒弟逼着当老师的我》在作者表中增添成功
2018-02-15 20:37:43,633 INFO (AuthorPageProcessor.java:84)- 《弑神者的我惧怕妹妹》在作者表中增添成功
2018-02-15 20:37:44,047 INFO (AuthorPageProcessor.java:84)- 《在异世界种百合花》在作者表中增添成功
2018-02-15 20:37:44,580 INFO (AuthorPageProcessor.java:84)- 《讨厌女性名字的我竟然变成了女生》在作者表中增添成功
2018-02-15 20:37:45,187 INFO (AuthorPageProcessor.java:84)- 《诸天唯一神魔的强势崛起》在作者表中增添成功
2018-02-15 20:37:46,252 INFO (AuthorPageProcessor.java:84)- 《身为驱魔师的我不可能有妹妹》在作者表中增添成功
2018-02-15 20:37:46,555 INFO (AuthorPageProcessor.java:84)- 《来到异界我好像无敌了》在作者表中增添成功
2018-02-15 20:37:47,861 INFO (AuthorPageProcessor.java:84)- 《拔作中的主人公怎么可能会有GE》在作者表中增添成功
2018-02-15 20:37:48,344 INFO (AuthorPageProcessor.java:84)- 《最强狐仙杀手不可能会暴露》在作者表中增添成功
2018-02-15 20:37:48,706 INFO (AuthorPageProcessor.java:84)- 《装甲驱魔师》在作者表中增添成功
2018-02-15 20:37:50,476 INFO (AuthorPageProcessor.java:84)- 《当神好麻烦》在作者表中增添成功
2018-02-15 20:37:54,715 INFO (AuthorPageProcessor.java:84)- 《我的妹妹真奇怪》在作者表中增添成功
2018-02-15 20:38:00,127 INFO (AuthorPageProcessor.java:84)- 《二次元的伪娘玩家》在作者表中增添成功
2018-02-15 20:38:00,911 INFO (AuthorPageProcessor.java:84)- 《冥王的我开了后宫》在作者表中增添成功
2018-02-15 20:38:02,168 INFO (AuthorPageProcessor.java:84)- 《绝对仙话》在作者表中增添成功
2018-02-15 20:38:03,063 INFO (AuthorPageProcessor.java:84)- 《最强被病娇们逼上逃兵之旅》在作者表中增添成功
2018-02-15 20:38:03,951 INFO (AuthorPageProcessor.java:84)- 《与公会一起穿越了到了异世界》在作者表中增添成功
2018-02-15 20:38:11,108 INFO (AuthorPageProcessor.java:84)- 《生命的最后一年》在作者表中增添成功
2018-02-15 20:38:19,890 INFO (AuthorPageProcessor.java:84)- 《穿到异世界的我要走哪条路》在作者表中增添成功
2018-02-15 20:38:20,307 INFO (AuthorPageProcessor.java:84)- 《变成僵尸的我在末日里玩耍》在作者表中增添成功
2018-02-15 20:38:21,724 INFO (AuthorPageProcessor.java:84)- 《魔王就不可以娶勇者么》在作者表中增添成功
2018-02-15 20:38:23,433 INFO (AuthorPageProcessor.java:84)- 《巫女小姐的脚下埋着尸体》在作者表中增添成功
2018-02-15 20:38:23,796 INFO (AuthorPageProcessor.java:84)- 《网游之战毅如怡》在作者表中增添成功
2018-02-15 20:38:25,129 INFO (AuthorPageProcessor.java:84)- 《军宅的异界战纪》在作者表中增添成功
2018-02-15 20:38:27,621 INFO (AuthorPageProcessor.java:84)- 《艾泽拉之神创世界》在作者表中增添成功
2018-02-15 20:38:27,740 INFO (AuthorPageProcessor.java:84)- 《今天勇者大人上任了吗》在作者表中增添成功
2018-02-15 20:38:29,590 INFO (AuthorPageProcessor.java:84)- 《我，作者，是最终BOSS？》在作者表中增添成功
2018-02-15 20:38:29,834 INFO (AuthorPageProcessor.java:84)- 《异通科的旅人们》在作者表中增添成功
2018-02-15 20:38:32,418 INFO (AuthorPageProcessor.java:84)- 《校花指挥官》在作者表中增添成功
2018-02-15 20:38:40,658 INFO (AuthorPageProcessor.java:84)- 《普通使魔的冒险生活》在作者表中增添成功
2018-02-15 20:38:40,898 INFO (AuthorPageProcessor.java:84)- 《公主殿下被绑架了》在作者表中增添成功
2018-02-15 20:38:41,844 INFO (AuthorPageProcessor.java:84)- 《乌蒂亚的魔物娘》在作者表中增添成功
2018-02-15 20:38:43,005 INFO (AuthorPageProcessor.java:84)- 《和亲公主》在作者表中增添成功
2018-02-15 20:38:44,012 INFO (AuthorPageProcessor.java:84)- 《我叫艾克斯》在作者表中增添成功
2018-02-15 20:38:44,886 INFO (AuthorPageProcessor.java:84)- 《异世界魔法战记》在作者表中增添成功
2018-02-15 20:38:52,823 INFO (AuthorPageProcessor.java:84)- 《光头史诗》在作者表中增添成功
2018-02-15 20:38:53,065 INFO (AuthorPageProcessor.java:84)- 《伪娘少年十六岁之时的正六面体》在作者表中增添成功
2018-02-15 20:38:53,799 INFO (AuthorPageProcessor.java:84)- 《时计点的救赎与成为现充的路》在作者表中增添成功
2018-02-15 20:38:55,907 INFO (AuthorPageProcessor.java:84)- 《泽天传记》在作者表中增添成功
2018-02-15 20:38:59,170 INFO (AuthorPageProcessor.java:84)- 《神代的奇妙冒险》在作者表中增添成功
2018-02-15 20:39:02,108 INFO (AuthorPageProcessor.java:84)- 《待君执剑》在作者表中增添成功
2018-02-15 20:39:03,064 INFO (AuthorPageProcessor.java:84)- 《魔神x勇者x异世界》在作者表中增添成功
2018-02-15 20:39:05,966 INFO (AuthorPageProcessor.java:84)- 《一人之上》在作者表中增添成功
2018-02-15 20:39:07,733 INFO (AuthorPageProcessor.java:84)- 《阴阳师的猎手》在作者表中增添成功
2018-02-15 20:39:09,107 INFO (AuthorPageProcessor.java:84)- 《狂战机娘》在作者表中增添成功
2018-02-15 20:39:09,229 INFO (AuthorPageProcessor.java:84)- 《异世界的旅行居然发生在我的身上》在作者表中增添成功
2018-02-15 20:39:09,410 INFO (AuthorPageProcessor.java:84)- 《约会大作战之救赎之路》在作者表中增添成功
2018-02-15 20:39:16,187 INFO (AuthorPageProcessor.java:84)- 《身为小人国国王的我居然穿越了》在作者表中增添成功
2018-02-15 20:39:18,756 INFO (AuthorPageProcessor.java:84)- 《厌世者》在作者表中增添成功
2018-02-15 20:39:19,711 INFO (AuthorPageProcessor.java:84)- 《当有了穿越变身手环之后》在作者表中增添成功
2018-02-15 20:39:20,377 INFO (AuthorPageProcessor.java:84)- 《英雄不是那么好当滴》在作者表中增添成功
2018-02-15 20:39:22,660 INFO (AuthorPageProcessor.java:84)- 《生命物语》在作者表中增添成功
2018-02-15 20:39:24,620 INFO (AuthorPageProcessor.java:84)- 《崩坏世界的煌火》在作者表中增添成功
2018-02-15 20:39:30,122 INFO (AuthorPageProcessor.java:84)- 《綜漫之雷霆與冰霜的故事》在作者表中增添成功
2018-02-15 20:39:33,050 INFO (AuthorPageProcessor.java:84)- 《不负责父母与问题儿童》在作者表中增添成功
2018-02-15 20:39:34,824 INFO (AuthorPageProcessor.java:84)- 《相遇相知》在作者表中增添成功
2018-02-15 20:39:37,206 INFO (AuthorPageProcessor.java:84)- 《龙女战记》在作者表中增添成功
2018-02-15 20:39:38,329 INFO (AuthorPageProcessor.java:84)- 《二次元里28分之27时间是萝莉》在作者表中增添成功
2018-02-15 20:39:40,591 INFO (AuthorPageProcessor.java:84)- 《异世界缥缈之旅》在作者表中增添成功
2018-02-15 20:39:41,777 INFO (AuthorPageProcessor.java:84)- 《来自终焉》在作者表中增添成功
2018-02-15 20:39:42,195 INFO (AuthorPageProcessor.java:84)- 《谁说主角不能是弱气伪娘属性》在作者表中增添成功
2018-02-15 20:39:49,559 INFO (AuthorPageProcessor.java:84)- 《触手怪只想活下去而已》在作者表中增添成功
2018-02-15 20:39:51,224 INFO (AuthorPageProcessor.java:84)- 《如何在满是反套路的世界维持套路》在作者表中增添成功
2018-02-15 20:39:52,059 INFO (AuthorPageProcessor.java:84)- 《正常的我和不正常的伪娘世界》在作者表中增添成功
2018-02-15 20:39:55,065 INFO (AuthorPageProcessor.java:84)- 《病名为青春》在作者表中增添成功
2018-02-15 20:40:05,277 INFO (AuthorPageProcessor.java:84)- 《修仙习武魔法都走开我不想学》在作者表中增添成功
2018-02-15 20:40:05,585 INFO (AuthorPageProcessor.java:84)- 《太初混沌录》在作者表中增添成功
2018-02-15 20:40:09,249 INFO (AuthorPageProcessor.java:84)- 《幻想乡的普通人的旅行记》在作者表中增添成功
2018-02-15 20:40:11,766 INFO (AuthorPageProcessor.java:84)- 《小马穿越龙世界》在作者表中增添成功
2018-02-15 20:40:14,636 INFO (AuthorPageProcessor.java:84)- 《学园都市的圣杯战争》在作者表中增添成功
2018-02-15 20:40:15,497 INFO (AuthorPageProcessor.java:84)- 《皇上我是机器人》在作者表中增添成功
2018-02-15 20:40:15,892 INFO (AuthorPageProcessor.java:84)- 《帝国绝响》在作者表中增添成功
2018-02-15 20:40:18,050 INFO (AuthorPageProcessor.java:84)- 《伪娘女仆的我要调教巨乳圣女》在作者表中增添成功
2018-02-15 20:40:26,551 INFO (AuthorPageProcessor.java:84)- 《关于我男友是轻小说作者的事》在作者表中增添成功
2018-02-15 20:40:27,228 INFO (AuthorPageProcessor.java:84)- 《变身吧萝莉公主》在作者表中增添成功
2018-02-15 20:40:27,825 INFO (AuthorPageProcessor.java:84)- 《幻海星辰》在作者表中增添成功
2018-02-15 20:40:28,563 INFO (AuthorPageProcessor.java:84)- 《乖僻魔女与古怪的华尔兹》在作者表中增添成功
2018-02-15 20:40:35,287 INFO (AuthorPageProcessor.java:84)- 《显灵吧狐仙大人》在作者表中增添成功
2018-02-15 20:40:48,324 INFO (AuthorPageProcessor.java:84)- 《病名为爱囚禁你》在作者表中增添成功
2018-02-15 20:40:54,261 INFO (AuthorPageProcessor.java:84)- 《我该怎么在异世界带着妹妹活下去》在作者表中增添成功
2018-02-15 20:40:55,653 INFO (AuthorPageProcessor.java:84)- 《唯独我的病娇女友很可怜》在作者表中增添成功
2018-02-15 20:41:01,268 INFO (AuthorPageProcessor.java:84)- 《拥有超能力的校园日常》在作者表中增添成功
2018-02-15 20:41:02,269 INFO (AuthorPageProcessor.java:84)- 《唐门子弟多才俊》在作者表中增添成功
2018-02-15 20:41:04,550 INFO (AuthorPageProcessor.java:84)- 《希望是个不一样的穿越》在作者表中增添成功
2018-02-15 20:41:05,451 INFO (AuthorPageProcessor.java:84)- 《阿兹拉伊尔》在作者表中增添成功
2018-02-15 20:41:08,218 INFO (AuthorPageProcessor.java:84)- 《本魔王穿上小裙子比后宫们还要萌》在作者表中增添成功
2018-02-15 20:41:08,458 INFO (AuthorPageProcessor.java:84)- 《关于伊布异世界的那些事》在作者表中增添成功
2018-02-15 20:41:11,754 INFO (AuthorPageProcessor.java:84)- 《被勇者拯救的魔王》在作者表中增添成功
2018-02-15 20:41:12,928 INFO (AuthorPageProcessor.java:84)- 《异界女友之我的阎王妹子》在作者表中增添成功
2018-02-15 20:41:14,202 INFO (AuthorPageProcessor.java:84)- 《霜寒之役》在作者表中增添成功
2018-02-15 20:41:23,173 INFO (AuthorPageProcessor.java:84)- 《基地继承人》在作者表中增添成功
2018-02-15 20:41:23,656 INFO (AuthorPageProcessor.java:84)- 《综漫之咲夜布兰度的作死旅途》在作者表中增添成功
2018-02-15 20:41:23,778 INFO (AuthorPageProcessor.java:84)- 《约会大作战之孤影》在作者表中增添成功
2018-02-15 20:41:24,729 INFO (AuthorPageProcessor.java:84)- 《雷电女王的养成之路》在作者表中增添成功
2018-02-15 20:41:33,213 INFO (AuthorPageProcessor.java:84)- 《身为原型体当然要去二次元搞事了》在作者表中增添成功
2018-02-15 20:41:35,316 INFO (AuthorPageProcessor.java:84)- 《性转后的异世界之旅》在作者表中增添成功
2018-02-15 20:41:36,605 INFO (AuthorPageProcessor.java:84)- 《男主开局挂了作者撂挑跑了这咋赢》在作者表中增添成功
2018-02-15 20:41:36,915 INFO (AuthorPageProcessor.java:84)- 《以最强体质穿越异世》在作者表中增添成功
2018-02-15 20:41:41,167 INFO (AuthorPageProcessor.java:84)- 《从今天开始我就是你们皇族的校长》在作者表中增添成功
2018-02-15 20:41:41,682 INFO (AuthorPageProcessor.java:84)- 《崩坏3我的舰长很靠谱》在作者表中增添成功
2018-02-15 20:41:42,311 INFO (AuthorPageProcessor.java:84)- 《初始的篇章》在作者表中增添成功
2018-02-15 20:41:46,680 INFO (AuthorPageProcessor.java:84)- 《傲娇的赤发姬》在作者表中增添成功
2018-02-15 20:41:52,701 INFO (AuthorPageProcessor.java:84)- 《微风吹拂桃花源》在作者表中增添成功
2018-02-15 20:41:53,432 INFO (AuthorPageProcessor.java:84)- 《东方红殇录》在作者表中增添成功
2018-02-15 20:41:53,555 INFO (AuthorPageProcessor.java:84)- 《我的老婆是个可以毁灭世界的伪娘》在作者表中增添成功
2018-02-15 20:41:55,405 INFO (AuthorPageProcessor.java:84)- 《关于我穿越夺舍到废材身上的故事》在作者表中增添成功
2018-02-15 20:41:55,829 INFO (AuthorPageProcessor.java:84)- 《混沌与黑暗》在作者表中增添成功
2018-02-15 20:41:57,134 INFO (AuthorPageProcessor.java:84)- 《FateAltria》在作者表中增添成功
2018-02-15 20:41:57,914 INFO (AuthorPageProcessor.java:84)- 《苍蓝炎弹》在作者表中增添成功
2018-02-15 20:41:59,452 INFO (AuthorPageProcessor.java:84)- 《姐姐的魅影》在作者表中增添成功
2018-02-15 20:41:59,994 INFO (AuthorPageProcessor.java:84)- 《五胡明月》在作者表中增添成功
2018-02-15 20:42:04,660 INFO (AuthorPageProcessor.java:84)- 《王者荣耀萌妹安琪拉》在作者表中增添成功
2018-02-15 20:42:04,782 INFO (AuthorPageProcessor.java:84)- 《网友和他的故事》在作者表中增添成功
2018-02-15 20:42:07,361 INFO (AuthorPageProcessor.java:84)- 《被抛弃的世界》在作者表中增添成功
2018-02-15 20:42:07,785 INFO (AuthorPageProcessor.java:84)- 《巫女小姐的裙底那不是法棒吗》在作者表中增添成功
2018-02-15 20:42:10,618 INFO (AuthorPageProcessor.java:84)- 《专业插画师的我竟被妹妹叫做画渣》在作者表中增添成功
2018-02-15 20:42:11,237 INFO (AuthorPageProcessor.java:84)- 《碧海随闻录》在作者表中增添成功
2018-02-15 20:42:12,023 INFO (AuthorPageProcessor.java:84)- 《平淡日常的异能战斗》在作者表中增添成功
2018-02-15 20:42:12,771 INFO (AuthorPageProcessor.java:84)- 《须臾冬至》在作者表中增添成功
2018-02-15 20:42:13,385 INFO (AuthorPageProcessor.java:84)- 《带着超能力转生的我》在作者表中增添成功
2018-02-15 20:42:15,170 INFO (AuthorPageProcessor.java:84)- 《灵魂的狩猎与卡片》在作者表中增添成功
2018-02-15 20:42:24,205 INFO (AuthorPageProcessor.java:84)- 《玩物世界》在作者表中增添成功
2018-02-15 20:42:27,655 INFO (AuthorPageProcessor.java:84)- 《妹奴》在作者表中增添成功
2018-02-15 20:42:30,851 INFO (AuthorPageProcessor.java:84)- 《变成女生后的都市之路》在作者表中增添成功
2018-02-15 20:42:31,388 INFO (AuthorPageProcessor.java:84)- 《在异世界喜欢剑圣少女有错吗》在作者表中增添成功
2018-02-15 20:42:35,846 INFO (AuthorPageProcessor.java:84)- 《变身的我是反派最强兽耳娘》在作者表中增添成功
2018-02-15 20:42:37,658 INFO (AuthorPageProcessor.java:84)- 《恋爱物语不能太简单》在作者表中增添成功
2018-02-15 20:42:39,691 INFO (AuthorPageProcessor.java:84)- 《符文的史诗》在作者表中增添成功
2018-02-15 20:42:40,941 INFO (AuthorPageProcessor.java:84)- 《我的奇葩外挂》在作者表中增添成功
2018-02-15 20:42:41,063 INFO (AuthorPageProcessor.java:84)- 《十月是休息的日子》在作者表中增添成功
2018-02-15 20:42:41,620 INFO (AuthorPageProcessor.java:84)- 《从天上掉下来的吸血鬼要和我私奔》在作者表中增添成功
2018-02-15 20:42:43,066 INFO (AuthorPageProcessor.java:84)- 《了不起的指挥官》在作者表中增添成功
2018-02-15 20:42:44,262 INFO (AuthorPageProcessor.java:84)- 《与二次元格格不入的黑暗世界》在作者表中增添成功
2018-02-15 20:42:45,478 INFO (AuthorPageProcessor.java:84)- 《这样的我你会喜欢的吧》在作者表中增添成功
2018-02-15 20:42:46,864 INFO (AuthorPageProcessor.java:84)- 《小梦期待的永恒2》在作者表中增添成功
2018-02-15 20:42:47,990 INFO (AuthorPageProcessor.java:84)- 《小马国之行》在作者表中增添成功
2018-02-15 20:42:48,539 INFO (AuthorPageProcessor.java:84)- 《被吸血鬼学姐视作忠犬的我》在作者表中增添成功
2018-02-15 20:42:49,097 INFO (AuthorPageProcessor.java:84)- 《巅峰不死族》在作者表中增添成功
2018-02-15 20:42:52,036 INFO (AuthorPageProcessor.java:84)- 《時速四百公里》在作者表中增添成功
2018-02-15 20:42:57,967 INFO (AuthorPageProcessor.java:84)- 《狐妖除妖师》在作者表中增添成功
2018-02-15 20:42:58,096 INFO (AuthorPageProcessor.java:84)- 《剑与契约的学园无敌流》在作者表中增添成功
2018-02-15 20:42:59,789 INFO (AuthorPageProcessor.java:84)- 《雷蒙舰长的幻想乡之旅》在作者表中增添成功
2018-02-15 20:43:00,392 INFO (AuthorPageProcessor.java:84)- 《愿非一人的异世界生活》在作者表中增添成功
2018-02-15 20:43:01,913 INFO (AuthorPageProcessor.java:84)- 《守护神Genesis》在作者表中增添成功
2018-02-15 20:43:02,852 INFO (AuthorPageProcessor.java:84)- 《黑色的阴天》在作者表中增添成功
2018-02-15 20:43:06,466 INFO (AuthorPageProcessor.java:84)- 《从单细胞重新来过》在作者表中增添成功
2018-02-15 20:43:07,387 INFO (AuthorPageProcessor.java:84)- 《还在旅行的我与魔女》在作者表中增添成功
2018-02-15 20:43:08,228 INFO (AuthorPageProcessor.java:84)- 《药娘的我和平行世界if线的自己》在作者表中增添成功
2018-02-15 20:43:09,016 INFO (AuthorPageProcessor.java:84)- 《Be游戏人生》在作者表中增添成功
2018-02-15 20:43:12,518 INFO (AuthorPageProcessor.java:84)- 《位面穿越者》在作者表中增添成功
2018-02-15 20:43:13,608 INFO (AuthorPageProcessor.java:84)- 《与你携手的未来》在作者表中增添成功
2018-02-15 20:43:15,078 INFO (AuthorPageProcessor.java:84)- 《论萌妹的养成方法》在作者表中增添成功
2018-02-15 20:43:16,371 INFO (AuthorPageProcessor.java:84)- 《城中村的中医馆》在作者表中增添成功
2018-02-15 20:43:18,476 INFO (AuthorPageProcessor.java:84)- 《凋零之刃》在作者表中增添成功
2018-02-15 20:43:21,205 INFO (AuthorPageProcessor.java:84)- 《至尊神祗》在作者表中增添成功
2018-02-15 20:43:22,436 INFO (AuthorPageProcessor.java:84)- 《剑与魔法的乱舞》在作者表中增添成功
2018-02-15 20:43:23,484 INFO (AuthorPageProcessor.java:84)- 《月食纪元》在作者表中增添成功
2018-02-15 20:43:27,270 INFO (AuthorPageProcessor.java:84)- 《精靈少女異世錄》在作者表中增添成功
2018-02-15 20:43:33,995 INFO (AuthorPageProcessor.java:84)- 《三绝》在作者表中增添成功
2018-02-15 20:43:39,627 INFO (AuthorPageProcessor.java:84)- 《MagicMeetGears》在作者表中增添成功
2018-02-15 20:43:40,690 INFO (AuthorPageProcessor.java:84)- 《一点都不科学的穿越》在作者表中增添成功
2018-02-15 20:43:41,877 INFO (AuthorPageProcessor.java:84)- 《邪神之下》在作者表中增添成功
2018-02-15 20:43:42,183 INFO (AuthorPageProcessor.java:84)- 《我的未婚妻是阎罗王》在作者表中增添成功
2018-02-15 20:43:44,111 INFO (AuthorPageProcessor.java:84)- 《以罪恶之名》在作者表中增添成功
2018-02-15 20:43:44,516 INFO (AuthorPageProcessor.java:84)- 《萝莉魔王与悖神者的游戏》在作者表中增添成功
2018-02-15 20:43:53,604 INFO (AuthorPageProcessor.java:84)- 《这样算约会吗》在作者表中增添成功
2018-02-15 20:43:53,723 INFO (AuthorPageProcessor.java:84)- 《变身蕾姆》在作者表中增添成功
2018-02-15 20:43:55,061 INFO (AuthorPageProcessor.java:84)- 《绒毛物语》在作者表中增添成功
2018-02-15 20:43:59,803 INFO (AuthorPageProcessor.java:84)- 《命运之英灵战争》在作者表中增添成功
2018-02-15 20:44:02,699 INFO (AuthorPageProcessor.java:84)- 《二次元开后宫的公主》在作者表中增添成功
2018-02-15 20:44:02,825 INFO (AuthorPageProcessor.java:84)- 《只为天下第二的我总是麻烦不断》在作者表中增添成功
2018-02-15 20:44:03,606 INFO (AuthorPageProcessor.java:84)- 《杀手猎魔行》在作者表中增添成功
2018-02-15 20:44:04,522 INFO (AuthorPageProcessor.java:84)- 《抱歉我只会传送魔法》在作者表中增添成功
2018-02-15 20:44:06,025 INFO (AuthorPageProcessor.java:84)- 《失落天地录》在作者表中增添成功
2018-02-15 20:44:06,619 INFO (AuthorPageProcessor.java:84)- 《身为神明的我为什么要去讨伐魔王》在作者表中增添成功
2018-02-15 20:44:07,154 INFO (AuthorPageProcessor.java:84)- 《月如纱》在作者表中增添成功
2018-02-15 20:44:08,461 INFO (AuthorPageProcessor.java:84)- 《异界记夜语录》在作者表中增添成功
2018-02-15 20:44:08,767 INFO (AuthorPageProcessor.java:84)- 《超级空港》在作者表中增添成功
2018-02-15 20:44:09,263 INFO (AuthorPageProcessor.java:84)- 《仙人的异界游记》在作者表中增添成功
2018-02-15 20:44:10,369 INFO (AuthorPageProcessor.java:84)- 《精灵冒险者》在作者表中增添成功
2018-02-15 20:44:13,253 INFO (AuthorPageProcessor.java:84)- 《懒散的魔王与萝莉法典》在作者表中增添成功
2018-02-15 20:44:14,468 INFO (AuthorPageProcessor.java:84)- 《美好的世界必须要有智障》在作者表中增添成功
2018-02-15 20:44:16,768 INFO (AuthorPageProcessor.java:84)- 《次元之最強惡徒》在作者表中增添成功
2018-02-15 20:44:18,312 INFO (AuthorPageProcessor.java:84)- 《现在谁才是主角》在作者表中增添成功
2018-02-15 20:44:18,495 INFO (AuthorPageProcessor.java:84)- 《我可是魔族公主》在作者表中增添成功
2018-02-15 20:44:21,515 INFO (AuthorPageProcessor.java:84)- 《冉宁宁是勇者》在作者表中增添成功
2018-02-15 20:44:22,594 INFO (AuthorPageProcessor.java:84)- 《隐于心间的思念诅咒》在作者表中增添成功
2018-02-15 20:44:22,837 INFO (AuthorPageProcessor.java:84)- 《精灵少女异世录》在作者表中增添成功
2018-02-15 20:44:23,078 INFO (AuthorPageProcessor.java:84)- 《科拉泽沃的传说II龙之梦》在作者表中增添成功
2018-02-15 20:44:24,362 INFO (AuthorPageProcessor.java:84)- 《与神明签订卖身契》在作者表中增添成功
2018-02-15 20:44:25,584 INFO (AuthorPageProcessor.java:84)- 《全职猎人abo我是亚路嘉》在作者表中增添成功
2018-02-15 20:44:29,377 INFO (AuthorPageProcessor.java:84)- 《异世界的第二次人生》在作者表中增添成功
2018-02-15 20:44:29,619 INFO (AuthorPageProcessor.java:84)- 《最弱勇者无败记》在作者表中增添成功
2018-02-15 20:44:30,037 INFO (AuthorPageProcessor.java:84)- 《转生到异界的新生活》在作者表中增添成功
2018-02-15 20:44:30,395 INFO (AuthorPageProcessor.java:84)- 《双双燕》在作者表中增添成功
2018-02-15 20:44:30,633 INFO (AuthorPageProcessor.java:84)- 《与基友的爱情故事》在作者表中增添成功
2018-02-15 20:44:31,916 INFO (AuthorPageProcessor.java:84)- 《爱名为囚》在作者表中增添成功
2018-02-15 20:44:32,220 INFO (AuthorPageProcessor.java:84)- 《我只是想过普通的生活》在作者表中增添成功
2018-02-15 20:44:33,729 INFO (AuthorPageProcessor.java:84)- 《最后一只怪物》在作者表中增添成功
2018-02-15 20:44:35,695 INFO (AuthorPageProcessor.java:84)- 《变身成歌姬也无法阻止我成为最强》在作者表中增添成功
2018-02-15 20:44:40,524 INFO (AuthorPageProcessor.java:84)- 《身为玩家的我居然是NPC》在作者表中增添成功
2018-02-15 20:44:41,278 INFO (AuthorPageProcessor.java:84)- 《哥哥不会走》在作者表中增添成功
2018-02-15 20:44:42,798 INFO (AuthorPageProcessor.java:84)- 《磨剑千年终出鞘》在作者表中增添成功
2018-02-15 20:44:43,736 INFO (AuthorPageProcessor.java:84)- 《红莲灾纪》在作者表中增添成功
2018-02-15 20:44:44,364 INFO (AuthorPageProcessor.java:84)- 《变成女孩子的我获得了超能力》在作者表中增添成功
2018-02-15 20:44:45,095 INFO (AuthorPageProcessor.java:84)- 《魔法与思念的乐章》在作者表中增添成功
2018-02-15 20:44:45,932 INFO (AuthorPageProcessor.java:84)- 《樱花独祭》在作者表中增添成功
2018-02-15 20:44:46,923 INFO (AuthorPageProcessor.java:84)- 《身为神明的我需要实现公主的愿望》在作者表中增添成功
2018-02-15 20:44:48,312 INFO (AuthorPageProcessor.java:84)- 《史上最套路的小说》在作者表中增添成功
2018-02-15 20:44:49,036 INFO (AuthorPageProcessor.java:84)- 《我是怪物》在作者表中增添成功
2018-02-15 20:44:51,833 INFO (AuthorPageProcessor.java:84)- 《重生之二次元女神》在作者表中增添成功
2018-02-15 20:44:52,492 INFO (AuthorPageProcessor.java:84)- 《恐吓小说网》在作者表中增添成功
2018-02-15 20:44:52,682 INFO (AuthorPageProcessor.java:84)- 《面具男与口罩女》在作者表中增添成功
2018-02-15 20:44:54,096 INFO (AuthorPageProcessor.java:84)- 《因为我是剑仙》在作者表中增添成功
2018-02-15 20:44:54,997 INFO (AuthorPageProcessor.java:84)- 《与无性别的哥哥的相处手礼》在作者表中增添成功
2018-02-15 20:44:56,067 INFO (AuthorPageProcessor.java:84)- 《再临的命运》在作者表中增添成功
2018-02-15 20:44:58,560 INFO (AuthorPageProcessor.java:84)- 《关于五魂宿体是女孩这件事》在作者表中增添成功
2018-02-15 20:44:59,037 INFO (AuthorPageProcessor.java:84)- 《身为散仙的我怎么可能是伪娘》在作者表中增添成功
2018-02-15 20:44:59,771 INFO (AuthorPageProcessor.java:84)- 《生物战》在作者表中增添成功
2018-02-15 20:45:00,779 INFO (AuthorPageProcessor.java:84)- 《没有主角光环》在作者表中增添成功
2018-02-15 20:45:05,544 INFO (AuthorPageProcessor.java:84)- 《魔女还未黑化的那些年》在作者表中增添成功
2018-02-15 20:45:06,974 INFO (AuthorPageProcessor.java:84)- 《永远陪着我的病娇姐姐》在作者表中增添成功
2018-02-15 20:45:07,227 INFO (AuthorPageProcessor.java:84)- 《魔龙心》在作者表中增添成功
2018-02-15 20:45:09,388 INFO (AuthorPageProcessor.java:84)- 《猫妖姬手记》在作者表中增添成功
2018-02-15 20:45:11,718 INFO (AuthorPageProcessor.java:84)- 《终末的红龙》在作者表中增添成功
2018-02-15 20:45:15,824 INFO (AuthorPageProcessor.java:84)- 《妹妹变成勇者的代价是我要变女生》在作者表中增添成功
2018-02-15 20:45:17,538 INFO (AuthorPageProcessor.java:84)- 《DOTA2辉夜弧光录》在作者表中增添成功
2018-02-15 20:45:19,013 INFO (AuthorPageProcessor.java:84)- 《穿越到被第三帝国所掌控的世界》在作者表中增添成功
2018-02-15 20:45:21,665 INFO (AuthorPageProcessor.java:84)- 《异能奇艺者》在作者表中增添成功
2018-02-15 20:45:24,803 INFO (AuthorPageProcessor.java:84)- 《能够再爱你一次吗》在作者表中增添成功
2018-02-15 20:45:25,601 INFO (AuthorPageProcessor.java:84)- 《我相信有妹的明天会更好》在作者表中增添成功
2018-02-15 20:45:30,636 INFO (AuthorPageProcessor.java:84)- 《我是你永远的骑士》在作者表中增添成功
2018-02-15 20:45:31,742 INFO (AuthorPageProcessor.java:84)- 《万晨大陆的最强勇者》在作者表中增添成功
2018-02-15 20:45:33,322 INFO (AuthorPageProcessor.java:84)- 《变身大佬好无敌》在作者表中增添成功
2018-02-15 20:45:33,681 INFO (AuthorPageProcessor.java:84)- 《约会大作战之剑心》在作者表中增添成功
2018-02-15 20:45:34,386 INFO (AuthorPageProcessor.java:84)- 《暗杀骑士的纪年和世界的赎罪之旅》在作者表中增添成功
2018-02-15 20:45:35,892 INFO (AuthorPageProcessor.java:84)- 《莱雅战纪之月蚀》在作者表中增添成功
2018-02-15 20:45:36,070 INFO (AuthorPageProcessor.java:84)- 《幽灵航迹》在作者表中增添成功
2018-02-15 20:45:36,249 INFO (AuthorPageProcessor.java:84)- 《渡劫失败的我成为了魔王召唤兽》在作者表中增添成功
2018-02-15 20:45:36,720 INFO (AuthorPageProcessor.java:84)- 《身为王女的我沦为了她的奴隶》在作者表中增添成功
2018-02-15 20:45:37,230 INFO (AuthorPageProcessor.java:84)- 《关于工口女友是机械天使这件事》在作者表中增添成功
2018-02-15 20:45:37,426 INFO (AuthorPageProcessor.java:84)- 《为了妹妹走上了不归路》在作者表中增添成功
2018-02-15 20:45:37,546 INFO (AuthorPageProcessor.java:84)- 《不正经的神之子》在作者表中增添成功
2018-02-15 20:45:40,651 INFO (AuthorPageProcessor.java:84)- 《综漫之血脉传承者》在作者表中增添成功
2018-02-15 20:45:41,438 INFO (AuthorPageProcessor.java:84)- 《勇者少女与我签订了奴隶契约！？》在作者表中增添成功
2018-02-15 20:45:43,638 INFO (AuthorPageProcessor.java:84)- 《闪耀在天空中的星痕》在作者表中增添成功
2018-02-15 20:45:47,451 INFO (AuthorPageProcessor.java:84)- 《龙生》在作者表中增添成功
2018-02-15 20:45:49,297 INFO (AuthorPageProcessor.java:84)- 《我的前世是美女》在作者表中增添成功
2018-02-15 20:45:50,553 INFO (AuthorPageProcessor.java:84)- 《最强最恶的魔法师与笨蛋骑士》在作者表中增添成功
2018-02-15 20:45:54,853 INFO (AuthorPageProcessor.java:84)- 《这家伙可是我罩的》在作者表中增添成功
2018-02-15 20:45:55,156 INFO (AuthorPageProcessor.java:84)- 《弑神剑圣的退隐生活》在作者表中增添成功
2018-02-15 20:45:55,659 INFO (AuthorPageProcessor.java:84)- 《世界末日和女友你们倒是来呀》在作者表中增添成功
2018-02-15 20:45:58,353 INFO (AuthorPageProcessor.java:84)- 《来世不做中二病》在作者表中增添成功
2018-02-15 20:45:58,475 INFO (AuthorPageProcessor.java:84)- 《决定了这次的女主角由我亲自来当》在作者表中增添成功
2018-02-15 20:45:59,438 INFO (AuthorPageProcessor.java:84)- 《于是他当上了所谓的超级英雄》在作者表中增添成功
2018-02-15 20:46:02,866 INFO (AuthorPageProcessor.java:84)- 《合金装备起源AXA复仇》在作者表中增添成功
2018-02-15 20:46:05,343 INFO (AuthorPageProcessor.java:84)- 《四重身份》在作者表中增添成功
2018-02-15 20:46:07,075 INFO (AuthorPageProcessor.java:84)- 《出去浪的我被未婚妻发现了怎么办》在作者表中增添成功
2018-02-15 20:46:07,830 INFO (AuthorPageProcessor.java:84)- 《护甲999999加反甲会怎样》在作者表中增添成功
2018-02-15 20:46:08,447 INFO (AuthorPageProcessor.java:84)- 《在异世界玩科技真的好吗》在作者表中增添成功
2018-02-15 20:46:08,684 INFO (AuthorPageProcessor.java:84)- 《深渊魔神系统》在作者表中增添成功
2018-02-15 20:46:09,531 INFO (AuthorPageProcessor.java:84)- 《最强魔王和他的宠物后宫们》在作者表中增添成功
2018-02-15 20:46:10,133 INFO (AuthorPageProcessor.java:84)- 《RTZ从零开始》在作者表中增添成功
2018-02-15 20:46:10,767 INFO (AuthorPageProcessor.java:84)- 《只会卖萌的巫女神明喜欢吗》在作者表中增添成功
2018-02-15 20:46:16,690 INFO (AuthorPageProcessor.java:84)- 《稻芒》在作者表中增添成功
2018-02-15 20:46:16,986 INFO (AuthorPageProcessor.java:84)- 《我竟然练成了葵花宝典》在作者表中增添成功
2018-02-15 20:46:17,718 INFO (AuthorPageProcessor.java:84)- 《夜向家族传奇》在作者表中增添成功
2018-02-15 20:46:21,775 INFO (AuthorPageProcessor.java:84)- 《我家的魔王才不会这么软萌》在作者表中增添成功
2018-02-15 20:46:22,797 INFO (AuthorPageProcessor.java:84)- 《冥王的我在崩坏世界》在作者表中增添成功
2018-02-15 20:46:25,776 INFO (AuthorPageProcessor.java:84)- 《女儿嘛随便捡只像人形生物就成》在作者表中增添成功
2018-02-15 20:46:26,506 INFO (AuthorPageProcessor.java:84)- 《本术士绝不会屈服于那个恶魔萝莉》在作者表中增添成功
2018-02-15 20:46:29,713 INFO (AuthorPageProcessor.java:84)- 《我开战车征服魔法世界无敌于天下》在作者表中增添成功
2018-02-15 20:46:31,038 INFO (AuthorPageProcessor.java:84)- 《不能依靠时停催眠做H的事》在作者表中增添成功
2018-02-15 20:46:32,334 INFO (AuthorPageProcessor.java:84)- 《大屌萌妹要屠龙可不是闹着玩的》在作者表中增添成功
2018-02-15 20:46:33,250 INFO (AuthorPageProcessor.java:84)- 《提尔丝奥特曼》在作者表中增添成功
2018-02-15 20:46:35,884 INFO (AuthorPageProcessor.java:84)- 《异世界的名为永恒的时间旅人》在作者表中增添成功
2018-02-15 20:46:37,757 INFO (AuthorPageProcessor.java:84)- 《平凡的我突然过上了不平凡的生活》在作者表中增添成功
2018-02-15 20:46:37,876 INFO (AuthorPageProcessor.java:84)- 《轮回之影》在作者表中增添成功
2018-02-15 20:46:40,257 INFO (AuthorPageProcessor.java:84)- 《圣剑使怎么可能是女王陛下》在作者表中增添成功
2018-02-15 20:46:45,037 INFO (AuthorPageProcessor.java:84)- 《宿命星空》在作者表中增添成功
2018-02-15 20:46:47,074 INFO (AuthorPageProcessor.java:84)- 《异端魔导师和她恋爱只能日后再说》在作者表中增添成功
2018-02-15 20:46:47,433 INFO (AuthorPageProcessor.java:84)- 《黑棺里装着的十二个预备身体》在作者表中增添成功
2018-02-15 20:46:48,422 INFO (AuthorPageProcessor.java:84)- 《拯救自己的性别》在作者表中增添成功
2018-02-15 20:46:50,601 INFO (AuthorPageProcessor.java:84)- 《史上最恶一级生》在作者表中增添成功
2018-02-15 20:46:51,037 INFO (AuthorPageProcessor.java:84)- 《我的老婆要变成男人该怎么办》在作者表中增添成功
2018-02-15 20:46:55,197 INFO (AuthorPageProcessor.java:84)- 《社长大大再不正经点学妹就没了》在作者表中增添成功
2018-02-15 20:46:56,485 INFO (AuthorPageProcessor.java:84)- 《神与某魔法师的谢幕狂欢》在作者表中增添成功
2018-02-15 20:46:57,496 INFO (AuthorPageProcessor.java:84)- 《逃避的最强与假装坚强的少女》在作者表中增添成功
2018-02-15 20:46:59,131 INFO (AuthorPageProcessor.java:84)- 《天神之剑》在作者表中增添成功
2018-02-15 20:47:00,794 INFO (AuthorPageProcessor.java:84)- 《学姐控的我不可能喜欢妹妹》在作者表中增添成功
2018-02-15 20:47:11,215 INFO (AuthorPageProcessor.java:84)- 《这是个平凡的故事才怪呢》在作者表中增添成功
2018-02-15 20:47:14,115 INFO (AuthorPageProcessor.java:84)- 《玉佩什么的绝对和神兽没关系》在作者表中增添成功
2018-02-15 20:47:20,838 INFO (AuthorPageProcessor.java:84)- 《当性转成为众望所归后》在作者表中增添成功
2018-02-15 20:47:21,256 INFO (AuthorPageProcessor.java:84)- 《如果妹妹是个喵娘》在作者表中增添成功
2018-02-15 20:47:23,304 INFO (AuthorPageProcessor.java:84)- 《沉迷睡觉的我不能学习》在作者表中增添成功
2018-02-15 20:47:26,928 INFO (AuthorPageProcessor.java:84)- 《末日之都》在作者表中增添成功
2018-02-15 20:47:27,826 INFO (AuthorPageProcessor.java:84)- 《我成为了女高足球队的教练》在作者表中增添成功
2018-02-15 20:47:30,336 INFO (AuthorPageProcessor.java:84)- 《带着地下迷宫到异世界》在作者表中增添成功
2018-02-15 20:47:32,291 INFO (AuthorPageProcessor.java:84)- 《为美好的修仙世界献上吐槽》在作者表中增添成功
2018-02-15 20:47:35,244 INFO (AuthorPageProcessor.java:84)- 《我在天庭当保姆》在作者表中增添成功
2018-02-15 20:47:35,367 INFO (AuthorPageProcessor.java:84)- 《七个吃货的传说》在作者表中增添成功
2018-02-15 20:47:35,662 INFO (AuthorPageProcessor.java:84)- 《星之冠下》在作者表中增添成功
2018-02-15 20:47:36,431 INFO (AuthorPageProcessor.java:84)- 《身为创世神之一的我的开挂冒险》在作者表中增添成功
2018-02-15 20:47:38,672 INFO (AuthorPageProcessor.java:84)- 《就算目不能视我也依然要开后宫》在作者表中增添成功
2018-02-15 20:47:39,439 INFO (AuthorPageProcessor.java:84)- 《末世的黎明之星》在作者表中增添成功
2018-02-15 20:47:39,679 INFO (AuthorPageProcessor.java:84)- 《与神交易的异世之旅》在作者表中增添成功
2018-02-15 20:47:40,038 INFO (AuthorPageProcessor.java:84)- 《逆魔法少女育成计划》在作者表中增添成功
2018-02-15 20:47:41,679 INFO (AuthorPageProcessor.java:84)- 《修炼成仙的我只想养成女徒弟》在作者表中增添成功
2018-02-15 20:47:42,474 INFO (AuthorPageProcessor.java:84)- 《被詛咒的修女是遊戲中最強的存在》在作者表中增添成功
2018-02-15 20:47:46,037 INFO (AuthorPageProcessor.java:84)- 《每周能力不一样的我的异世界之旅》在作者表中增添成功
2018-02-15 20:47:47,098 INFO (AuthorPageProcessor.java:84)- 《贪食女神》在作者表中增添成功
2018-02-15 20:47:49,098 INFO (AuthorPageProcessor.java:84)- 《我的同伴才是穿越者》在作者表中增添成功
2018-02-15 20:47:50,523 INFO (AuthorPageProcessor.java:84)- 《异世界奇幻旅行》在作者表中增添成功
2018-02-15 20:47:53,830 INFO (AuthorPageProcessor.java:84)- 《失败的三十岁大叔穿越之旅》在作者表中增添成功
2018-02-15 20:47:54,897 INFO (AuthorPageProcessor.java:84)- 《妹惑人心》在作者表中增添成功
2018-02-15 20:47:56,200 INFO (AuthorPageProcessor.java:84)- 《斗灵学院》在作者表中增添成功
2018-02-15 20:47:58,065 INFO (AuthorPageProcessor.java:84)- 《圣灵裔世录》在作者表中增添成功
2018-02-15 20:47:59,845 INFO (AuthorPageProcessor.java:84)- 《我才不要当百合法师的暖床女仆》在作者表中增添成功
2018-02-15 20:48:00,758 INFO (AuthorPageProcessor.java:84)- 《Cyslitia相邻的地方》在作者表中增添成功
2018-02-15 20:48:02,311 INFO (AuthorPageProcessor.java:84)- 《名为的情绪恋爱交织zhe校园》在作者表中增添成功
2018-02-15 20:48:03,337 INFO (AuthorPageProcessor.java:84)- 《灭世武器的我与暴力女的世界救赎》在作者表中增添成功
2018-02-15 20:48:04,288 INFO (AuthorPageProcessor.java:84)- 《我与我的猫的异世界之旅》在作者表中增添成功
2018-02-15 20:48:04,838 INFO (AuthorPageProcessor.java:84)- 《提多的猩红》在作者表中增添成功
2018-02-15 20:48:05,726 INFO (AuthorPageProcessor.java:84)- 《怪物们都叫我人型魔王》在作者表中增添成功
2018-02-15 20:48:07,474 INFO (AuthorPageProcessor.java:84)- 《就算变成妹子也逆袭给你看》在作者表中增添成功
2018-02-15 20:48:13,964 INFO (AuthorPageProcessor.java:84)- 《渣渣的我在异世界成就最强》在作者表中增添成功
2018-02-15 20:48:15,214 INFO (AuthorPageProcessor.java:84)- 《轮空》在作者表中增添成功
2018-02-15 20:48:15,743 INFO (AuthorPageProcessor.java:84)- 《当我成为稻荷神》在作者表中增添成功
2018-02-15 20:48:17,713 INFO (AuthorPageProcessor.java:84)- 《人类最强穿梭于异世界》在作者表中增添成功
2018-02-15 20:48:17,832 INFO (AuthorPageProcessor.java:84)- 《怎么可爱的女仆怎么可能是男孩子》在作者表中增添成功
2018-02-15 20:48:19,132 INFO (AuthorPageProcessor.java:84)- 《不正经的小说家与脑残少女》在作者表中增添成功
2018-02-15 20:48:20,315 INFO (AuthorPageProcessor.java:84)- 《厄瑞波斯的三头狗》在作者表中增添成功
2018-02-15 20:48:21,332 INFO (AuthorPageProcessor.java:84)- 《弱娇伪娘哥哥与病娇兄控妹妹》在作者表中增添成功
2018-02-15 20:48:22,109 INFO (AuthorPageProcessor.java:84)- 《想要征服世界先得从变成怪物开始》在作者表中增添成功
2018-02-15 20:48:22,309 INFO (AuthorPageProcessor.java:84)- 《下一个目标征服世界》在作者表中增添成功
2018-02-15 20:48:22,914 INFO (AuthorPageProcessor.java:84)- 《名字加载ing》在作者表中增添成功
2018-02-15 20:48:23,157 INFO (AuthorPageProcessor.java:84)- 《武林盟主的退休生活》在作者表中增添成功
2018-02-15 20:48:27,155 INFO (AuthorPageProcessor.java:84)- 《颜面尽失的另一种解法》在作者表中增添成功
2018-02-15 20:48:29,081 INFO (AuthorPageProcessor.java:84)- 《跑吧少女我的身心正被魔龙侵占》在作者表中增添成功
2018-02-15 20:48:29,677 INFO (AuthorPageProcessor.java:84)- 《少女身大叔心》在作者表中增添成功
2018-02-15 20:48:31,901 INFO (AuthorPageProcessor.java:84)- 《听说你不服啊喂》在作者表中增添成功
2018-02-15 20:48:33,553 INFO (AuthorPageProcessor.java:84)- 《看谁先打倒第一条龙吧》在作者表中增添成功
2018-02-15 20:48:34,098 INFO (AuthorPageProcessor.java:84)- 《世界终焉的赞礼》在作者表中增添成功
2018-02-15 20:48:41,238 INFO (AuthorPageProcessor.java:84)- 《报告老大你的后宫有只猫》在作者表中增添成功
2018-02-15 20:48:41,537 INFO (AuthorPageProcessor.java:84)- 《养成失败的后果是惨烈修罗场》在作者表中增添成功
2018-02-15 20:48:45,027 INFO (AuthorPageProcessor.java:84)- 《变成女孩子怎么想都是神明的错》在作者表中增添成功
2018-02-15 20:48:45,208 INFO (AuthorPageProcessor.java:84)- 《当世界变得反牛顿》在作者表中增添成功
2018-02-15 20:48:45,565 INFO (AuthorPageProcessor.java:84)- 《平凡实妹的改造计划尚未完成》在作者表中增添成功
2018-02-15 20:48:47,296 INFO (AuthorPageProcessor.java:84)- 《身为英灵的我在异世界成为使魔》在作者表中增添成功
2018-02-15 20:48:49,846 INFO (AuthorPageProcessor.java:84)- 《我们的视界》在作者表中增添成功
2018-02-15 20:48:51,570 INFO (AuthorPageProcessor.java:84)- 《灾燎之圣痕纪元》在作者表中增添成功
2018-02-15 20:48:52,052 INFO (AuthorPageProcessor.java:84)- 《暴君先生不想征服世界》在作者表中增添成功
2018-02-15 20:48:53,514 INFO (AuthorPageProcessor.java:84)- 《为什么我总有这么多麻烦》在作者表中增添成功
2018-02-15 20:48:53,873 INFO (AuthorPageProcessor.java:84)- 《拐带美女使徒违禁吗》在作者表中增添成功
2018-02-15 20:48:55,456 INFO (AuthorPageProcessor.java:84)- 《女鬼什么的最讨厌了》在作者表中增添成功
2018-02-15 20:48:55,871 INFO (AuthorPageProcessor.java:84)- 《从奴隶开始的最强少女之路》在作者表中增添成功
2018-02-15 20:48:57,367 INFO (AuthorPageProcessor.java:84)- 《我是大BOSS》在作者表中增添成功
2018-02-15 20:48:58,215 INFO (AuthorPageProcessor.java:84)- 《花四季之纯白色的繁花》在作者表中增添成功
2018-02-15 20:49:00,293 INFO (AuthorPageProcessor.java:84)- 《废土时代来临时丶我们在做什么》在作者表中增添成功
2018-02-15 20:49:02,172 INFO (AuthorPageProcessor.java:84)- 《性转男人的老娘如何调教四个妹妹》在作者表中增添成功
2018-02-15 20:49:02,470 INFO (AuthorPageProcessor.java:84)- 《在异世界继续做未完成的事情吧》在作者表中增添成功
2018-02-15 20:49:03,667 INFO (AuthorPageProcessor.java:84)- 《带着被封印的挂在异界划水有错么》在作者表中增添成功
2018-02-15 20:49:04,864 INFO (AuthorPageProcessor.java:84)- 《剑心之上》在作者表中增添成功
2018-02-15 20:49:06,126 INFO (AuthorPageProcessor.java:84)- 《最强律者竟是超人气美少女作家》在作者表中增添成功
2018-02-15 20:49:06,425 INFO (AuthorPageProcessor.java:84)- 《遇上神明之后我的世界观都变了》在作者表中增添成功
2018-02-15 20:49:07,274 INFO (AuthorPageProcessor.java:84)- 《我这三流神明会不会太强了》在作者表中增添成功
2018-02-15 20:49:14,318 INFO (AuthorPageProcessor.java:84)- 《Themis特别行动小组》在作者表中增添成功
2018-02-15 20:49:14,924 INFO (AuthorPageProcessor.java:84)- 《忆鬼风行》在作者表中增添成功
2018-02-15 20:49:15,355 INFO (AuthorPageProcessor.java:84)- 《RTS的故事里才没有恋爱喜剧呢》在作者表中增添成功
2018-02-15 20:49:16,187 INFO (AuthorPageProcessor.java:84)- 《我所厌恶的战争》在作者表中增添成功
2018-02-15 20:49:16,491 INFO (AuthorPageProcessor.java:84)- 《我为什么要到异世界啊》在作者表中增添成功
2018-02-15 20:49:17,910 INFO (AuthorPageProcessor.java:84)- 《光影的交舞》在作者表中增添成功
2018-02-15 20:49:25,016 INFO (AuthorPageProcessor.java:84)- 《大小姐的成长之路》在作者表中增添成功
2018-02-15 20:49:26,676 INFO (AuthorPageProcessor.java:84)- 《彼岸的彼方会是什么颜色》在作者表中增添成功
2018-02-15 20:49:27,689 INFO (AuthorPageProcessor.java:84)- 《倦怠魔王与消极勇者》在作者表中增添成功
2018-02-15 20:49:29,957 INFO (AuthorPageProcessor.java:84)- 《七罪默示录》在作者表中增添成功
2018-02-15 20:49:31,335 INFO (AuthorPageProcessor.java:84)- 《魔剑与圣剑的继承者》在作者表中增添成功
2018-02-15 20:49:32,542 INFO (AuthorPageProcessor.java:84)- 《为寻兽耳女儿渗透别国真的好吗》在作者表中增添成功
2018-02-15 20:49:34,168 INFO (AuthorPageProcessor.java:84)- 《临于此夜的不死之王》在作者表中增添成功
2018-02-15 20:49:34,526 INFO (AuthorPageProcessor.java:84)- 《星火期刊》在作者表中增添成功
2018-02-15 20:49:35,014 INFO (AuthorPageProcessor.java:84)- 《暗夜落幕》在作者表中增添成功
2018-02-15 20:49:35,254 INFO (AuthorPageProcessor.java:84)- 《罪与罚的少年》在作者表中增添成功
2018-02-15 20:49:36,568 INFO (AuthorPageProcessor.java:84)- 《在游戏里变汉子的我开始了百合》在作者表中增添成功
2018-02-15 20:49:39,612 INFO (AuthorPageProcessor.java:84)- 《魔法学院的战士们》在作者表中增添成功
2018-02-15 20:49:43,450 INFO (AuthorPageProcessor.java:84)- 《本子画师的我接了个天降女友》在作者表中增添成功
2018-02-15 20:49:43,874 INFO (AuthorPageProcessor.java:84)- 《夏目同人之少女很调皮》在作者表中增添成功
2018-02-15 20:49:50,051 INFO (AuthorPageProcessor.java:84)- 《奈落与奈落》在作者表中增添成功
2018-02-15 20:49:50,406 INFO (AuthorPageProcessor.java:84)- 《我是人类我想屠个神》在作者表中增添成功
2018-02-15 20:49:51,909 INFO (AuthorPageProcessor.java:84)- 《血族的新传说》在作者表中增添成功
2018-02-15 20:49:54,770 INFO (AuthorPageProcessor.java:84)- 《穿越到蜀国后期的我要光复汉室》在作者表中增添成功
2018-02-15 20:49:58,407 INFO (AuthorPageProcessor.java:84)- 《被龙女附身后的鬼畜最强妹控生活》在作者表中增添成功
2018-02-15 20:49:59,371 INFO (AuthorPageProcessor.java:84)- 《魔王赫鲁与暴走鱼人》在作者表中增添成功
2018-02-15 20:50:04,361 INFO (AuthorPageProcessor.java:84)- 《狂暴领域》在作者表中增添成功
2018-02-15 20:50:04,543 INFO (AuthorPageProcessor.java:84)- 《战神的幼妻养成》在作者表中增添成功
2018-02-15 20:50:05,688 INFO (AuthorPageProcessor.java:84)- 《上帝作者的妖怪异闻录》在作者表中增添成功
2018-02-15 20:50:08,434 INFO (AuthorPageProcessor.java:84)- 《在KR的世界中描写二战》在作者表中增添成功
2018-02-15 20:50:09,037 INFO (AuthorPageProcessor.java:84)- 《王妃们的修罗场》在作者表中增添成功
2018-02-15 20:50:09,922 INFO (AuthorPageProcessor.java:84)- 《隔壁的同学是战斗员》在作者表中增添成功
2018-02-15 20:50:10,839 INFO (AuthorPageProcessor.java:84)- 《为了找老婆挑战地下城的最强萌新》在作者表中增添成功
2018-02-15 20:50:11,195 INFO (AuthorPageProcessor.java:84)- 《星衍挽歌》在作者表中增添成功
2018-02-15 20:50:11,789 INFO (AuthorPageProcessor.java:84)- 《我青梅竹马脑子有问题》在作者表中增添成功
2018-02-15 20:50:15,023 INFO (AuthorPageProcessor.java:84)- 《约会大作战之蝴蝶效应》在作者表中增添成功
2018-02-15 20:50:17,772 INFO (AuthorPageProcessor.java:84)- 《我附体到女神身上了》在作者表中增添成功
2018-02-15 20:50:20,162 INFO (AuthorPageProcessor.java:84)- 《想要报恩的兽娘把我带到了异世界》在作者表中增添成功
2018-02-15 20:50:21,075 INFO (AuthorPageProcessor.java:84)- 《我妹是傲娇兄控》在作者表中增添成功
2018-02-15 20:50:21,549 INFO (AuthorPageProcessor.java:84)- 《贩剑魔法师从不制杖》在作者表中增添成功
2018-02-15 20:50:23,138 INFO (AuthorPageProcessor.java:84)- 《喜欢萝莉的我一定搞错了什么》在作者表中增添成功
2018-02-15 20:50:23,637 INFO (AuthorPageProcessor.java:84)- 《枝原夜雨》在作者表中增添成功
2018-02-15 20:50:24,410 INFO (AuthorPageProcessor.java:84)- 《顿感脖子一凉》在作者表中增添成功
2018-02-15 20:50:26,909 INFO (AuthorPageProcessor.java:84)- 《黑道后生竟然沦落为打工仔》在作者表中增添成功
2018-02-15 20:50:28,236 INFO (AuthorPageProcessor.java:84)- 《在异界被要求怼神是什么操作》在作者表中增添成功
2018-02-15 20:50:29,536 INFO (AuthorPageProcessor.java:84)- 《与神度过的一年里》在作者表中增添成功
2018-02-15 20:50:30,243 INFO (AuthorPageProcessor.java:84)- 《银色金属的召唤师》在作者表中增添成功
2018-02-15 20:50:32,438 INFO (AuthorPageProcessor.java:84)- 《宅男的最强演绎法》在作者表中增添成功
2018-02-15 20:50:32,765 INFO (AuthorPageProcessor.java:84)- 《探索者的命途》在作者表中增添成功
2018-02-15 20:50:35,191 INFO (AuthorPageProcessor.java:84)- 《死宅的跨次元修仙路》在作者表中增添成功
2018-02-15 20:50:35,371 INFO (AuthorPageProcessor.java:84)- 《身为近卫骑士的我转生了》在作者表中增添成功
2018-02-15 20:50:36,379 INFO (AuthorPageProcessor.java:84)- 《万象千境无法宅》在作者表中增添成功
2018-02-15 20:50:36,619 INFO (AuthorPageProcessor.java:84)- 《爱上无数个她》在作者表中增添成功
2018-02-15 20:50:38,292 INFO (AuthorPageProcessor.java:84)- 《噬神之人》在作者表中增添成功
2018-02-15 20:50:40,020 INFO (AuthorPageProcessor.java:84)- 《穹宇之外》在作者表中增添成功
2018-02-15 20:50:41,751 INFO (AuthorPageProcessor.java:84)- 《我的叛变只为复仇勇者军》在作者表中增添成功
2018-02-15 20:50:42,304 INFO (AuthorPageProcessor.java:84)- 《原来幸福一直都在我的身边》在作者表中增添成功
2018-02-15 20:50:42,866 INFO (AuthorPageProcessor.java:84)- 《龙心百镜》在作者表中增添成功
2018-02-15 20:50:44,499 INFO (AuthorPageProcessor.java:84)- 《愚盲之勇与初源之魔的世界终焉录》在作者表中增添成功
2018-02-15 20:50:46,250 INFO (AuthorPageProcessor.java:84)- 《关于我被基友上了的这件事》在作者表中增添成功
2018-02-15 20:50:46,921 INFO (AuthorPageProcessor.java:84)- 《坠落神座的我准备向众神复仇》在作者表中增添成功
2018-02-15 20:50:51,418 INFO (AuthorPageProcessor.java:84)- 《她是我女朋友》在作者表中增添成功
2018-02-15 20:50:52,320 INFO (AuthorPageProcessor.java:84)- 《虚空列传》在作者表中增添成功
2018-02-15 20:50:52,503 INFO (AuthorPageProcessor.java:84)- 《被病娇美少女追杀是种什么感觉》在作者表中增添成功
2018-02-15 20:50:53,798 INFO (AuthorPageProcessor.java:84)- 《千界穿行录》在作者表中增添成功
2018-02-15 20:50:59,489 INFO (AuthorPageProcessor.java:84)- 《剑与魔法圣域》在作者表中增添成功
2018-02-15 20:51:01,098 INFO (AuthorPageProcessor.java:84)- 《命运钟塔下的轮回契约》在作者表中增添成功
2018-02-15 20:51:01,278 INFO (AuthorPageProcessor.java:84)- 《我元始修仙》在作者表中增添成功
2018-02-15 20:51:01,824 INFO (AuthorPageProcessor.java:84)- 《法师科学家只能开假后宫》在作者表中增添成功
2018-02-15 20:51:01,948 INFO (AuthorPageProcessor.java:84)- 《魔瞳妖王与六位魔女》在作者表中增添成功
2018-02-15 20:51:03,064 INFO (AuthorPageProcessor.java:84)- 《幻想乡与三无的我》在作者表中增添成功
2018-02-15 20:51:05,076 INFO (AuthorPageProcessor.java:84)- 《守望之门》在作者表中增添成功
2018-02-15 20:51:07,691 INFO (AuthorPageProcessor.java:84)- 《我的复仇工具竟然是植物娘》在作者表中增添成功
2018-02-15 20:51:09,787 INFO (AuthorPageProcessor.java:84)- 《没有恶魔的挑衅天使也会寂寞呐》在作者表中增添成功
2018-02-15 20:51:12,264 INFO (AuthorPageProcessor.java:84)- 《异世战场》在作者表中增添成功
2018-02-15 20:51:13,966 INFO (AuthorPageProcessor.java:84)- 《没想到你是这样的魔王》在作者表中增添成功
2018-02-15 20:51:14,442 INFO (AuthorPageProcessor.java:84)- 《圣灵的公主由我来守护》在作者表中增添成功
2018-02-15 20:51:14,803 INFO (AuthorPageProcessor.java:84)- 《疯狂城市的冒险者们》在作者表中增添成功
2018-02-15 20:51:15,596 INFO (AuthorPageProcessor.java:84)- 《从零开始的圣杯战争》在作者表中增添成功
2018-02-15 20:51:16,972 INFO (AuthorPageProcessor.java:84)- 《我的妹妹变成了吸血鬼》在作者表中增添成功
2018-02-15 20:51:17,458 INFO (AuthorPageProcessor.java:84)- 《零子小姐的悲伤之境》在作者表中增添成功
2018-02-15 20:51:18,116 INFO (AuthorPageProcessor.java:84)- 《异世界最强见习军师》在作者表中增添成功
2018-02-15 20:51:19,373 INFO (AuthorPageProcessor.java:84)- 《残念少女的交友物语》在作者表中增添成功
2018-02-15 20:51:22,124 INFO (AuthorPageProcessor.java:84)- 《学生就该好好学习不要满脑子战术》在作者表中增添成功
2018-02-15 20:51:22,365 INFO (AuthorPageProcessor.java:84)- 《姐姐们是道教大佬》在作者表中增添成功
2018-02-15 20:51:22,725 INFO (AuthorPageProcessor.java:84)- 《斗破呐为什么在斗罗》在作者表中增添成功
2018-02-15 20:51:23,981 INFO (AuthorPageProcessor.java:84)- 《宿命交织的终焉》在作者表中增添成功
2018-02-15 20:51:24,410 INFO (AuthorPageProcessor.java:84)- 《双宿花》在作者表中增添成功
2018-02-15 20:51:26,483 INFO (AuthorPageProcessor.java:84)- 《原来我的妹妹是这样的女人》在作者表中增添成功
2018-02-15 20:51:26,663 INFO (AuthorPageProcessor.java:84)- 《当奥特曼和二次元一起成为现实》在作者表中增添成功
2018-02-15 20:51:27,635 INFO (AuthorPageProcessor.java:84)- 《勇士重生的意志》在作者表中增添成功
2018-02-15 20:51:28,473 INFO (AuthorPageProcessor.java:84)- 《关于绝望的我转生到异世界这件事》在作者表中增添成功
2018-02-15 20:51:30,935 INFO (AuthorPageProcessor.java:84)- 《无法折断的轮回之剑》在作者表中增添成功
2018-02-15 20:51:37,498 INFO (AuthorPageProcessor.java:84)- 《当我的世界被自己夺去了》在作者表中增添成功
2018-02-15 20:51:40,013 INFO (AuthorPageProcessor.java:84)- 《約會大作戰的尋道者》在作者表中增添成功
2018-02-15 20:51:44,453 INFO (AuthorPageProcessor.java:84)- 《穿越次元的新开始》在作者表中增添成功
2018-02-15 20:51:44,697 INFO (AuthorPageProcessor.java:84)- 《灰诞》在作者表中增添成功
2018-02-15 20:51:45,478 INFO (AuthorPageProcessor.java:84)- 《路人甲与少女拯救世界异闻录》在作者表中增添成功
2018-02-15 20:51:45,599 INFO (AuthorPageProcessor.java:84)- 《裙子下的魔炮》在作者表中增添成功
2018-02-15 20:51:45,900 INFO (AuthorPageProcessor.java:84)- 《穿越到异世界被合法萝莉收养》在作者表中增添成功
2018-02-15 20:51:49,239 INFO (AuthorPageProcessor.java:84)- 《现充的我却转生成了伪娘皇子》在作者表中增添成功
2018-02-15 20:51:49,833 INFO (AuthorPageProcessor.java:84)- 《无敌勇者与萝莉魔王之旅》在作者表中增添成功
2018-02-15 20:51:51,053 INFO (AuthorPageProcessor.java:84)- 《异世界寻找失落神权的冒险者》在作者表中增添成功
2018-02-15 20:51:53,559 INFO (AuthorPageProcessor.java:84)- 《百变魔姬》在作者表中增添成功
2018-02-15 20:51:54,033 INFO (AuthorPageProcessor.java:84)- 《神元战迹》在作者表中增添成功
2018-02-15 20:51:56,664 INFO (AuthorPageProcessor.java:84)- 《披着萝莉皮的战场怪物》在作者表中增添成功
2018-02-15 20:51:56,918 INFO (AuthorPageProcessor.java:84)- 《猫系女友和我同居》在作者表中增添成功
2018-02-15 20:51:59,966 INFO (AuthorPageProcessor.java:84)- 《伪娘的我才不要做大小姐们的奴隶》在作者表中增添成功
2018-02-15 20:52:00,147 INFO (AuthorPageProcessor.java:84)- 《创造与毁灭与混沌》在作者表中增添成功
2018-02-15 20:52:05,927 INFO (AuthorPageProcessor.java:84)- 《绑架公主后投靠魔王了》在作者表中增添成功
2018-02-15 20:52:07,608 INFO (AuthorPageProcessor.java:84)- 《关于我成为魔王这桩儿戏》在作者表中增添成功
2018-02-15 20:52:10,428 INFO (AuthorPageProcessor.java:84)- 《嘿少女你想开后宫吗》在作者表中增添成功
2018-02-15 20:52:11,809 INFO (AuthorPageProcessor.java:84)- 《我的病娇小说娘喜欢调教巨乳萌妹》在作者表中增添成功
2018-02-15 20:52:12,301 INFO (AuthorPageProcessor.java:84)- 《修仙者的我居然来到了动漫世》在作者表中增添成功
2018-02-15 20:52:13,457 INFO (AuthorPageProcessor.java:84)- 《勇者宠姬的养成方法》在作者表中增添成功
2018-02-15 20:52:14,024 INFO (AuthorPageProcessor.java:84)- 《与银色毛团穿越到异世界后》在作者表中增添成功
2018-02-15 20:52:15,580 INFO (AuthorPageProcessor.java:84)- 《一个能打的都没有吗》在作者表中增添成功
2018-02-15 20:52:15,701 INFO (AuthorPageProcessor.java:84)- 《恶役千金的奇妙冒险》在作者表中增添成功
2018-02-15 20:52:18,872 INFO (AuthorPageProcessor.java:84)- 《捐献者》在作者表中增添成功
2018-02-15 20:52:23,605 INFO (AuthorPageProcessor.java:84)- 《我们都没有翅膀》在作者表中增添成功
2018-02-15 20:52:24,380 INFO (AuthorPageProcessor.java:84)- 《我成为了世间最尊贵的灵丹师》在作者表中增添成功
2018-02-15 20:52:26,645 INFO (AuthorPageProcessor.java:84)- 《山海Project》在作者表中增添成功
2018-02-15 20:52:32,731 INFO (AuthorPageProcessor.java:84)- 《某科学的天魔少女》在作者表中增添成功
2018-02-15 20:52:35,672 INFO (AuthorPageProcessor.java:84)- 《地狱与地府的交易》在作者表中增添成功
2018-02-15 20:52:37,956 INFO (AuthorPageProcessor.java:84)- 《为拯救世界美女轮番推倒我》在作者表中增添成功
2018-02-15 20:52:39,104 INFO (AuthorPageProcessor.java:84)- 《直死之魂游》在作者表中增添成功
2018-02-15 20:52:41,913 INFO (AuthorPageProcessor.java:84)- 《当曼陀罗盛开之际》在作者表中增添成功
2018-02-15 20:52:42,982 INFO (AuthorPageProcessor.java:84)- 《TiramisuCake》在作者表中增添成功
2018-02-15 20:52:44,112 INFO (AuthorPageProcessor.java:84)- 《我是个没有妹妹的妹控吗》在作者表中增添成功
2018-02-15 20:52:46,158 INFO (AuthorPageProcessor.java:84)- 《为什么我会被病娇们迷恋》在作者表中增添成功
2018-02-15 20:52:46,339 INFO (AuthorPageProcessor.java:84)- 《與妹妹的異世遊記》在作者表中增添成功
2018-02-15 20:52:48,388 INFO (AuthorPageProcessor.java:84)- 《最恶转生》在作者表中增添成功
2018-02-15 20:52:49,536 INFO (AuthorPageProcessor.java:84)- 《我的妹妹不可能喜欢我》在作者表中增添成功
2018-02-15 20:52:53,345 INFO (AuthorPageProcessor.java:84)- 《战争的棋盘》在作者表中增添成功
2018-02-15 20:52:54,703 INFO (AuthorPageProcessor.java:84)- 《某科学的超废柴人生》在作者表中增添成功
2018-02-15 20:52:54,944 INFO (AuthorPageProcessor.java:84)- 《少年向着阳光下进发》在作者表中增添成功
2018-02-15 20:52:55,431 INFO (AuthorPageProcessor.java:84)- 《画风不正的女尊世界》在作者表中增添成功
2018-02-15 20:52:56,574 INFO (AuthorPageProcessor.java:84)- 《我的主人是史上最强狐娘》在作者表中增添成功
2018-02-15 20:52:56,937 INFO (AuthorPageProcessor.java:84)- 《次元混沌》在作者表中增添成功
2018-02-15 20:52:59,813 INFO (AuthorPageProcessor.java:84)- 《我只是个路过的商人》在作者表中增添成功
2018-02-15 20:53:01,974 INFO (AuthorPageProcessor.java:84)- 《灵道学院》在作者表中增添成功
2018-02-15 20:53:03,918 INFO (AuthorPageProcessor.java:84)- 《此间变为少女的魔王决定拯救世界》在作者表中增添成功
2018-02-15 20:53:05,239 INFO (AuthorPageProcessor.java:84)- 《怨念之剑》在作者表中增添成功
2018-02-15 20:53:07,576 INFO (AuthorPageProcessor.java:84)- 《最后一只九命猫》在作者表中增添成功
2018-02-15 20:53:07,756 INFO (AuthorPageProcessor.java:84)- 《变成怪物的我获得了美少女的身体》在作者表中增添成功
2018-02-15 20:53:08,410 INFO (AuthorPageProcessor.java:84)- 《那个谁谁谁的日常吹水》在作者表中增添成功
2018-02-15 20:53:09,488 INFO (AuthorPageProcessor.java:84)- 《神奇的喵喵侠》在作者表中增添成功
2018-02-15 20:53:09,668 INFO (AuthorPageProcessor.java:84)- 《身为皇帝应该拥有佳丽三千吗》在作者表中增添成功
2018-02-15 20:53:10,575 INFO (AuthorPageProcessor.java:84)- 《冷血萝莉的终末战争》在作者表中增添成功
2018-02-15 20:53:10,937 INFO (AuthorPageProcessor.java:84)- 《我和我的有求必应屋》在作者表中增添成功
2018-02-15 20:53:12,267 INFO (AuthorPageProcessor.java:84)- 《在梦醒时刻》在作者表中增添成功
2018-02-15 20:53:13,166 INFO (AuthorPageProcessor.java:84)- 《转生魔王是吸血鬼》在作者表中增添成功
2018-02-15 20:53:15,300 INFO (AuthorPageProcessor.java:84)- 《被月神眷顾的我开起了后宫》在作者表中增添成功
2018-02-15 20:53:15,422 INFO (AuthorPageProcessor.java:84)- 《黑之佚事》在作者表中增添成功
2018-02-15 20:53:15,840 INFO (AuthorPageProcessor.java:84)- 《超神学院之神系統》在作者表中增添成功
2018-02-15 20:53:16,495 INFO (AuthorPageProcessor.java:84)- 《召唤最强异世界英灵》在作者表中增添成功
2018-02-15 20:53:17,039 INFO (AuthorPageProcessor.java:84)- 《无能创造师》在作者表中增添成功
2018-02-15 20:53:18,486 INFO (AuthorPageProcessor.java:84)- 《怠惰的侦探与七魔怪》在作者表中增添成功
2018-02-15 20:53:22,630 INFO (AuthorPageProcessor.java:84)- 《比女孩还可爱的我是阴阳师》在作者表中增添成功
2018-02-15 20:53:23,934 INFO (AuthorPageProcessor.java:84)- 《你说这是太古洪荒》在作者表中增添成功
2018-02-15 20:53:24,959 INFO (AuthorPageProcessor.java:84)- 《Oneday奇迹传说》在作者表中增添成功
2018-02-15 20:53:25,503 INFO (AuthorPageProcessor.java:84)- 《玫瑰剑客》在作者表中增添成功
2018-02-15 20:53:25,860 INFO (AuthorPageProcessor.java:84)- 《千明神社奇谭》在作者表中增添成功
2018-02-15 20:53:26,281 INFO (AuthorPageProcessor.java:84)- 《阿诺斯的悲伤》在作者表中增添成功
2018-02-15 20:53:26,639 INFO (AuthorPageProcessor.java:84)- 《在下只是一位普通的炼金学徒》在作者表中增添成功
2018-02-15 20:53:28,304 INFO (AuthorPageProcessor.java:84)- 《无懈神算子的驭妻全攻略》在作者表中增添成功
2018-02-15 20:53:29,691 INFO (AuthorPageProcessor.java:84)- 《为什么会和我扯上关系啊》在作者表中增添成功
2018-02-15 20:53:31,618 INFO (AuthorPageProcessor.java:84)- 《大阴阳师》在作者表中增添成功
2018-02-15 20:53:36,636 INFO (AuthorPageProcessor.java:84)- 《我居然成为了青梅竹马的女朋友》在作者表中增添成功
2018-02-15 20:53:36,876 INFO (AuthorPageProcessor.java:84)- 《颢梦》在作者表中增添成功
2018-02-15 20:53:41,753 INFO (AuthorPageProcessor.java:84)- 《无尽的狗粮之穿越》在作者表中增添成功
2018-02-15 20:53:43,281 INFO (AuthorPageProcessor.java:84)- 《某SCP的越界收容手册》在作者表中增添成功
2018-02-15 20:53:43,466 INFO (AuthorPageProcessor.java:84)- 《关于灾难之后干掉神的一点小事》在作者表中增添成功
2018-02-15 20:53:49,997 INFO (AuthorPageProcessor.java:84)- 《酒馆店主就是神了有意见嘛》在作者表中增添成功
2018-02-15 20:53:51,440 INFO (AuthorPageProcessor.java:84)- 《明军西征记》在作者表中增添成功
2018-02-15 20:53:53,386 INFO (AuthorPageProcessor.java:84)- 《变成少女的我为什么要被攻略》在作者表中增添成功
2018-02-15 20:53:54,412 INFO (AuthorPageProcessor.java:84)- 《玩转动漫世界》在作者表中增添成功
2018-02-15 20:53:57,467 INFO (AuthorPageProcessor.java:84)- 《凤御天下》在作者表中增添成功
2018-02-15 20:53:58,718 INFO (AuthorPageProcessor.java:84)- 《奥贝利亚的魔王战记》在作者表中增添成功
2018-02-15 20:54:00,416 INFO (AuthorPageProcessor.java:84)- 《身为病娇的我喜欢上自己病娇妹妹》在作者表中增添成功
2018-02-15 20:54:03,312 INFO (AuthorPageProcessor.java:84)- 《谁说勇者大人就一定是正义的伙伴》在作者表中增添成功
2018-02-15 20:54:04,100 INFO (AuthorPageProcessor.java:84)- 《二货妹妹和病娇妖灵我该选哪个》在作者表中增添成功
2018-02-15 20:54:08,705 INFO (AuthorPageProcessor.java:84)- 《龙皇养子的自我修养》在作者表中增添成功
2018-02-15 20:54:08,948 INFO (AuthorPageProcessor.java:84)- 《这世界真是无聊啊》在作者表中增添成功
2018-02-15 20:54:09,846 INFO (AuthorPageProcessor.java:84)- 《妹纸与变身》在作者表中增添成功
2018-02-15 20:54:12,380 INFO (AuthorPageProcessor.java:84)- 《一不小心把妹妹丢了》在作者表中增添成功
2018-02-15 20:54:14,289 INFO (AuthorPageProcessor.java:84)- 《变身末世后宫番女主是种什么体验》在作者表中增添成功
2018-02-15 20:54:20,158 INFO (AuthorPageProcessor.java:84)- 《和三个妹妹同居会怎样》在作者表中增添成功
2018-02-15 20:54:23,843 INFO (AuthorPageProcessor.java:84)- 《黑木镇的猎魔人女孩》在作者表中增添成功
2018-02-15 20:54:28,624 INFO (AuthorPageProcessor.java:84)- 《小爷淫魔有何贵干》在作者表中增添成功
2018-02-15 20:54:29,639 INFO (AuthorPageProcessor.java:84)- 《合格配角与不合格主人公》在作者表中增添成功
2018-02-15 20:54:31,019 INFO (AuthorPageProcessor.java:84)- 《妖族收录物语》在作者表中增添成功
2018-02-15 20:54:31,752 INFO (AuthorPageProcessor.java:84)- 《背叛者们你们的皇帝回来了》在作者表中增添成功
2018-02-15 20:54:31,931 INFO (AuthorPageProcessor.java:84)- 《零之书》在作者表中增添成功
2018-02-15 20:54:32,294 INFO (AuthorPageProcessor.java:84)- 《鬼魂之契》在作者表中增添成功
2018-02-15 20:54:36,219 INFO (AuthorPageProcessor.java:84)- 《Uncertain》在作者表中增添成功
2018-02-15 20:54:37,537 INFO (AuthorPageProcessor.java:84)- 《下床精灵本魔帝不是叫你服侍》在作者表中增添成功
2018-02-15 20:54:37,657 INFO (AuthorPageProcessor.java:84)- 《FateTrial》在作者表中增添成功
2018-02-15 20:54:39,692 INFO (AuthorPageProcessor.java:84)- 《修仙少女在乱世》在作者表中增添成功
2018-02-15 20:54:39,993 INFO (AuthorPageProcessor.java:84)- 《反抗在刀剑神域》在作者表中增添成功
2018-02-15 20:54:45,124 INFO (AuthorPageProcessor.java:84)- 《解决特殊事物的超级作战队》在作者表中增添成功
2018-02-15 20:54:50,425 INFO (AuthorPageProcessor.java:84)- 《Trip》在作者表中增添成功
2018-02-15 20:54:52,123 INFO (AuthorPageProcessor.java:84)- 《暴力男的穿越》在作者表中增添成功
2018-02-15 20:54:57,061 INFO (AuthorPageProcessor.java:84)- 《她和他以及他们的一切》在作者表中增添成功
2018-02-15 20:54:59,053 INFO (AuthorPageProcessor.java:84)- 《穿越游戏世界后成了最强的存在》在作者表中增添成功
2018-02-15 20:54:59,537 INFO (AuthorPageProcessor.java:84)- 《缚尘歌》在作者表中增添成功
2018-02-15 20:55:01,493 INFO (AuthorPageProcessor.java:84)- 《哪怕变成了大圣我也只相信科学》在作者表中增添成功
2018-02-15 20:55:03,923 INFO (AuthorPageProcessor.java:84)- 《少女与少女与世界》在作者表中增添成功
2018-02-15 20:55:07,216 INFO (AuthorPageProcessor.java:84)- 《冒险者什么的虽然想当但是好麻烦》在作者表中增添成功
2018-02-15 20:55:10,919 INFO (AuthorPageProcessor.java:84)- 《突然有一天成为魔王的我》在作者表中增添成功
2018-02-15 20:55:14,068 INFO (AuthorPageProcessor.java:84)- 《路边捡个小萝莉》在作者表中增添成功
2018-02-15 20:55:17,298 INFO (AuthorPageProcessor.java:84)- 《天之炽1红龙归来》在作者表中增添成功
2018-02-15 20:55:17,832 INFO (AuthorPageProcessor.java:84)- 《被勇者打败的我转生成为她的儿子》在作者表中增添成功
2018-02-15 20:55:18,718 INFO (AuthorPageProcessor.java:84)- 《喂快点去好好学习啊》在作者表中增添成功
2018-02-15 20:55:19,138 INFO (AuthorPageProcessor.java:84)- 《鸟笼》在作者表中增添成功
2018-02-15 20:55:23,005 INFO (AuthorPageProcessor.java:84)- 《剑初月》在作者表中增添成功
2018-02-15 20:55:24,813 INFO (AuthorPageProcessor.java:84)- 《反派boss洗白这件事有错吗》在作者表中增添成功
2018-02-15 20:55:26,316 INFO (AuthorPageProcessor.java:84)- 《果然网络交友一点都不靠谱》在作者表中增添成功
2018-02-15 20:55:32,378 INFO (AuthorPageProcessor.java:84)- 《生而为人对不起》在作者表中增添成功
2018-02-15 20:55:32,675 INFO (AuthorPageProcessor.java:84)- 《FINAL》在作者表中增添成功
2018-02-15 20:55:35,396 INFO (AuthorPageProcessor.java:84)- 《异族狂想曲》在作者表中增添成功
2018-02-15 20:55:35,694 INFO (AuthorPageProcessor.java:84)- 《关于表妹要暗杀我老婆这一系列事》在作者表中增添成功
2018-02-15 20:55:37,113 INFO (AuthorPageProcessor.java:84)- 《跑去人类世界寻找答案的神》在作者表中增添成功
2018-02-15 20:55:37,357 INFO (AuthorPageProcessor.java:84)- 《英雄转世的我只想做一个宅》在作者表中增添成功
2018-02-15 20:55:37,889 INFO (AuthorPageProcessor.java:84)- 《被囚禁的我与我的幼妻》在作者表中增添成功
2018-02-15 20:55:38,717 INFO (AuthorPageProcessor.java:84)- 《关于我们的混沌日常》在作者表中增添成功
2018-02-15 20:55:38,899 INFO (AuthorPageProcessor.java:84)- 《魔女正在狩猎中》在作者表中增添成功
2018-02-15 20:55:39,018 INFO (AuthorPageProcessor.java:84)- 《关于魅魔弟子想当师母这件事》在作者表中增添成功
2018-02-15 20:55:39,318 INFO (AuthorPageProcessor.java:84)- 《关于哥哥捡到公主大人的头这件事》在作者表中增添成功
2018-02-15 20:55:39,676 INFO (AuthorPageProcessor.java:84)- 《我不是个称职的哥哥》在作者表中增添成功
2018-02-15 20:55:40,334 INFO (AuthorPageProcessor.java:84)- 《从满级开始的传说之旅》在作者表中增添成功
2018-02-15 20:55:40,455 INFO (AuthorPageProcessor.java:84)- 《从囚禁中脱困的我根本无敌》在作者表中增添成功
2018-02-15 20:55:40,576 INFO (AuthorPageProcessor.java:84)- 《龙与骑士传记》在作者表中增添成功
2018-02-15 20:55:40,876 INFO (AuthorPageProcessor.java:84)- 《我必须赶紧逃离这满是痴女的世界》在作者表中增添成功
2018-02-15 20:55:42,071 INFO (AuthorPageProcessor.java:84)- 《我杀过的穿越者比你吃的饭都多》在作者表中增添成功
2018-02-15 20:55:44,021 INFO (AuthorPageProcessor.java:84)- 《谁叫我是世界第一美少女杀手》在作者表中增添成功
2018-02-15 20:55:44,320 INFO (AuthorPageProcessor.java:84)- 《時代演進》在作者表中增添成功
2018-02-15 20:55:46,112 INFO (AuthorPageProcessor.java:84)- 《病娇魅魔女儿是勇者妈妈的天敌》在作者表中增添成功
2018-02-15 20:55:46,349 INFO (AuthorPageProcessor.java:84)- 《在末世开端就无敌真的太爽了》在作者表中增添成功
2018-02-15 20:55:46,766 INFO (AuthorPageProcessor.java:84)- 《约定爱》在作者表中增添成功
2018-02-15 20:55:48,433 INFO (AuthorPageProcessor.java:84)- 《黄昏战记》在作者表中增添成功
2018-02-15 20:55:49,570 INFO (AuthorPageProcessor.java:84)- 《未曾繁茂的世界之树》在作者表中增添成功
2018-02-15 20:55:51,196 INFO (AuthorPageProcessor.java:84)- 《逃避可耻但在异世界却很有用》在作者表中增添成功
2018-02-15 20:55:53,358 INFO (AuthorPageProcessor.java:84)- 《论哈士奇对异世的贡献》在作者表中增添成功
2018-02-15 20:55:54,428 INFO (AuthorPageProcessor.java:84)- 《与末代公主咏唱生命之歌》在作者表中增添成功
2018-02-15 20:55:54,727 INFO (AuthorPageProcessor.java:84)- 《转生成萝莉后沦为妹妹的私有玩物》在作者表中增添成功
2018-02-15 20:55:57,982 INFO (AuthorPageProcessor.java:84)- 《SSS级的教廷杂役》在作者表中增添成功
2018-02-15 20:56:00,404 INFO (AuthorPageProcessor.java:84)- 《平凡的我不可能是最强杀手》在作者表中增添成功
2018-02-15 20:56:01,056 INFO (AuthorPageProcessor.java:84)- 《不小心弑了神该怎么办》在作者表中增添成功
2018-02-15 20:56:01,416 INFO (AuthorPageProcessor.java:84)- 《空想兵器X战斗妖精》在作者表中增添成功
2018-02-15 20:56:01,835 INFO (AuthorPageProcessor.java:84)- 《本武神就要这个人偶女仆当老婆》在作者表中增添成功
2018-02-15 20:56:02,316 INFO (AuthorPageProcessor.java:84)- 《身为战神的我却沦为公主侍卫》在作者表中增添成功
2018-02-15 20:56:04,632 INFO (AuthorPageProcessor.java:84)- 《寻路人》在作者表中增添成功
2018-02-15 20:56:07,747 INFO (AuthorPageProcessor.java:84)- 《性冷淡的我才不想与她同居》在作者表中增添成功
2018-02-15 20:56:08,231 INFO (AuthorPageProcessor.java:84)- 《我朋友怎么都变成女孩子了》在作者表中增添成功
2018-02-15 20:56:08,941 INFO (AuthorPageProcessor.java:84)- 《神祗活在异世界》在作者表中增添成功
2018-02-15 20:56:09,125 INFO (AuthorPageProcessor.java:84)- 《最强裂神者是性格恶劣贫乳美少女》在作者表中增添成功
2018-02-15 20:56:18,288 INFO (AuthorPageProcessor.java:84)- 《异色调的魔女遗产杀人事件簿》在作者表中增添成功
2018-02-15 20:56:18,408 INFO (AuthorPageProcessor.java:84)- 《洪荒古神一个妖族的故事》在作者表中增添成功
2018-02-15 20:56:21,875 INFO (AuthorPageProcessor.java:84)- 《用MC拯救世界》在作者表中增添成功
2018-02-15 20:56:23,277 INFO (AuthorPageProcessor.java:84)- 《我们的缘我们的爱》在作者表中增添成功
2018-02-15 20:56:23,456 INFO (AuthorPageProcessor.java:84)- 《穿越的我变成永生最强然后变身》在作者表中增添成功
2018-02-15 20:56:27,078 INFO (AuthorPageProcessor.java:84)- 《神罚丶》在作者表中增添成功
2018-02-15 20:56:32,579 INFO (AuthorPageProcessor.java:84)- 《世界的隔阂不妨碍我的爱与友谊》在作者表中增添成功
2018-02-15 20:56:35,299 INFO (AuthorPageProcessor.java:84)- 《平行世界的奇妙冒险》在作者表中增添成功
2018-02-15 20:56:35,713 INFO (AuthorPageProcessor.java:84)- 《成为我的奴隶吧龙王》在作者表中增添成功
2018-02-15 20:56:46,453 INFO (AuthorPageProcessor.java:84)- 《穿越于枪械纪元的我》在作者表中增添成功
2018-02-15 20:56:48,188 INFO (AuthorPageProcessor.java:84)- 《老师能不能别拒绝》在作者表中增添成功
2018-02-15 20:56:50,903 INFO (AuthorPageProcessor.java:84)- 《他是爱我的》在作者表中增添成功
2018-02-15 20:56:53,326 INFO (AuthorPageProcessor.java:84)- 《我的妹妹不可能是个变态》在作者表中增添成功
2018-02-15 20:56:54,183 INFO (AuthorPageProcessor.java:84)- 《灰界余烬》在作者表中增添成功
2018-02-15 20:56:55,669 INFO (AuthorPageProcessor.java:84)- 《温暖旧时光》在作者表中增添成功
2018-02-15 20:57:00,877 INFO (AuthorPageProcessor.java:84)- 《女王大人想当我的未婚妻》在作者表中增添成功
2018-02-15 20:57:03,493 INFO (AuthorPageProcessor.java:84)- 《人间不梦》在作者表中增添成功
2018-02-15 20:57:06,865 INFO (AuthorPageProcessor.java:84)- 《在三星闪耀的苍穹之下》在作者表中增添成功
2018-02-15 20:57:09,003 INFO (AuthorPageProcessor.java:84)- 《milaSIura》在作者表中增添成功
2018-02-15 20:57:17,170 INFO (AuthorPageProcessor.java:84)- 《来到异世界的我和大小姐结婚了》在作者表中增添成功
2018-02-15 20:57:17,670 INFO (AuthorPageProcessor.java:84)- 《最强法王不可能是女生》在作者表中增添成功
2018-02-15 20:57:24,077 INFO (AuthorPageProcessor.java:84)- 《宅男女仆与也不算很恐怖的世界》在作者表中增添成功
2018-02-15 20:57:39,240 INFO (AuthorPageProcessor.java:84)- 《怪物之境》在作者表中增添成功
2018-02-15 20:58:05,100 INFO (AuthorPageProcessor.java:84)- 《浸染疯狂》在作者表中增添成功
2018-02-15 20:58:06,289 INFO (AuthorPageProcessor.java:84)- 《我和青梅竹马一起撩妹的日常》在作者表中增添成功
2018-02-15 20:58:22,054 INFO (AuthorPageProcessor.java:84)- 《世纪末的极盗者》在作者表中增添成功
2018-02-15 20:58:26,775 INFO (AuthorPageProcessor.java:84)- 《刀剑神域血色之忆》在作者表中增添成功
2018-02-15 20:58:32,753 INFO (AuthorPageProcessor.java:84)- 《Miesiya短篇恐怖故事集》在作者表中增添成功
2018-02-15 20:58:46,028 INFO (AuthorPageProcessor.java:84)- 《穷乡僻壤里的NPC》在作者表中增添成功
2018-02-15 20:58:53,254 INFO (AuthorPageProcessor.java:84)- 《从死亡到死亡》在作者表中增添成功
2018-02-15 20:59:02,767 INFO (AuthorPageProcessor.java:84)- 《樱野弥华》在作者表中增添成功
2018-02-15 20:59:06,472 INFO (AuthorPageProcessor.java:84)- 《光晕破碎循环》在作者表中增添成功
2018-02-15 21:01:21,933 INFO (ReptileImpl.java:123)- 10根线程,SF作者全部爬取花费时间为：6491514毫秒
2018-02-15 21:29:00,314 INFO (StartupInfoLogger.java:48)- Starting ApplicationTests on PRC-20170528YEV with PID 7140 (started by Administrator in F:\working\Spider)
2018-02-15 21:29:00,328 INFO (SpringApplication.java:593)- No active profile set, falling back to default profiles: default
2018-02-15 21:29:10,599 INFO (StartupInfoLogger.java:57)- Started ApplicationTests in 11.469 seconds (JVM running for 14.334)
2018-02-15 21:33:39,088 INFO (ReptileImpl.java:93)- 15根线程,书籍全部爬取花费时间为：264114毫秒
2018-02-15 23:47:22,403 INFO (StartupInfoLogger.java:48)- Starting ApplicationTests on PRC-20170528YEV with PID 5904 (started by Administrator in F:\working\Spider)
2018-02-15 23:47:22,410 INFO (SpringApplication.java:593)- No active profile set, falling back to default profiles: default
2018-02-15 23:47:28,787 INFO (StartupInfoLogger.java:57)- Started ApplicationTests in 7.099 seconds (JVM running for 8.405)
2018-02-15 23:47:38,149 INFO (StartupInfoLogger.java:48)- Starting SpiderApplicationTests on PRC-20170528YEV with PID 5904 (started by Administrator in F:\working\Spider)
2018-02-15 23:47:38,150 INFO (SpringApplication.java:593)- No active profile set, falling back to default profiles: default
2018-02-15 23:47:40,781 INFO (StartupInfoLogger.java:57)- Started SpiderApplicationTests in 2.745 seconds (JVM running for 20.398)
